2018-09-01 14:35:45,676 INFO  - MaterializeWorkflowDescriptorActor [UUID(8f3f9fbb)]: Parsing workflow as WDL draft-2
2018-09-01 14:36:04,977 INFO  - MaterializeWorkflowDescriptorActor [UUID(8f3f9fbb)]: Call-to-Backend assignments: atac.idr -> Local, atac.xcor -> Local, atac.ataqc -> Local, atac.bowtie2 -> Local, atac.macs2_ppr2 -> Local, atac.macs2_ppr1 -> Local, atac.macs2_pooled -> Local, atac.bam2ta -> Local, atac.macs2_pr1 -> Local, atac.macs2 -> Local, atac.overlap_pr -> Local, atac.macs2_pr2 -> Local, atac.reproducibility_idr -> Local, atac.pool_ta_pr2 -> Local, atac.spr -> Local, atac.trim_adapter -> Local, atac.idr_ppr -> Local, atac.qc_report -> Local, atac.overlap -> Local, atac.reproducibility_overlap -> Local, atac.pool_ta_pr1 -> Local, atac.read_genome_tsv -> Local, atac.pool_ta -> Local, atac.overlap_ppr -> Local, atac.filter -> Local, atac.idr_pr -> Local
2018-09-01 14:36:05,200 WARN  - Local [UUID(8f3f9fbb)]: Key/s [cpu, memory, time, disks] is/are not supported by backend. Unsupported attributes will not be part of job executions.
2018-09-01 14:36:05,201 WARN  - Local [UUID(8f3f9fbb)]: Key/s [cpu, memory, time, disks] is/are not supported by backend. Unsupported attributes will not be part of job executions.
2018-09-01 14:36:05,201 WARN  - Local [UUID(8f3f9fbb)]: Key/s [cpu, memory, time, disks] is/are not supported by backend. Unsupported attributes will not be part of job executions.
2018-09-01 14:36:05,202 WARN  - Local [UUID(8f3f9fbb)]: Key/s [preemptible, disks, cpu, time, memory] is/are not supported by backend. Unsupported attributes will not be part of job executions.
2018-09-01 14:36:05,202 WARN  - Local [UUID(8f3f9fbb)]: Key/s [cpu, memory, time, disks] is/are not supported by backend. Unsupported attributes will not be part of job executions.
2018-09-01 14:36:05,202 WARN  - Local [UUID(8f3f9fbb)]: Key/s [cpu, memory, time, disks] is/are not supported by backend. Unsupported attributes will not be part of job executions.
2018-09-01 14:36:05,202 WARN  - Local [UUID(8f3f9fbb)]: Key/s [cpu, memory, time, disks] is/are not supported by backend. Unsupported attributes will not be part of job executions.
2018-09-01 14:36:05,202 WARN  - Local [UUID(8f3f9fbb)]: Key/s [cpu, memory, time, disks] is/are not supported by backend. Unsupported attributes will not be part of job executions.
2018-09-01 14:36:05,202 WARN  - Local [UUID(8f3f9fbb)]: Key/s [cpu, memory, time, disks] is/are not supported by backend. Unsupported attributes will not be part of job executions.
2018-09-01 14:36:05,203 WARN  - Local [UUID(8f3f9fbb)]: Key/s [cpu, memory, time, disks] is/are not supported by backend. Unsupported attributes will not be part of job executions.
2018-09-01 14:36:05,203 WARN  - Local [UUID(8f3f9fbb)]: Key/s [cpu, memory, time, disks] is/are not supported by backend. Unsupported attributes will not be part of job executions.
2018-09-01 14:36:05,203 WARN  - Local [UUID(8f3f9fbb)]: Key/s [cpu, memory, time, disks] is/are not supported by backend. Unsupported attributes will not be part of job executions.
2018-09-01 14:36:05,203 WARN  - Local [UUID(8f3f9fbb)]: Key/s [cpu, memory, time, disks] is/are not supported by backend. Unsupported attributes will not be part of job executions.
2018-09-01 14:36:05,203 WARN  - Local [UUID(8f3f9fbb)]: Key/s [cpu, memory, time, disks] is/are not supported by backend. Unsupported attributes will not be part of job executions.
2018-09-01 14:36:05,203 WARN  - Local [UUID(8f3f9fbb)]: Key/s [cpu, memory, time, disks] is/are not supported by backend. Unsupported attributes will not be part of job executions.
2018-09-01 14:36:05,204 WARN  - Local [UUID(8f3f9fbb)]: Key/s [cpu, memory, time, disks] is/are not supported by backend. Unsupported attributes will not be part of job executions.
2018-09-01 14:36:05,204 WARN  - Local [UUID(8f3f9fbb)]: Key/s [cpu, memory, time, disks] is/are not supported by backend. Unsupported attributes will not be part of job executions.
2018-09-01 14:36:05,205 WARN  - Local [UUID(8f3f9fbb)]: Key/s [cpu, memory, time, disks] is/are not supported by backend. Unsupported attributes will not be part of job executions.
2018-09-01 14:36:05,300 WARN  - Local [UUID(8f3f9fbb)]: Key/s [cpu, memory, time, disks] is/are not supported by backend. Unsupported attributes will not be part of job executions.
2018-09-01 14:36:05,300 WARN  - Local [UUID(8f3f9fbb)]: Key/s [cpu, memory, time, disks] is/are not supported by backend. Unsupported attributes will not be part of job executions.
2018-09-01 14:36:05,301 WARN  - Local [UUID(8f3f9fbb)]: Key/s [cpu, memory, time, disks] is/are not supported by backend. Unsupported attributes will not be part of job executions.
2018-09-01 14:36:05,301 WARN  - Local [UUID(8f3f9fbb)]: Key/s [cpu, memory, time, disks] is/are not supported by backend. Unsupported attributes will not be part of job executions.
2018-09-01 14:36:05,301 WARN  - Local [UUID(8f3f9fbb)]: Key/s [cpu, memory, time, disks] is/are not supported by backend. Unsupported attributes will not be part of job executions.
2018-09-01 14:36:05,301 WARN  - Local [UUID(8f3f9fbb)]: Key/s [cpu, memory, time, disks] is/are not supported by backend. Unsupported attributes will not be part of job executions.
2018-09-01 14:36:05,302 WARN  - Local [UUID(8f3f9fbb)]: Key/s [cpu, memory, time, disks] is/are not supported by backend. Unsupported attributes will not be part of job executions.
2018-09-01 14:36:05,302 WARN  - Local [UUID(8f3f9fbb)]: Key/s [cpu, memory, time, disks] is/are not supported by backend. Unsupported attributes will not be part of job executions.
2018-09-01 14:36:07,968 INFO  - WorkflowExecutionActor-8f3f9fbb-168e-4e00-b4f2-69560c9ab089 [UUID(8f3f9fbb)]: Starting atac.read_genome_tsv
2018-09-01 14:36:07,970 INFO  - WorkflowExecutionActor-8f3f9fbb-168e-4e00-b4f2-69560c9ab089 [UUID(8f3f9fbb)]: Condition met: '!align_only && !true_rep_only'. Running conditional section
2018-09-01 14:36:07,972 INFO  - WorkflowExecutionActor-8f3f9fbb-168e-4e00-b4f2-69560c9ab089 [UUID(8f3f9fbb)]: Condition met: '!align_only && !true_rep_only && enable_idr'. Running conditional section
2018-09-01 14:36:07,973 INFO  - WorkflowExecutionActor-8f3f9fbb-168e-4e00-b4f2-69560c9ab089 [UUID(8f3f9fbb)]: Condition met: '!true_rep_only'. Running conditional section
2018-09-01 14:36:07,973 INFO  - WorkflowExecutionActor-8f3f9fbb-168e-4e00-b4f2-69560c9ab089 [UUID(8f3f9fbb)]: Condition met: 'enable_idr'. Running conditional section
2018-09-01 14:36:07,973 INFO  - WorkflowExecutionActor-8f3f9fbb-168e-4e00-b4f2-69560c9ab089 [UUID(8f3f9fbb)]: Condition met: '!disable_xcor'. Running conditional section
2018-09-01 14:36:07,996 INFO  - WorkflowExecutionActor-8f3f9fbb-168e-4e00-b4f2-69560c9ab089 [UUID(8f3f9fbb)]: Condition met: 'enable_idr'. Running conditional section
2018-09-01 14:36:08,465 WARN  - BackgroundConfigAsyncJobExecutionActor [UUID(8f3f9fbb)atac.read_genome_tsv:NA:1]: Unrecognized runtime attribute keys: disks, cpu, time, memory
2018-09-01 14:36:09,455 INFO  - BackgroundConfigAsyncJobExecutionActor [UUID(8f3f9fbb)atac.read_genome_tsv:NA:1]: `cat /users/xli6/scripts/atacseq/atac_durga/cromwell-executions/atac/8f3f9fbb-168e-4e00-b4f2-69560c9ab089/call-read_genome_tsv/inputs/1482462591/Rnor6.tsv`
2018-09-01 14:36:09,505 INFO  - BackgroundConfigAsyncJobExecutionActor [UUID(8f3f9fbb)atac.read_genome_tsv:NA:1]: executing: /bin/bash /users/xli6/scripts/atacseq/atac_durga/cromwell-executions/atac/8f3f9fbb-168e-4e00-b4f2-69560c9ab089/call-read_genome_tsv/execution/script
2018-09-01 14:36:12,356 INFO  - WorkflowExecutionActor-8f3f9fbb-168e-4e00-b4f2-69560c9ab089 [UUID(8f3f9fbb)]: Starting atac.trim_adapter
2018-09-01 14:36:13,334 WARN  - BackgroundConfigAsyncJobExecutionActor [UUID(8f3f9fbb)atac.trim_adapter:0:1]: Unrecognized runtime attribute keys: disks, cpu, time, memory
2018-09-01 14:36:13,376 INFO  - BackgroundConfigAsyncJobExecutionActor [UUID(8f3f9fbb)atac.trim_adapter:0:1]: `python $(which encode_trim_adapter.py) \
	/users/xli6/scripts/atacseq/atac_durga/cromwell-executions/atac/8f3f9fbb-168e-4e00-b4f2-69560c9ab089/call-trim_adapter/shard-0/execution/write_tsv_d0d177e26cd25cf90d34fd036d6be21a.tmp \
	--adapters /users/xli6/scripts/atacseq/atac_durga/cromwell-executions/atac/8f3f9fbb-168e-4e00-b4f2-69560c9ab089/call-trim_adapter/shard-0/execution/write_tsv_d41d8cd98f00b204e9800998ecf8427e.tmp \
	--paired-end \
	--auto-detect-adapter \
	--min-trim-len 5 \
	--err-rate 0.1 \
	--nth 1`
2018-09-01 14:36:13,382 INFO  - BackgroundConfigAsyncJobExecutionActor [UUID(8f3f9fbb)atac.trim_adapter:0:1]: executing: /bin/bash /users/xli6/scripts/atacseq/atac_durga/cromwell-executions/atac/8f3f9fbb-168e-4e00-b4f2-69560c9ab089/call-trim_adapter/shard-0/execution/script
2018-09-01 14:36:13,807 INFO  - BackgroundConfigAsyncJobExecutionActor [UUID(8f3f9fbb)atac.read_genome_tsv:NA:1]: job id: 38207
2018-09-01 14:36:13,808 INFO  - BackgroundConfigAsyncJobExecutionActor [UUID(8f3f9fbb)atac.trim_adapter:0:1]: job id: 38488
2018-09-01 14:36:13,811 INFO  - BackgroundConfigAsyncJobExecutionActor [UUID(8f3f9fbb)atac.trim_adapter:0:1]: Status change from - to WaitingForReturnCodeFile
2018-09-01 14:36:13,811 INFO  - BackgroundConfigAsyncJobExecutionActor [UUID(8f3f9fbb)atac.read_genome_tsv:NA:1]: Status change from - to Done
2018-09-01 15:10:33,925 INFO  - BackgroundConfigAsyncJobExecutionActor [UUID(8f3f9fbb)atac.trim_adapter:0:1]: Status change from WaitingForReturnCodeFile to Done
2018-09-01 15:10:35,816 INFO  - WorkflowExecutionActor-8f3f9fbb-168e-4e00-b4f2-69560c9ab089 [UUID(8f3f9fbb)]: Starting atac.bowtie2
2018-09-01 15:10:36,345 WARN  - BackgroundConfigAsyncJobExecutionActor [UUID(8f3f9fbb)atac.bowtie2:0:1]: Unrecognized runtime attribute keys: preemptible, disks, cpu, time, memory
2018-09-01 15:10:36,371 INFO  - BackgroundConfigAsyncJobExecutionActor [UUID(8f3f9fbb)atac.bowtie2:0:1]: `python $(which encode_bowtie2.py) \
	/users/xli6/scripts/atacseq/atac_durga/cromwell-executions/atac/8f3f9fbb-168e-4e00-b4f2-69560c9ab089/call-bowtie2/shard-0/inputs/1039591591/Rattus_norvegicus.Rnor_6.0.dna.toplevel.fa.tar \
	/users/xli6/scripts/atacseq/atac_durga/cromwell-executions/atac/8f3f9fbb-168e-4e00-b4f2-69560c9ab089/call-bowtie2/shard-0/inputs/-1155059483/merge_fastqs_R1_20180815-14-Adipose-002-powder_S14_L001_R1_001.trim.merged.fastq.gz /users/xli6/scripts/atacseq/atac_durga/cromwell-executions/atac/8f3f9fbb-168e-4e00-b4f2-69560c9ab089/call-bowtie2/shard-0/inputs/-1155059483/merge_fastqs_R2_20180815-14-Adipose-002-powder_S14_L001_R2_001.trim.merged.fastq.gz \
	--paired-end \
	--multimapping 4 \
	 \
	--nth 2`
2018-09-01 15:10:36,394 INFO  - BackgroundConfigAsyncJobExecutionActor [UUID(8f3f9fbb)atac.bowtie2:0:1]: executing: /bin/bash /users/xli6/scripts/atacseq/atac_durga/cromwell-executions/atac/8f3f9fbb-168e-4e00-b4f2-69560c9ab089/call-bowtie2/shard-0/execution/script
2018-09-01 15:10:38,810 INFO  - BackgroundConfigAsyncJobExecutionActor [UUID(8f3f9fbb)atac.bowtie2:0:1]: job id: 42865
2018-09-01 15:10:38,811 INFO  - BackgroundConfigAsyncJobExecutionActor [UUID(8f3f9fbb)atac.bowtie2:0:1]: Status change from - to WaitingForReturnCodeFile
2018-09-01 21:18:44,064 INFO  - BackgroundConfigAsyncJobExecutionActor [UUID(8f3f9fbb)atac.bowtie2:0:1]: Status change from WaitingForReturnCodeFile to Done
2018-09-01 21:18:49,715 INFO  - WorkflowExecutionActor-8f3f9fbb-168e-4e00-b4f2-69560c9ab089 [UUID(8f3f9fbb)]: Starting atac.filter
2018-09-01 21:18:50,331 WARN  - BackgroundConfigAsyncJobExecutionActor [UUID(8f3f9fbb)atac.filter:0:1]: Unrecognized runtime attribute keys: disks, cpu, time, memory
2018-09-01 21:18:50,356 INFO  - BackgroundConfigAsyncJobExecutionActor [UUID(8f3f9fbb)atac.filter:0:1]: `python $(which encode_filter.py) \
	/users/xli6/scripts/atacseq/atac_durga/cromwell-executions/atac/8f3f9fbb-168e-4e00-b4f2-69560c9ab089/call-filter/shard-0/inputs/-616754524/20180815-14-Adipose-002-powder_S14_L001_R1_001.trim.merged.bam \
	--paired-end \
	--multimapping 4 \
	--dup-marker picard \
	--mapq-thresh 30 \
	 \
	--nth 1
# ugly part to deal with optional outputs with Google JES backend

touch null`
2018-09-01 21:18:50,374 INFO  - BackgroundConfigAsyncJobExecutionActor [UUID(8f3f9fbb)atac.filter:0:1]: executing: /bin/bash /users/xli6/scripts/atacseq/atac_durga/cromwell-executions/atac/8f3f9fbb-168e-4e00-b4f2-69560c9ab089/call-filter/shard-0/execution/script
2018-09-01 21:18:53,798 INFO  - BackgroundConfigAsyncJobExecutionActor [UUID(8f3f9fbb)atac.filter:0:1]: job id: 59798
2018-09-01 21:18:53,800 INFO  - BackgroundConfigAsyncJobExecutionActor [UUID(8f3f9fbb)atac.filter:0:1]: Status change from - to WaitingForReturnCodeFile
