2018-09-02 10:59:43,652 INFO  - MaterializeWorkflowDescriptorActor [UUID(eb1a3abb)]: Parsing workflow as WDL draft-2
2018-09-02 10:59:57,316 INFO  - MaterializeWorkflowDescriptorActor [UUID(eb1a3abb)]: Call-to-Backend assignments: atac.trim_adapter -> Local, atac.overlap -> Local, atac.pool_ta_pr2 -> Local, atac.idr -> Local, atac.ataqc -> Local, atac.reproducibility_idr -> Local, atac.pool_ta_pr1 -> Local, atac.macs2 -> Local, atac.idr_ppr -> Local, atac.overlap_pr -> Local, atac.qc_report -> Local, atac.spr -> Local, atac.overlap_ppr -> Local, atac.macs2_pr2 -> Local, atac.xcor -> Local, atac.macs2_pooled -> Local, atac.reproducibility_overlap -> Local, atac.macs2_ppr1 -> Local, atac.read_genome_tsv -> Local, atac.pool_ta -> Local, atac.bam2ta -> Local, atac.bowtie2 -> Local, atac.macs2_pr1 -> Local, atac.macs2_ppr2 -> Local, atac.idr_pr -> Local, atac.filter -> Local
2018-09-02 10:59:57,437 WARN  - Local [UUID(eb1a3abb)]: Key/s [cpu, memory, time, disks] is/are not supported by backend. Unsupported attributes will not be part of job executions.
2018-09-02 10:59:57,453 WARN  - Local [UUID(eb1a3abb)]: Key/s [cpu, memory, time, disks] is/are not supported by backend. Unsupported attributes will not be part of job executions.
2018-09-02 10:59:57,453 WARN  - Local [UUID(eb1a3abb)]: Key/s [cpu, memory, time, disks] is/are not supported by backend. Unsupported attributes will not be part of job executions.
2018-09-02 10:59:57,454 WARN  - Local [UUID(eb1a3abb)]: Key/s [cpu, memory, time, disks] is/are not supported by backend. Unsupported attributes will not be part of job executions.
2018-09-02 10:59:57,454 WARN  - Local [UUID(eb1a3abb)]: Key/s [cpu, memory, time, disks] is/are not supported by backend. Unsupported attributes will not be part of job executions.
2018-09-02 10:59:57,454 WARN  - Local [UUID(eb1a3abb)]: Key/s [cpu, memory, time, disks] is/are not supported by backend. Unsupported attributes will not be part of job executions.
2018-09-02 10:59:57,454 WARN  - Local [UUID(eb1a3abb)]: Key/s [cpu, memory, time, disks] is/are not supported by backend. Unsupported attributes will not be part of job executions.
2018-09-02 10:59:57,454 WARN  - Local [UUID(eb1a3abb)]: Key/s [cpu, memory, time, disks] is/are not supported by backend. Unsupported attributes will not be part of job executions.
2018-09-02 10:59:57,454 WARN  - Local [UUID(eb1a3abb)]: Key/s [cpu, memory, time, disks] is/are not supported by backend. Unsupported attributes will not be part of job executions.
2018-09-02 10:59:57,454 WARN  - Local [UUID(eb1a3abb)]: Key/s [cpu, memory, time, disks] is/are not supported by backend. Unsupported attributes will not be part of job executions.
2018-09-02 10:59:57,455 WARN  - Local [UUID(eb1a3abb)]: Key/s [cpu, memory, time, disks] is/are not supported by backend. Unsupported attributes will not be part of job executions.
2018-09-02 10:59:57,455 WARN  - Local [UUID(eb1a3abb)]: Key/s [cpu, memory, time, disks] is/are not supported by backend. Unsupported attributes will not be part of job executions.
2018-09-02 10:59:57,455 WARN  - Local [UUID(eb1a3abb)]: Key/s [cpu, memory, time, disks] is/are not supported by backend. Unsupported attributes will not be part of job executions.
2018-09-02 10:59:57,456 WARN  - Local [UUID(eb1a3abb)]: Key/s [cpu, memory, time, disks] is/are not supported by backend. Unsupported attributes will not be part of job executions.
2018-09-02 10:59:57,456 WARN  - Local [UUID(eb1a3abb)]: Key/s [cpu, memory, time, disks] is/are not supported by backend. Unsupported attributes will not be part of job executions.
2018-09-02 10:59:57,456 WARN  - Local [UUID(eb1a3abb)]: Key/s [cpu, memory, time, disks] is/are not supported by backend. Unsupported attributes will not be part of job executions.
2018-09-02 10:59:57,456 WARN  - Local [UUID(eb1a3abb)]: Key/s [cpu, memory, time, disks] is/are not supported by backend. Unsupported attributes will not be part of job executions.
2018-09-02 10:59:57,457 WARN  - Local [UUID(eb1a3abb)]: Key/s [cpu, memory, time, disks] is/are not supported by backend. Unsupported attributes will not be part of job executions.
2018-09-02 10:59:57,457 WARN  - Local [UUID(eb1a3abb)]: Key/s [cpu, memory, time, disks] is/are not supported by backend. Unsupported attributes will not be part of job executions.
2018-09-02 10:59:57,457 WARN  - Local [UUID(eb1a3abb)]: Key/s [cpu, memory, time, disks] is/are not supported by backend. Unsupported attributes will not be part of job executions.
2018-09-02 10:59:57,457 WARN  - Local [UUID(eb1a3abb)]: Key/s [cpu, memory, time, disks] is/are not supported by backend. Unsupported attributes will not be part of job executions.
2018-09-02 10:59:57,458 WARN  - Local [UUID(eb1a3abb)]: Key/s [preemptible, disks, cpu, time, memory] is/are not supported by backend. Unsupported attributes will not be part of job executions.
2018-09-02 10:59:57,462 WARN  - Local [UUID(eb1a3abb)]: Key/s [cpu, memory, time, disks] is/are not supported by backend. Unsupported attributes will not be part of job executions.
2018-09-02 10:59:57,463 WARN  - Local [UUID(eb1a3abb)]: Key/s [cpu, memory, time, disks] is/are not supported by backend. Unsupported attributes will not be part of job executions.
2018-09-02 10:59:57,463 WARN  - Local [UUID(eb1a3abb)]: Key/s [cpu, memory, time, disks] is/are not supported by backend. Unsupported attributes will not be part of job executions.
2018-09-02 10:59:57,463 WARN  - Local [UUID(eb1a3abb)]: Key/s [cpu, memory, time, disks] is/are not supported by backend. Unsupported attributes will not be part of job executions.
2018-09-02 10:59:59,747 INFO  - WorkflowExecutionActor-eb1a3abb-a701-4416-a2a6-e27da94fd79b [UUID(eb1a3abb)]: Starting atac.read_genome_tsv
2018-09-02 10:59:59,748 INFO  - WorkflowExecutionActor-eb1a3abb-a701-4416-a2a6-e27da94fd79b [UUID(eb1a3abb)]: Condition met: '!align_only && !true_rep_only && enable_idr'. Running conditional section
2018-09-02 10:59:59,751 INFO  - WorkflowExecutionActor-eb1a3abb-a701-4416-a2a6-e27da94fd79b [UUID(eb1a3abb)]: Condition met: 'enable_idr'. Running conditional section
2018-09-02 10:59:59,751 INFO  - WorkflowExecutionActor-eb1a3abb-a701-4416-a2a6-e27da94fd79b [UUID(eb1a3abb)]: Condition met: '!true_rep_only'. Running conditional section
2018-09-02 10:59:59,751 INFO  - WorkflowExecutionActor-eb1a3abb-a701-4416-a2a6-e27da94fd79b [UUID(eb1a3abb)]: Condition met: '!align_only && !true_rep_only'. Running conditional section
2018-09-02 10:59:59,765 INFO  - WorkflowExecutionActor-eb1a3abb-a701-4416-a2a6-e27da94fd79b [UUID(eb1a3abb)]: Condition met: '!disable_xcor'. Running conditional section
2018-09-02 10:59:59,767 INFO  - WorkflowExecutionActor-eb1a3abb-a701-4416-a2a6-e27da94fd79b [UUID(eb1a3abb)]: Condition met: 'enable_idr'. Running conditional section
2018-09-02 11:00:00,364 WARN  - BackgroundConfigAsyncJobExecutionActor [UUID(eb1a3abb)atac.read_genome_tsv:NA:1]: Unrecognized runtime attribute keys: disks, cpu, time, memory
2018-09-02 11:00:00,868 INFO  - BackgroundConfigAsyncJobExecutionActor [UUID(eb1a3abb)atac.read_genome_tsv:NA:1]: `cat /users/xli6/scripts/atacseq/atac_durga/cromwell-executions/atac/eb1a3abb-a701-4416-a2a6-e27da94fd79b/call-read_genome_tsv/inputs/879136058/rn6.tsv`
2018-09-02 11:00:00,925 INFO  - BackgroundConfigAsyncJobExecutionActor [UUID(eb1a3abb)atac.read_genome_tsv:NA:1]: executing: /bin/bash /users/xli6/scripts/atacseq/atac_durga/cromwell-executions/atac/eb1a3abb-a701-4416-a2a6-e27da94fd79b/call-read_genome_tsv/execution/script
2018-09-02 11:00:01,487 INFO  - BackgroundConfigAsyncJobExecutionActor [UUID(eb1a3abb)atac.read_genome_tsv:NA:1]: job id: 84164
2018-09-02 11:00:01,491 INFO  - BackgroundConfigAsyncJobExecutionActor [UUID(eb1a3abb)atac.read_genome_tsv:NA:1]: Status change from - to Done
2018-09-02 11:00:03,864 INFO  - WorkflowExecutionActor-eb1a3abb-a701-4416-a2a6-e27da94fd79b [UUID(eb1a3abb)]: Starting atac.trim_adapter
2018-09-02 11:00:04,236 WARN  - BackgroundConfigAsyncJobExecutionActor [UUID(eb1a3abb)atac.trim_adapter:0:1]: Unrecognized runtime attribute keys: disks, cpu, time, memory
2018-09-02 11:00:04,281 INFO  - BackgroundConfigAsyncJobExecutionActor [UUID(eb1a3abb)atac.trim_adapter:0:1]: `python $(which encode_trim_adapter.py) \
	/users/xli6/scripts/atacseq/atac_durga/cromwell-executions/atac/eb1a3abb-a701-4416-a2a6-e27da94fd79b/call-trim_adapter/shard-0/execution/write_tsv_3836cd09b6e218eb4c539ab929a8400e.tmp \
	--adapters /users/xli6/scripts/atacseq/atac_durga/cromwell-executions/atac/eb1a3abb-a701-4416-a2a6-e27da94fd79b/call-trim_adapter/shard-0/execution/write_tsv_d41d8cd98f00b204e9800998ecf8427e.tmp \
	--paired-end \
	--auto-detect-adapter \
	--min-trim-len 5 \
	--err-rate 0.1 \
	--nth 1`
2018-09-02 11:00:04,287 INFO  - BackgroundConfigAsyncJobExecutionActor [UUID(eb1a3abb)atac.trim_adapter:0:1]: executing: /bin/bash /users/xli6/scripts/atacseq/atac_durga/cromwell-executions/atac/eb1a3abb-a701-4416-a2a6-e27da94fd79b/call-trim_adapter/shard-0/execution/script
2018-09-02 11:00:06,476 INFO  - BackgroundConfigAsyncJobExecutionActor [UUID(eb1a3abb)atac.trim_adapter:0:1]: job id: 84498
2018-09-02 11:00:06,477 INFO  - BackgroundConfigAsyncJobExecutionActor [UUID(eb1a3abb)atac.trim_adapter:0:1]: Status change from - to WaitingForReturnCodeFile
2018-09-02 11:30:17,103 INFO  - BackgroundConfigAsyncJobExecutionActor [UUID(eb1a3abb)atac.trim_adapter:0:1]: Status change from WaitingForReturnCodeFile to Done
2018-09-02 11:30:18,443 INFO  - WorkflowExecutionActor-eb1a3abb-a701-4416-a2a6-e27da94fd79b [UUID(eb1a3abb)]: Starting atac.bowtie2
2018-09-02 11:30:19,231 WARN  - BackgroundConfigAsyncJobExecutionActor [UUID(eb1a3abb)atac.bowtie2:0:1]: Unrecognized runtime attribute keys: preemptible, disks, cpu, time, memory
2018-09-02 11:30:19,246 INFO  - BackgroundConfigAsyncJobExecutionActor [UUID(eb1a3abb)atac.bowtie2:0:1]: `python $(which encode_bowtie2.py) \
	/users/xli6/scripts/atacseq/atac_durga/cromwell-executions/atac/eb1a3abb-a701-4416-a2a6-e27da94fd79b/call-bowtie2/shard-0/inputs/-2142767566/rn6.fa.tar \
	/users/xli6/scripts/atacseq/atac_durga/cromwell-executions/atac/eb1a3abb-a701-4416-a2a6-e27da94fd79b/call-bowtie2/shard-0/inputs/1964373579/merge_fastqs_R1_20180815-12-Lung-002-powder_S12_L001_R1_001.trim.merged.fastq.gz /users/xli6/scripts/atacseq/atac_durga/cromwell-executions/atac/eb1a3abb-a701-4416-a2a6-e27da94fd79b/call-bowtie2/shard-0/inputs/1964373579/merge_fastqs_R2_20180815-12-Lung-002-powder_S12_L001_R2_001.trim.merged.fastq.gz \
	--paired-end \
	--multimapping 4 \
	 \
	--nth 2`
2018-09-02 11:30:19,258 INFO  - BackgroundConfigAsyncJobExecutionActor [UUID(eb1a3abb)atac.bowtie2:0:1]: executing: /bin/bash /users/xli6/scripts/atacseq/atac_durga/cromwell-executions/atac/eb1a3abb-a701-4416-a2a6-e27da94fd79b/call-bowtie2/shard-0/execution/script
2018-09-02 11:30:21,476 INFO  - BackgroundConfigAsyncJobExecutionActor [UUID(eb1a3abb)atac.bowtie2:0:1]: job id: 87762
2018-09-02 11:30:21,477 INFO  - BackgroundConfigAsyncJobExecutionActor [UUID(eb1a3abb)atac.bowtie2:0:1]: Status change from - to WaitingForReturnCodeFile
