2018-09-02 10:59:43,067 INFO  - MaterializeWorkflowDescriptorActor [UUID(89879277)]: Parsing workflow as WDL draft-2
2018-09-02 10:59:57,300 INFO  - MaterializeWorkflowDescriptorActor [UUID(89879277)]: Call-to-Backend assignments: atac.macs2_pr1 -> Local, atac.macs2_pooled -> Local, atac.pool_ta_pr1 -> Local, atac.idr -> Local, atac.idr_ppr -> Local, atac.macs2 -> Local, atac.overlap -> Local, atac.reproducibility_overlap -> Local, atac.pool_ta_pr2 -> Local, atac.qc_report -> Local, atac.bowtie2 -> Local, atac.bam2ta -> Local, atac.filter -> Local, atac.spr -> Local, atac.overlap_ppr -> Local, atac.overlap_pr -> Local, atac.reproducibility_idr -> Local, atac.xcor -> Local, atac.trim_adapter -> Local, atac.read_genome_tsv -> Local, atac.macs2_pr2 -> Local, atac.ataqc -> Local, atac.idr_pr -> Local, atac.pool_ta -> Local, atac.macs2_ppr2 -> Local, atac.macs2_ppr1 -> Local
2018-09-02 10:59:57,421 WARN  - Local [UUID(89879277)]: Key/s [cpu, memory, time, disks] is/are not supported by backend. Unsupported attributes will not be part of job executions.
2018-09-02 10:59:57,421 WARN  - Local [UUID(89879277)]: Key/s [cpu, memory, time, disks] is/are not supported by backend. Unsupported attributes will not be part of job executions.
2018-09-02 10:59:57,422 WARN  - Local [UUID(89879277)]: Key/s [cpu, memory, time, disks] is/are not supported by backend. Unsupported attributes will not be part of job executions.
2018-09-02 10:59:57,422 WARN  - Local [UUID(89879277)]: Key/s [cpu, memory, time, disks] is/are not supported by backend. Unsupported attributes will not be part of job executions.
2018-09-02 10:59:57,422 WARN  - Local [UUID(89879277)]: Key/s [cpu, memory, time, disks] is/are not supported by backend. Unsupported attributes will not be part of job executions.
2018-09-02 10:59:57,436 WARN  - Local [UUID(89879277)]: Key/s [cpu, memory, time, disks] is/are not supported by backend. Unsupported attributes will not be part of job executions.
2018-09-02 10:59:57,437 WARN  - Local [UUID(89879277)]: Key/s [cpu, memory, time, disks] is/are not supported by backend. Unsupported attributes will not be part of job executions.
2018-09-02 10:59:57,437 WARN  - Local [UUID(89879277)]: Key/s [cpu, memory, time, disks] is/are not supported by backend. Unsupported attributes will not be part of job executions.
2018-09-02 10:59:57,437 WARN  - Local [UUID(89879277)]: Key/s [cpu, memory, time, disks] is/are not supported by backend. Unsupported attributes will not be part of job executions.
2018-09-02 10:59:57,437 WARN  - Local [UUID(89879277)]: Key/s [cpu, memory, time, disks] is/are not supported by backend. Unsupported attributes will not be part of job executions.
2018-09-02 10:59:57,437 WARN  - Local [UUID(89879277)]: Key/s [preemptible, disks, cpu, time, memory] is/are not supported by backend. Unsupported attributes will not be part of job executions.
2018-09-02 10:59:57,437 WARN  - Local [UUID(89879277)]: Key/s [cpu, memory, time, disks] is/are not supported by backend. Unsupported attributes will not be part of job executions.
2018-09-02 10:59:57,437 WARN  - Local [UUID(89879277)]: Key/s [cpu, memory, time, disks] is/are not supported by backend. Unsupported attributes will not be part of job executions.
2018-09-02 10:59:57,437 WARN  - Local [UUID(89879277)]: Key/s [cpu, memory, time, disks] is/are not supported by backend. Unsupported attributes will not be part of job executions.
2018-09-02 10:59:57,438 WARN  - Local [UUID(89879277)]: Key/s [cpu, memory, time, disks] is/are not supported by backend. Unsupported attributes will not be part of job executions.
2018-09-02 10:59:57,439 WARN  - Local [UUID(89879277)]: Key/s [cpu, memory, time, disks] is/are not supported by backend. Unsupported attributes will not be part of job executions.
2018-09-02 10:59:57,439 WARN  - Local [UUID(89879277)]: Key/s [cpu, memory, time, disks] is/are not supported by backend. Unsupported attributes will not be part of job executions.
2018-09-02 10:59:57,439 WARN  - Local [UUID(89879277)]: Key/s [cpu, memory, time, disks] is/are not supported by backend. Unsupported attributes will not be part of job executions.
2018-09-02 10:59:57,439 WARN  - Local [UUID(89879277)]: Key/s [cpu, memory, time, disks] is/are not supported by backend. Unsupported attributes will not be part of job executions.
2018-09-02 10:59:57,439 WARN  - Local [UUID(89879277)]: Key/s [cpu, memory, time, disks] is/are not supported by backend. Unsupported attributes will not be part of job executions.
2018-09-02 10:59:57,439 WARN  - Local [UUID(89879277)]: Key/s [cpu, memory, time, disks] is/are not supported by backend. Unsupported attributes will not be part of job executions.
2018-09-02 10:59:57,439 WARN  - Local [UUID(89879277)]: Key/s [cpu, memory, time, disks] is/are not supported by backend. Unsupported attributes will not be part of job executions.
2018-09-02 10:59:57,439 WARN  - Local [UUID(89879277)]: Key/s [cpu, memory, time, disks] is/are not supported by backend. Unsupported attributes will not be part of job executions.
2018-09-02 10:59:57,439 WARN  - Local [UUID(89879277)]: Key/s [cpu, memory, time, disks] is/are not supported by backend. Unsupported attributes will not be part of job executions.
2018-09-02 10:59:57,439 WARN  - Local [UUID(89879277)]: Key/s [cpu, memory, time, disks] is/are not supported by backend. Unsupported attributes will not be part of job executions.
2018-09-02 10:59:57,440 WARN  - Local [UUID(89879277)]: Key/s [cpu, memory, time, disks] is/are not supported by backend. Unsupported attributes will not be part of job executions.
2018-09-02 10:59:59,706 INFO  - WorkflowExecutionActor-89879277-c357-43ee-ab68-30940f090ccc [UUID(89879277)]: Starting atac.read_genome_tsv
2018-09-02 10:59:59,718 INFO  - WorkflowExecutionActor-89879277-c357-43ee-ab68-30940f090ccc [UUID(89879277)]: Condition met: 'enable_idr'. Running conditional section
2018-09-02 10:59:59,721 INFO  - WorkflowExecutionActor-89879277-c357-43ee-ab68-30940f090ccc [UUID(89879277)]: Condition met: '!align_only && !true_rep_only'. Running conditional section
2018-09-02 10:59:59,721 INFO  - WorkflowExecutionActor-89879277-c357-43ee-ab68-30940f090ccc [UUID(89879277)]: Condition met: '!disable_xcor'. Running conditional section
2018-09-02 10:59:59,721 INFO  - WorkflowExecutionActor-89879277-c357-43ee-ab68-30940f090ccc [UUID(89879277)]: Condition met: 'enable_idr'. Running conditional section
2018-09-02 10:59:59,721 INFO  - WorkflowExecutionActor-89879277-c357-43ee-ab68-30940f090ccc [UUID(89879277)]: Condition met: '!align_only && !true_rep_only && enable_idr'. Running conditional section
2018-09-02 10:59:59,722 INFO  - WorkflowExecutionActor-89879277-c357-43ee-ab68-30940f090ccc [UUID(89879277)]: Condition met: '!true_rep_only'. Running conditional section
2018-09-02 11:00:00,787 WARN  - BackgroundConfigAsyncJobExecutionActor [UUID(89879277)atac.read_genome_tsv:NA:1]: Unrecognized runtime attribute keys: disks, cpu, time, memory
2018-09-02 11:00:01,365 INFO  - BackgroundConfigAsyncJobExecutionActor [UUID(89879277)atac.read_genome_tsv:NA:1]: `cat /users/xli6/scripts/atacseq/atac_durga/cromwell-executions/atac/89879277-c357-43ee-ab68-30940f090ccc/call-read_genome_tsv/inputs/879136058/rn6.tsv`
2018-09-02 11:00:01,412 INFO  - BackgroundConfigAsyncJobExecutionActor [UUID(89879277)atac.read_genome_tsv:NA:1]: executing: /bin/bash /users/xli6/scripts/atacseq/atac_durga/cromwell-executions/atac/89879277-c357-43ee-ab68-30940f090ccc/call-read_genome_tsv/execution/script
2018-09-02 11:00:03,820 INFO  - WorkflowExecutionActor-89879277-c357-43ee-ab68-30940f090ccc [UUID(89879277)]: Starting atac.trim_adapter
2018-09-02 11:00:04,682 WARN  - BackgroundConfigAsyncJobExecutionActor [UUID(89879277)atac.trim_adapter:0:1]: Unrecognized runtime attribute keys: disks, cpu, time, memory
2018-09-02 11:00:04,716 INFO  - BackgroundConfigAsyncJobExecutionActor [UUID(89879277)atac.trim_adapter:0:1]: `python $(which encode_trim_adapter.py) \
	/users/xli6/scripts/atacseq/atac_durga/cromwell-executions/atac/89879277-c357-43ee-ab68-30940f090ccc/call-trim_adapter/shard-0/execution/write_tsv_633a375dd1591b19706ccc3c82965ae4.tmp \
	--adapters /users/xli6/scripts/atacseq/atac_durga/cromwell-executions/atac/89879277-c357-43ee-ab68-30940f090ccc/call-trim_adapter/shard-0/execution/write_tsv_d41d8cd98f00b204e9800998ecf8427e.tmp \
	--paired-end \
	--auto-detect-adapter \
	--min-trim-len 5 \
	--err-rate 0.1 \
	--nth 1`
2018-09-02 11:00:04,721 INFO  - BackgroundConfigAsyncJobExecutionActor [UUID(89879277)atac.trim_adapter:0:1]: executing: /bin/bash /users/xli6/scripts/atacseq/atac_durga/cromwell-executions/atac/89879277-c357-43ee-ab68-30940f090ccc/call-trim_adapter/shard-0/execution/script
2018-09-02 11:00:06,055 INFO  - BackgroundConfigAsyncJobExecutionActor [UUID(89879277)atac.trim_adapter:0:1]: job id: 84532
2018-09-02 11:00:06,055 INFO  - BackgroundConfigAsyncJobExecutionActor [UUID(89879277)atac.read_genome_tsv:NA:1]: job id: 84275
2018-09-02 11:00:06,060 INFO  - BackgroundConfigAsyncJobExecutionActor [UUID(89879277)atac.read_genome_tsv:NA:1]: Status change from - to Done
2018-09-02 11:00:06,060 INFO  - BackgroundConfigAsyncJobExecutionActor [UUID(89879277)atac.trim_adapter:0:1]: Status change from - to WaitingForReturnCodeFile
2018-09-02 11:42:17,758 INFO  - BackgroundConfigAsyncJobExecutionActor [UUID(89879277)atac.trim_adapter:0:1]: Status change from WaitingForReturnCodeFile to Done
2018-09-02 11:42:19,520 INFO  - WorkflowExecutionActor-89879277-c357-43ee-ab68-30940f090ccc [UUID(89879277)]: Starting atac.bowtie2
2018-09-02 11:42:19,674 WARN  - BackgroundConfigAsyncJobExecutionActor [UUID(89879277)atac.bowtie2:0:1]: Unrecognized runtime attribute keys: preemptible, disks, cpu, time, memory
2018-09-02 11:42:19,690 INFO  - BackgroundConfigAsyncJobExecutionActor [UUID(89879277)atac.bowtie2:0:1]: `python $(which encode_bowtie2.py) \
	/users/xli6/scripts/atacseq/atac_durga/cromwell-executions/atac/89879277-c357-43ee-ab68-30940f090ccc/call-bowtie2/shard-0/inputs/-2142767566/rn6.fa.tar \
	/users/xli6/scripts/atacseq/atac_durga/cromwell-executions/atac/89879277-c357-43ee-ab68-30940f090ccc/call-bowtie2/shard-0/inputs/47392757/merge_fastqs_R1_20180815-9-Heart-002-piece_S9_L001_R1_001.trim.merged.fastq.gz /users/xli6/scripts/atacseq/atac_durga/cromwell-executions/atac/89879277-c357-43ee-ab68-30940f090ccc/call-bowtie2/shard-0/inputs/47392757/merge_fastqs_R2_20180815-9-Heart-002-piece_S9_L001_R2_001.trim.merged.fastq.gz \
	--paired-end \
	--multimapping 4 \
	 \
	--nth 2`
2018-09-02 11:42:19,701 INFO  - BackgroundConfigAsyncJobExecutionActor [UUID(89879277)atac.bowtie2:0:1]: executing: /bin/bash /users/xli6/scripts/atacseq/atac_durga/cromwell-executions/atac/89879277-c357-43ee-ab68-30940f090ccc/call-bowtie2/shard-0/execution/script
2018-09-02 11:42:21,031 INFO  - BackgroundConfigAsyncJobExecutionActor [UUID(89879277)atac.bowtie2:0:1]: job id: 88429
2018-09-02 11:42:21,032 INFO  - BackgroundConfigAsyncJobExecutionActor [UUID(89879277)atac.bowtie2:0:1]: Status change from - to WaitingForReturnCodeFile
