2018-09-01 14:35:42,735 INFO  - MaterializeWorkflowDescriptorActor [UUID(8bba1be7)]: Parsing workflow as WDL draft-2
2018-09-01 14:36:03,551 INFO  - MaterializeWorkflowDescriptorActor [UUID(8bba1be7)]: Call-to-Backend assignments: atac.trim_adapter -> Local, atac.read_genome_tsv -> Local, atac.macs2 -> Local, atac.macs2_pr1 -> Local, atac.reproducibility_idr -> Local, atac.spr -> Local, atac.filter -> Local, atac.overlap -> Local, atac.overlap_pr -> Local, atac.macs2_ppr1 -> Local, atac.xcor -> Local, atac.pool_ta_pr1 -> Local, atac.idr_pr -> Local, atac.idr -> Local, atac.pool_ta_pr2 -> Local, atac.idr_ppr -> Local, atac.pool_ta -> Local, atac.macs2_ppr2 -> Local, atac.qc_report -> Local, atac.reproducibility_overlap -> Local, atac.bam2ta -> Local, atac.macs2_pr2 -> Local, atac.overlap_ppr -> Local, atac.macs2_pooled -> Local, atac.ataqc -> Local, atac.bowtie2 -> Local
2018-09-01 14:36:03,996 WARN  - Local [UUID(8bba1be7)]: Key/s [cpu, memory, time, disks] is/are not supported by backend. Unsupported attributes will not be part of job executions.
2018-09-01 14:36:03,998 WARN  - Local [UUID(8bba1be7)]: Key/s [cpu, memory, time, disks] is/are not supported by backend. Unsupported attributes will not be part of job executions.
2018-09-01 14:36:03,998 WARN  - Local [UUID(8bba1be7)]: Key/s [cpu, memory, time, disks] is/are not supported by backend. Unsupported attributes will not be part of job executions.
2018-09-01 14:36:03,998 WARN  - Local [UUID(8bba1be7)]: Key/s [cpu, memory, time, disks] is/are not supported by backend. Unsupported attributes will not be part of job executions.
2018-09-01 14:36:03,998 WARN  - Local [UUID(8bba1be7)]: Key/s [cpu, memory, time, disks] is/are not supported by backend. Unsupported attributes will not be part of job executions.
2018-09-01 14:36:03,998 WARN  - Local [UUID(8bba1be7)]: Key/s [cpu, memory, time, disks] is/are not supported by backend. Unsupported attributes will not be part of job executions.
2018-09-01 14:36:03,999 WARN  - Local [UUID(8bba1be7)]: Key/s [cpu, memory, time, disks] is/are not supported by backend. Unsupported attributes will not be part of job executions.
2018-09-01 14:36:03,999 WARN  - Local [UUID(8bba1be7)]: Key/s [cpu, memory, time, disks] is/are not supported by backend. Unsupported attributes will not be part of job executions.
2018-09-01 14:36:03,999 WARN  - Local [UUID(8bba1be7)]: Key/s [cpu, memory, time, disks] is/are not supported by backend. Unsupported attributes will not be part of job executions.
2018-09-01 14:36:03,999 WARN  - Local [UUID(8bba1be7)]: Key/s [cpu, memory, time, disks] is/are not supported by backend. Unsupported attributes will not be part of job executions.
2018-09-01 14:36:03,999 WARN  - Local [UUID(8bba1be7)]: Key/s [cpu, memory, time, disks] is/are not supported by backend. Unsupported attributes will not be part of job executions.
2018-09-01 14:36:03,999 WARN  - Local [UUID(8bba1be7)]: Key/s [cpu, memory, time, disks] is/are not supported by backend. Unsupported attributes will not be part of job executions.
2018-09-01 14:36:03,999 WARN  - Local [UUID(8bba1be7)]: Key/s [cpu, memory, time, disks] is/are not supported by backend. Unsupported attributes will not be part of job executions.
2018-09-01 14:36:04,000 WARN  - Local [UUID(8bba1be7)]: Key/s [cpu, memory, time, disks] is/are not supported by backend. Unsupported attributes will not be part of job executions.
2018-09-01 14:36:04,000 WARN  - Local [UUID(8bba1be7)]: Key/s [cpu, memory, time, disks] is/are not supported by backend. Unsupported attributes will not be part of job executions.
2018-09-01 14:36:04,000 WARN  - Local [UUID(8bba1be7)]: Key/s [cpu, memory, time, disks] is/are not supported by backend. Unsupported attributes will not be part of job executions.
2018-09-01 14:36:04,080 WARN  - Local [UUID(8bba1be7)]: Key/s [cpu, memory, time, disks] is/are not supported by backend. Unsupported attributes will not be part of job executions.
2018-09-01 14:36:04,080 WARN  - Local [UUID(8bba1be7)]: Key/s [cpu, memory, time, disks] is/are not supported by backend. Unsupported attributes will not be part of job executions.
2018-09-01 14:36:04,081 WARN  - Local [UUID(8bba1be7)]: Key/s [cpu, memory, time, disks] is/are not supported by backend. Unsupported attributes will not be part of job executions.
2018-09-01 14:36:04,081 WARN  - Local [UUID(8bba1be7)]: Key/s [cpu, memory, time, disks] is/are not supported by backend. Unsupported attributes will not be part of job executions.
2018-09-01 14:36:04,081 WARN  - Local [UUID(8bba1be7)]: Key/s [cpu, memory, time, disks] is/are not supported by backend. Unsupported attributes will not be part of job executions.
2018-09-01 14:36:04,081 WARN  - Local [UUID(8bba1be7)]: Key/s [cpu, memory, time, disks] is/are not supported by backend. Unsupported attributes will not be part of job executions.
2018-09-01 14:36:04,081 WARN  - Local [UUID(8bba1be7)]: Key/s [cpu, memory, time, disks] is/are not supported by backend. Unsupported attributes will not be part of job executions.
2018-09-01 14:36:04,081 WARN  - Local [UUID(8bba1be7)]: Key/s [cpu, memory, time, disks] is/are not supported by backend. Unsupported attributes will not be part of job executions.
2018-09-01 14:36:04,081 WARN  - Local [UUID(8bba1be7)]: Key/s [cpu, memory, time, disks] is/are not supported by backend. Unsupported attributes will not be part of job executions.
2018-09-01 14:36:04,082 WARN  - Local [UUID(8bba1be7)]: Key/s [preemptible, disks, cpu, time, memory] is/are not supported by backend. Unsupported attributes will not be part of job executions.
2018-09-01 14:36:07,188 INFO  - WorkflowExecutionActor-8bba1be7-bd48-42e2-8c8a-1e5cfff3e5a3 [UUID(8bba1be7)]: Starting atac.read_genome_tsv
2018-09-01 14:36:07,189 INFO  - WorkflowExecutionActor-8bba1be7-bd48-42e2-8c8a-1e5cfff3e5a3 [UUID(8bba1be7)]: Condition met: '!align_only && !true_rep_only'. Running conditional section
2018-09-01 14:36:07,193 INFO  - WorkflowExecutionActor-8bba1be7-bd48-42e2-8c8a-1e5cfff3e5a3 [UUID(8bba1be7)]: Condition met: '!disable_xcor'. Running conditional section
2018-09-01 14:36:07,194 INFO  - WorkflowExecutionActor-8bba1be7-bd48-42e2-8c8a-1e5cfff3e5a3 [UUID(8bba1be7)]: Condition met: '!align_only && !true_rep_only && enable_idr'. Running conditional section
2018-09-01 14:36:07,194 INFO  - WorkflowExecutionActor-8bba1be7-bd48-42e2-8c8a-1e5cfff3e5a3 [UUID(8bba1be7)]: Condition met: 'enable_idr'. Running conditional section
2018-09-01 14:36:07,195 INFO  - WorkflowExecutionActor-8bba1be7-bd48-42e2-8c8a-1e5cfff3e5a3 [UUID(8bba1be7)]: Condition met: 'enable_idr'. Running conditional section
2018-09-01 14:36:07,208 INFO  - WorkflowExecutionActor-8bba1be7-bd48-42e2-8c8a-1e5cfff3e5a3 [UUID(8bba1be7)]: Condition met: '!true_rep_only'. Running conditional section
2018-09-01 14:36:07,641 WARN  - BackgroundConfigAsyncJobExecutionActor [UUID(8bba1be7)atac.read_genome_tsv:NA:1]: Unrecognized runtime attribute keys: disks, cpu, time, memory
2018-09-01 14:36:08,491 INFO  - BackgroundConfigAsyncJobExecutionActor [UUID(8bba1be7)atac.read_genome_tsv:NA:1]: `cat /users/xli6/scripts/atacseq/atac_durga/cromwell-executions/atac/8bba1be7-bd48-42e2-8c8a-1e5cfff3e5a3/call-read_genome_tsv/inputs/1482462591/Rnor6.tsv`
2018-09-01 14:36:08,597 INFO  - BackgroundConfigAsyncJobExecutionActor [UUID(8bba1be7)atac.read_genome_tsv:NA:1]: executing: /bin/bash /users/xli6/scripts/atacseq/atac_durga/cromwell-executions/atac/8bba1be7-bd48-42e2-8c8a-1e5cfff3e5a3/call-read_genome_tsv/execution/script
2018-09-01 14:36:10,731 INFO  - BackgroundConfigAsyncJobExecutionActor [UUID(8bba1be7)atac.read_genome_tsv:NA:1]: job id: 38123
2018-09-01 14:36:10,738 INFO  - BackgroundConfigAsyncJobExecutionActor [UUID(8bba1be7)atac.read_genome_tsv:NA:1]: Status change from - to Done
2018-09-01 14:36:11,297 INFO  - WorkflowExecutionActor-8bba1be7-bd48-42e2-8c8a-1e5cfff3e5a3 [UUID(8bba1be7)]: Starting atac.trim_adapter
2018-09-01 14:36:11,355 WARN  - BackgroundConfigAsyncJobExecutionActor [UUID(8bba1be7)atac.trim_adapter:0:1]: Unrecognized runtime attribute keys: disks, cpu, time, memory
2018-09-01 14:36:11,398 INFO  - BackgroundConfigAsyncJobExecutionActor [UUID(8bba1be7)atac.trim_adapter:0:1]: `python $(which encode_trim_adapter.py) \
	/users/xli6/scripts/atacseq/atac_durga/cromwell-executions/atac/8bba1be7-bd48-42e2-8c8a-1e5cfff3e5a3/call-trim_adapter/shard-0/execution/write_tsv_8bad8574f823a5dc07f2c816865ac220.tmp \
	--adapters /users/xli6/scripts/atacseq/atac_durga/cromwell-executions/atac/8bba1be7-bd48-42e2-8c8a-1e5cfff3e5a3/call-trim_adapter/shard-0/execution/write_tsv_d41d8cd98f00b204e9800998ecf8427e.tmp \
	--paired-end \
	--auto-detect-adapter \
	--min-trim-len 5 \
	--err-rate 0.1 \
	--nth 1`
2018-09-01 14:36:11,404 INFO  - BackgroundConfigAsyncJobExecutionActor [UUID(8bba1be7)atac.trim_adapter:0:1]: executing: /bin/bash /users/xli6/scripts/atacseq/atac_durga/cromwell-executions/atac/8bba1be7-bd48-42e2-8c8a-1e5cfff3e5a3/call-trim_adapter/shard-0/execution/script
2018-09-01 14:36:15,713 INFO  - BackgroundConfigAsyncJobExecutionActor [UUID(8bba1be7)atac.trim_adapter:0:1]: job id: 38338
2018-09-01 14:36:15,714 INFO  - BackgroundConfigAsyncJobExecutionActor [UUID(8bba1be7)atac.trim_adapter:0:1]: Status change from - to WaitingForReturnCodeFile
2018-09-01 15:19:13,435 INFO  - BackgroundConfigAsyncJobExecutionActor [UUID(8bba1be7)atac.trim_adapter:0:1]: Status change from WaitingForReturnCodeFile to Done
2018-09-01 15:19:14,936 INFO  - WorkflowExecutionActor-8bba1be7-bd48-42e2-8c8a-1e5cfff3e5a3 [UUID(8bba1be7)]: Starting atac.bowtie2
2018-09-01 15:19:15,342 WARN  - BackgroundConfigAsyncJobExecutionActor [UUID(8bba1be7)atac.bowtie2:0:1]: Unrecognized runtime attribute keys: preemptible, disks, cpu, time, memory
2018-09-01 15:19:15,356 INFO  - BackgroundConfigAsyncJobExecutionActor [UUID(8bba1be7)atac.bowtie2:0:1]: `python $(which encode_bowtie2.py) \
	/users/xli6/scripts/atacseq/atac_durga/cromwell-executions/atac/8bba1be7-bd48-42e2-8c8a-1e5cfff3e5a3/call-bowtie2/shard-0/inputs/1039591591/Rattus_norvegicus.Rnor_6.0.dna.toplevel.fa.tar \
	/users/xli6/scripts/atacseq/atac_durga/cromwell-executions/atac/8bba1be7-bd48-42e2-8c8a-1e5cfff3e5a3/call-bowtie2/shard-0/inputs/-537954954/merge_fastqs_R1_20180815-10-Heart-002-powder_S10_L001_R1_001.trim.merged.fastq.gz /users/xli6/scripts/atacseq/atac_durga/cromwell-executions/atac/8bba1be7-bd48-42e2-8c8a-1e5cfff3e5a3/call-bowtie2/shard-0/inputs/-537954954/merge_fastqs_R2_20180815-10-Heart-002-powder_S10_L001_R2_001.trim.merged.fastq.gz \
	--paired-end \
	--multimapping 4 \
	 \
	--nth 2`
2018-09-01 15:19:15,367 INFO  - BackgroundConfigAsyncJobExecutionActor [UUID(8bba1be7)atac.bowtie2:0:1]: executing: /bin/bash /users/xli6/scripts/atacseq/atac_durga/cromwell-executions/atac/8bba1be7-bd48-42e2-8c8a-1e5cfff3e5a3/call-bowtie2/shard-0/execution/script
2018-09-01 15:19:15,688 INFO  - BackgroundConfigAsyncJobExecutionActor [UUID(8bba1be7)atac.bowtie2:0:1]: job id: 43684
2018-09-01 15:19:15,689 INFO  - BackgroundConfigAsyncJobExecutionActor [UUID(8bba1be7)atac.bowtie2:0:1]: Status change from - to WaitingForReturnCodeFile
2018-09-01 22:06:33,516 INFO  - BackgroundConfigAsyncJobExecutionActor [UUID(8bba1be7)atac.bowtie2:0:1]: Status change from WaitingForReturnCodeFile to Done
2018-09-01 22:06:38,816 INFO  - WorkflowExecutionActor-8bba1be7-bd48-42e2-8c8a-1e5cfff3e5a3 [UUID(8bba1be7)]: Starting atac.filter
2018-09-01 22:06:39,341 WARN  - BackgroundConfigAsyncJobExecutionActor [UUID(8bba1be7)atac.filter:0:1]: Unrecognized runtime attribute keys: disks, cpu, time, memory
2018-09-01 22:06:39,361 INFO  - BackgroundConfigAsyncJobExecutionActor [UUID(8bba1be7)atac.filter:0:1]: `python $(which encode_filter.py) \
	/users/xli6/scripts/atacseq/atac_durga/cromwell-executions/atac/8bba1be7-bd48-42e2-8c8a-1e5cfff3e5a3/call-filter/shard-0/inputs/-487688333/20180815-10-Heart-002-powder_S10_L001_R1_001.trim.merged.bam \
	--paired-end \
	--multimapping 4 \
	--dup-marker picard \
	--mapq-thresh 30 \
	 \
	--nth 1
# ugly part to deal with optional outputs with Google JES backend

touch null`
2018-09-01 22:06:39,375 INFO  - BackgroundConfigAsyncJobExecutionActor [UUID(8bba1be7)atac.filter:0:1]: executing: /bin/bash /users/xli6/scripts/atacseq/atac_durga/cromwell-executions/atac/8bba1be7-bd48-42e2-8c8a-1e5cfff3e5a3/call-filter/shard-0/execution/script
2018-09-01 22:06:40,686 INFO  - BackgroundConfigAsyncJobExecutionActor [UUID(8bba1be7)atac.filter:0:1]: job id: 63411
2018-09-01 22:06:40,688 INFO  - BackgroundConfigAsyncJobExecutionActor [UUID(8bba1be7)atac.filter:0:1]: Status change from - to WaitingForReturnCodeFile
