2018-09-02 10:59:43,792 INFO  - MaterializeWorkflowDescriptorActor [UUID(c743ea2b)]: Parsing workflow as WDL draft-2
2018-09-02 10:59:58,449 INFO  - MaterializeWorkflowDescriptorActor [UUID(c743ea2b)]: Call-to-Backend assignments: atac.reproducibility_overlap -> Local, atac.qc_report -> Local, atac.read_genome_tsv -> Local, atac.overlap_pr -> Local, atac.filter -> Local, atac.pool_ta_pr1 -> Local, atac.trim_adapter -> Local, atac.spr -> Local, atac.overlap_ppr -> Local, atac.idr_pr -> Local, atac.xcor -> Local, atac.pool_ta -> Local, atac.macs2 -> Local, atac.macs2_pr1 -> Local, atac.macs2_ppr2 -> Local, atac.bam2ta -> Local, atac.idr_ppr -> Local, atac.macs2_ppr1 -> Local, atac.idr -> Local, atac.reproducibility_idr -> Local, atac.overlap -> Local, atac.ataqc -> Local, atac.macs2_pooled -> Local, atac.macs2_pr2 -> Local, atac.pool_ta_pr2 -> Local, atac.bowtie2 -> Local
2018-09-02 10:59:58,552 WARN  - Local [UUID(c743ea2b)]: Key/s [cpu, memory, time, disks] is/are not supported by backend. Unsupported attributes will not be part of job executions.
2018-09-02 10:59:58,553 WARN  - Local [UUID(c743ea2b)]: Key/s [cpu, memory, time, disks] is/are not supported by backend. Unsupported attributes will not be part of job executions.
2018-09-02 10:59:58,553 WARN  - Local [UUID(c743ea2b)]: Key/s [cpu, memory, time, disks] is/are not supported by backend. Unsupported attributes will not be part of job executions.
2018-09-02 10:59:58,553 WARN  - Local [UUID(c743ea2b)]: Key/s [cpu, memory, time, disks] is/are not supported by backend. Unsupported attributes will not be part of job executions.
2018-09-02 10:59:58,553 WARN  - Local [UUID(c743ea2b)]: Key/s [cpu, memory, time, disks] is/are not supported by backend. Unsupported attributes will not be part of job executions.
2018-09-02 10:59:58,553 WARN  - Local [UUID(c743ea2b)]: Key/s [cpu, memory, time, disks] is/are not supported by backend. Unsupported attributes will not be part of job executions.
2018-09-02 10:59:58,553 WARN  - Local [UUID(c743ea2b)]: Key/s [cpu, memory, time, disks] is/are not supported by backend. Unsupported attributes will not be part of job executions.
2018-09-02 10:59:58,554 WARN  - Local [UUID(c743ea2b)]: Key/s [cpu, memory, time, disks] is/are not supported by backend. Unsupported attributes will not be part of job executions.
2018-09-02 10:59:58,554 WARN  - Local [UUID(c743ea2b)]: Key/s [cpu, memory, time, disks] is/are not supported by backend. Unsupported attributes will not be part of job executions.
2018-09-02 10:59:58,554 WARN  - Local [UUID(c743ea2b)]: Key/s [cpu, memory, time, disks] is/are not supported by backend. Unsupported attributes will not be part of job executions.
2018-09-02 10:59:58,554 WARN  - Local [UUID(c743ea2b)]: Key/s [cpu, memory, time, disks] is/are not supported by backend. Unsupported attributes will not be part of job executions.
2018-09-02 10:59:58,554 WARN  - Local [UUID(c743ea2b)]: Key/s [cpu, memory, time, disks] is/are not supported by backend. Unsupported attributes will not be part of job executions.
2018-09-02 10:59:58,554 WARN  - Local [UUID(c743ea2b)]: Key/s [cpu, memory, time, disks] is/are not supported by backend. Unsupported attributes will not be part of job executions.
2018-09-02 10:59:58,554 WARN  - Local [UUID(c743ea2b)]: Key/s [cpu, memory, time, disks] is/are not supported by backend. Unsupported attributes will not be part of job executions.
2018-09-02 10:59:58,554 WARN  - Local [UUID(c743ea2b)]: Key/s [cpu, memory, time, disks] is/are not supported by backend. Unsupported attributes will not be part of job executions.
2018-09-02 10:59:58,554 WARN  - Local [UUID(c743ea2b)]: Key/s [cpu, memory, time, disks] is/are not supported by backend. Unsupported attributes will not be part of job executions.
2018-09-02 10:59:58,554 WARN  - Local [UUID(c743ea2b)]: Key/s [cpu, memory, time, disks] is/are not supported by backend. Unsupported attributes will not be part of job executions.
2018-09-02 10:59:58,555 WARN  - Local [UUID(c743ea2b)]: Key/s [cpu, memory, time, disks] is/are not supported by backend. Unsupported attributes will not be part of job executions.
2018-09-02 10:59:58,555 WARN  - Local [UUID(c743ea2b)]: Key/s [cpu, memory, time, disks] is/are not supported by backend. Unsupported attributes will not be part of job executions.
2018-09-02 10:59:58,555 WARN  - Local [UUID(c743ea2b)]: Key/s [cpu, memory, time, disks] is/are not supported by backend. Unsupported attributes will not be part of job executions.
2018-09-02 10:59:58,555 WARN  - Local [UUID(c743ea2b)]: Key/s [cpu, memory, time, disks] is/are not supported by backend. Unsupported attributes will not be part of job executions.
2018-09-02 10:59:58,555 WARN  - Local [UUID(c743ea2b)]: Key/s [cpu, memory, time, disks] is/are not supported by backend. Unsupported attributes will not be part of job executions.
2018-09-02 10:59:58,555 WARN  - Local [UUID(c743ea2b)]: Key/s [cpu, memory, time, disks] is/are not supported by backend. Unsupported attributes will not be part of job executions.
2018-09-02 10:59:58,555 WARN  - Local [UUID(c743ea2b)]: Key/s [cpu, memory, time, disks] is/are not supported by backend. Unsupported attributes will not be part of job executions.
2018-09-02 10:59:58,555 WARN  - Local [UUID(c743ea2b)]: Key/s [cpu, memory, time, disks] is/are not supported by backend. Unsupported attributes will not be part of job executions.
2018-09-02 10:59:58,556 WARN  - Local [UUID(c743ea2b)]: Key/s [preemptible, disks, cpu, time, memory] is/are not supported by backend. Unsupported attributes will not be part of job executions.
2018-09-02 11:00:00,833 INFO  - WorkflowExecutionActor-c743ea2b-db05-4689-86a7-ecc7b1908fad [UUID(c743ea2b)]: Starting atac.read_genome_tsv
2018-09-02 11:00:00,834 INFO  - WorkflowExecutionActor-c743ea2b-db05-4689-86a7-ecc7b1908fad [UUID(c743ea2b)]: Condition met: 'enable_idr'. Running conditional section
2018-09-02 11:00:00,836 INFO  - WorkflowExecutionActor-c743ea2b-db05-4689-86a7-ecc7b1908fad [UUID(c743ea2b)]: Condition met: '!align_only && !true_rep_only'. Running conditional section
2018-09-02 11:00:00,849 INFO  - WorkflowExecutionActor-c743ea2b-db05-4689-86a7-ecc7b1908fad [UUID(c743ea2b)]: Condition met: '!true_rep_only'. Running conditional section
2018-09-02 11:00:00,850 INFO  - WorkflowExecutionActor-c743ea2b-db05-4689-86a7-ecc7b1908fad [UUID(c743ea2b)]: Condition met: '!align_only && !true_rep_only && enable_idr'. Running conditional section
2018-09-02 11:00:00,851 INFO  - WorkflowExecutionActor-c743ea2b-db05-4689-86a7-ecc7b1908fad [UUID(c743ea2b)]: Condition met: 'enable_idr'. Running conditional section
2018-09-02 11:00:00,855 INFO  - WorkflowExecutionActor-c743ea2b-db05-4689-86a7-ecc7b1908fad [UUID(c743ea2b)]: Condition met: '!disable_xcor'. Running conditional section
2018-09-02 11:00:01,492 WARN  - BackgroundConfigAsyncJobExecutionActor [UUID(c743ea2b)atac.read_genome_tsv:NA:1]: Unrecognized runtime attribute keys: disks, cpu, time, memory
2018-09-02 11:00:01,939 INFO  - BackgroundConfigAsyncJobExecutionActor [UUID(c743ea2b)atac.read_genome_tsv:NA:1]: `cat /users/xli6/scripts/atacseq/atac_durga/cromwell-executions/atac/c743ea2b-db05-4689-86a7-ecc7b1908fad/call-read_genome_tsv/inputs/879136058/rn6.tsv`
2018-09-02 11:00:01,998 INFO  - BackgroundConfigAsyncJobExecutionActor [UUID(c743ea2b)atac.read_genome_tsv:NA:1]: executing: /bin/bash /users/xli6/scripts/atacseq/atac_durga/cromwell-executions/atac/c743ea2b-db05-4689-86a7-ecc7b1908fad/call-read_genome_tsv/execution/script
2018-09-02 11:00:04,958 INFO  - WorkflowExecutionActor-c743ea2b-db05-4689-86a7-ecc7b1908fad [UUID(c743ea2b)]: Starting atac.trim_adapter
2018-09-02 11:00:05,400 WARN  - BackgroundConfigAsyncJobExecutionActor [UUID(c743ea2b)atac.trim_adapter:0:1]: Unrecognized runtime attribute keys: disks, cpu, time, memory
2018-09-02 11:00:05,443 INFO  - BackgroundConfigAsyncJobExecutionActor [UUID(c743ea2b)atac.trim_adapter:0:1]: `python $(which encode_trim_adapter.py) \
	/users/xli6/scripts/atacseq/atac_durga/cromwell-executions/atac/c743ea2b-db05-4689-86a7-ecc7b1908fad/call-trim_adapter/shard-0/execution/write_tsv_6bd885fb3e36a0116b8351b97141d0ca.tmp \
	--adapters /users/xli6/scripts/atacseq/atac_durga/cromwell-executions/atac/c743ea2b-db05-4689-86a7-ecc7b1908fad/call-trim_adapter/shard-0/execution/write_tsv_d41d8cd98f00b204e9800998ecf8427e.tmp \
	--paired-end \
	--auto-detect-adapter \
	--min-trim-len 5 \
	--err-rate 0.1 \
	--nth 1`
2018-09-02 11:00:05,449 INFO  - BackgroundConfigAsyncJobExecutionActor [UUID(c743ea2b)atac.trim_adapter:0:1]: executing: /bin/bash /users/xli6/scripts/atacseq/atac_durga/cromwell-executions/atac/c743ea2b-db05-4689-86a7-ecc7b1908fad/call-trim_adapter/shard-0/execution/script
2018-09-02 11:00:06,910 INFO  - BackgroundConfigAsyncJobExecutionActor [UUID(c743ea2b)atac.trim_adapter:0:1]: job id: 84626
2018-09-02 11:00:06,910 INFO  - BackgroundConfigAsyncJobExecutionActor [UUID(c743ea2b)atac.read_genome_tsv:NA:1]: job id: 84417
2018-09-02 11:00:06,914 INFO  - BackgroundConfigAsyncJobExecutionActor [UUID(c743ea2b)atac.read_genome_tsv:NA:1]: Status change from - to Done
2018-09-02 11:00:06,914 INFO  - BackgroundConfigAsyncJobExecutionActor [UUID(c743ea2b)atac.trim_adapter:0:1]: Status change from - to WaitingForReturnCodeFile
2018-09-02 11:33:07,777 INFO  - BackgroundConfigAsyncJobExecutionActor [UUID(c743ea2b)atac.trim_adapter:0:1]: Status change from WaitingForReturnCodeFile to Done
2018-09-02 11:33:08,858 INFO  - WorkflowExecutionActor-c743ea2b-db05-4689-86a7-ecc7b1908fad [UUID(c743ea2b)]: Starting atac.bowtie2
2018-09-02 11:33:09,396 WARN  - BackgroundConfigAsyncJobExecutionActor [UUID(c743ea2b)atac.bowtie2:0:1]: Unrecognized runtime attribute keys: preemptible, disks, cpu, time, memory
2018-09-02 11:33:09,410 INFO  - BackgroundConfigAsyncJobExecutionActor [UUID(c743ea2b)atac.bowtie2:0:1]: `python $(which encode_bowtie2.py) \
	/users/xli6/scripts/atacseq/atac_durga/cromwell-executions/atac/c743ea2b-db05-4689-86a7-ecc7b1908fad/call-bowtie2/shard-0/inputs/-2142767566/rn6.fa.tar \
	/users/xli6/scripts/atacseq/atac_durga/cromwell-executions/atac/c743ea2b-db05-4689-86a7-ecc7b1908fad/call-bowtie2/shard-0/inputs/-1652744868/merge_fastqs_R1_20180725-6-Liver-002-powder_S6_L001_R1_001.trim.merged.fastq.gz /users/xli6/scripts/atacseq/atac_durga/cromwell-executions/atac/c743ea2b-db05-4689-86a7-ecc7b1908fad/call-bowtie2/shard-0/inputs/-1652744868/merge_fastqs_R2_20180725-6-Liver-002-powder_S6_L001_R2_001.trim.merged.fastq.gz \
	--paired-end \
	--multimapping 4 \
	 \
	--nth 2`
2018-09-02 11:33:09,430 INFO  - BackgroundConfigAsyncJobExecutionActor [UUID(c743ea2b)atac.bowtie2:0:1]: executing: /bin/bash /users/xli6/scripts/atacseq/atac_durga/cromwell-executions/atac/c743ea2b-db05-4689-86a7-ecc7b1908fad/call-bowtie2/shard-0/execution/script
2018-09-02 11:33:11,884 INFO  - BackgroundConfigAsyncJobExecutionActor [UUID(c743ea2b)atac.bowtie2:0:1]: job id: 87880
2018-09-02 11:33:11,885 INFO  - BackgroundConfigAsyncJobExecutionActor [UUID(c743ea2b)atac.bowtie2:0:1]: Status change from - to WaitingForReturnCodeFile
