2018-09-01 14:35:42,851 INFO  - MaterializeWorkflowDescriptorActor [UUID(f603d276)]: Parsing workflow as WDL draft-2
2018-09-01 14:36:02,093 INFO  - MaterializeWorkflowDescriptorActor [UUID(f603d276)]: Call-to-Backend assignments: atac.idr_ppr -> Local, atac.overlap -> Local, atac.macs2 -> Local, atac.macs2_pooled -> Local, atac.macs2_pr2 -> Local, atac.bam2ta -> Local, atac.pool_ta -> Local, atac.macs2_pr1 -> Local, atac.read_genome_tsv -> Local, atac.idr -> Local, atac.macs2_ppr2 -> Local, atac.overlap_ppr -> Local, atac.filter -> Local, atac.qc_report -> Local, atac.trim_adapter -> Local, atac.ataqc -> Local, atac.pool_ta_pr2 -> Local, atac.xcor -> Local, atac.bowtie2 -> Local, atac.pool_ta_pr1 -> Local, atac.reproducibility_overlap -> Local, atac.reproducibility_idr -> Local, atac.macs2_ppr1 -> Local, atac.spr -> Local, atac.idr_pr -> Local, atac.overlap_pr -> Local
2018-09-01 14:36:02,246 WARN  - Local [UUID(f603d276)]: Key/s [cpu, memory, time, disks] is/are not supported by backend. Unsupported attributes will not be part of job executions.
2018-09-01 14:36:02,254 WARN  - Local [UUID(f603d276)]: Key/s [cpu, memory, time, disks] is/are not supported by backend. Unsupported attributes will not be part of job executions.
2018-09-01 14:36:02,254 WARN  - Local [UUID(f603d276)]: Key/s [cpu, memory, time, disks] is/are not supported by backend. Unsupported attributes will not be part of job executions.
2018-09-01 14:36:02,255 WARN  - Local [UUID(f603d276)]: Key/s [cpu, memory, time, disks] is/are not supported by backend. Unsupported attributes will not be part of job executions.
2018-09-01 14:36:02,255 WARN  - Local [UUID(f603d276)]: Key/s [cpu, memory, time, disks] is/are not supported by backend. Unsupported attributes will not be part of job executions.
2018-09-01 14:36:02,255 WARN  - Local [UUID(f603d276)]: Key/s [cpu, memory, time, disks] is/are not supported by backend. Unsupported attributes will not be part of job executions.
2018-09-01 14:36:02,255 WARN  - Local [UUID(f603d276)]: Key/s [cpu, memory, time, disks] is/are not supported by backend. Unsupported attributes will not be part of job executions.
2018-09-01 14:36:02,255 WARN  - Local [UUID(f603d276)]: Key/s [cpu, memory, time, disks] is/are not supported by backend. Unsupported attributes will not be part of job executions.
2018-09-01 14:36:02,255 WARN  - Local [UUID(f603d276)]: Key/s [cpu, memory, time, disks] is/are not supported by backend. Unsupported attributes will not be part of job executions.
2018-09-01 14:36:02,256 WARN  - Local [UUID(f603d276)]: Key/s [cpu, memory, time, disks] is/are not supported by backend. Unsupported attributes will not be part of job executions.
2018-09-01 14:36:02,259 WARN  - Local [UUID(f603d276)]: Key/s [cpu, memory, time, disks] is/are not supported by backend. Unsupported attributes will not be part of job executions.
2018-09-01 14:36:02,260 WARN  - Local [UUID(f603d276)]: Key/s [cpu, memory, time, disks] is/are not supported by backend. Unsupported attributes will not be part of job executions.
2018-09-01 14:36:02,260 WARN  - Local [UUID(f603d276)]: Key/s [cpu, memory, time, disks] is/are not supported by backend. Unsupported attributes will not be part of job executions.
2018-09-01 14:36:02,260 WARN  - Local [UUID(f603d276)]: Key/s [cpu, memory, time, disks] is/are not supported by backend. Unsupported attributes will not be part of job executions.
2018-09-01 14:36:02,260 WARN  - Local [UUID(f603d276)]: Key/s [cpu, memory, time, disks] is/are not supported by backend. Unsupported attributes will not be part of job executions.
2018-09-01 14:36:02,260 WARN  - Local [UUID(f603d276)]: Key/s [cpu, memory, time, disks] is/are not supported by backend. Unsupported attributes will not be part of job executions.
2018-09-01 14:36:02,261 WARN  - Local [UUID(f603d276)]: Key/s [cpu, memory, time, disks] is/are not supported by backend. Unsupported attributes will not be part of job executions.
2018-09-01 14:36:02,261 WARN  - Local [UUID(f603d276)]: Key/s [cpu, memory, time, disks] is/are not supported by backend. Unsupported attributes will not be part of job executions.
2018-09-01 14:36:02,276 WARN  - Local [UUID(f603d276)]: Key/s [preemptible, disks, cpu, time, memory] is/are not supported by backend. Unsupported attributes will not be part of job executions.
2018-09-01 14:36:02,277 WARN  - Local [UUID(f603d276)]: Key/s [cpu, memory, time, disks] is/are not supported by backend. Unsupported attributes will not be part of job executions.
2018-09-01 14:36:02,277 WARN  - Local [UUID(f603d276)]: Key/s [cpu, memory, time, disks] is/are not supported by backend. Unsupported attributes will not be part of job executions.
2018-09-01 14:36:02,277 WARN  - Local [UUID(f603d276)]: Key/s [cpu, memory, time, disks] is/are not supported by backend. Unsupported attributes will not be part of job executions.
2018-09-01 14:36:02,277 WARN  - Local [UUID(f603d276)]: Key/s [cpu, memory, time, disks] is/are not supported by backend. Unsupported attributes will not be part of job executions.
2018-09-01 14:36:02,277 WARN  - Local [UUID(f603d276)]: Key/s [cpu, memory, time, disks] is/are not supported by backend. Unsupported attributes will not be part of job executions.
2018-09-01 14:36:02,277 WARN  - Local [UUID(f603d276)]: Key/s [cpu, memory, time, disks] is/are not supported by backend. Unsupported attributes will not be part of job executions.
2018-09-01 14:36:02,278 WARN  - Local [UUID(f603d276)]: Key/s [cpu, memory, time, disks] is/are not supported by backend. Unsupported attributes will not be part of job executions.
2018-09-01 14:36:04,862 INFO  - WorkflowExecutionActor-f603d276-81b6-49df-96db-c9fbddf7eb86 [UUID(f603d276)]: Starting atac.read_genome_tsv
2018-09-01 14:36:04,865 INFO  - WorkflowExecutionActor-f603d276-81b6-49df-96db-c9fbddf7eb86 [UUID(f603d276)]: Condition met: 'enable_idr'. Running conditional section
2018-09-01 14:36:04,868 INFO  - WorkflowExecutionActor-f603d276-81b6-49df-96db-c9fbddf7eb86 [UUID(f603d276)]: Condition met: 'enable_idr'. Running conditional section
2018-09-01 14:36:04,869 INFO  - WorkflowExecutionActor-f603d276-81b6-49df-96db-c9fbddf7eb86 [UUID(f603d276)]: Condition met: '!align_only && !true_rep_only && enable_idr'. Running conditional section
2018-09-01 14:36:04,869 INFO  - WorkflowExecutionActor-f603d276-81b6-49df-96db-c9fbddf7eb86 [UUID(f603d276)]: Condition met: '!align_only && !true_rep_only'. Running conditional section
2018-09-01 14:36:04,869 INFO  - WorkflowExecutionActor-f603d276-81b6-49df-96db-c9fbddf7eb86 [UUID(f603d276)]: Condition met: '!true_rep_only'. Running conditional section
2018-09-01 14:36:04,882 INFO  - WorkflowExecutionActor-f603d276-81b6-49df-96db-c9fbddf7eb86 [UUID(f603d276)]: Condition met: '!disable_xcor'. Running conditional section
2018-09-01 14:36:05,561 WARN  - BackgroundConfigAsyncJobExecutionActor [UUID(f603d276)atac.read_genome_tsv:NA:1]: Unrecognized runtime attribute keys: disks, cpu, time, memory
2018-09-01 14:36:06,628 INFO  - BackgroundConfigAsyncJobExecutionActor [UUID(f603d276)atac.read_genome_tsv:NA:1]: `cat /users/xli6/scripts/atacseq/atac_durga/cromwell-executions/atac/f603d276-81b6-49df-96db-c9fbddf7eb86/call-read_genome_tsv/inputs/1482462591/Rnor6.tsv`
2018-09-01 14:36:06,678 INFO  - BackgroundConfigAsyncJobExecutionActor [UUID(f603d276)atac.read_genome_tsv:NA:1]: executing: /bin/bash /users/xli6/scripts/atacseq/atac_durga/cromwell-executions/atac/f603d276-81b6-49df-96db-c9fbddf7eb86/call-read_genome_tsv/execution/script
2018-09-01 14:36:09,461 INFO  - WorkflowExecutionActor-f603d276-81b6-49df-96db-c9fbddf7eb86 [UUID(f603d276)]: Starting atac.trim_adapter
2018-09-01 14:36:10,428 WARN  - BackgroundConfigAsyncJobExecutionActor [UUID(f603d276)atac.trim_adapter:0:1]: Unrecognized runtime attribute keys: disks, cpu, time, memory
2018-09-01 14:36:10,484 INFO  - BackgroundConfigAsyncJobExecutionActor [UUID(f603d276)atac.trim_adapter:0:1]: `python $(which encode_trim_adapter.py) \
	/users/xli6/scripts/atacseq/atac_durga/cromwell-executions/atac/f603d276-81b6-49df-96db-c9fbddf7eb86/call-trim_adapter/shard-0/execution/write_tsv_e4e48b324175c4909c3b5f3ae7c15c0f.tmp \
	--adapters /users/xli6/scripts/atacseq/atac_durga/cromwell-executions/atac/f603d276-81b6-49df-96db-c9fbddf7eb86/call-trim_adapter/shard-0/execution/write_tsv_d41d8cd98f00b204e9800998ecf8427e.tmp \
	--paired-end \
	--auto-detect-adapter \
	--min-trim-len 5 \
	--err-rate 0.1 \
	--nth 1`
2018-09-01 14:36:10,491 INFO  - BackgroundConfigAsyncJobExecutionActor [UUID(f603d276)atac.trim_adapter:0:1]: executing: /bin/bash /users/xli6/scripts/atacseq/atac_durga/cromwell-executions/atac/f603d276-81b6-49df-96db-c9fbddf7eb86/call-trim_adapter/shard-0/execution/script
2018-09-01 14:36:10,858 INFO  - BackgroundConfigAsyncJobExecutionActor [UUID(f603d276)atac.trim_adapter:0:1]: job id: 38262
2018-09-01 14:36:10,858 INFO  - BackgroundConfigAsyncJobExecutionActor [UUID(f603d276)atac.read_genome_tsv:NA:1]: job id: 37998
2018-09-01 14:36:10,862 INFO  - BackgroundConfigAsyncJobExecutionActor [UUID(f603d276)atac.trim_adapter:0:1]: Status change from - to WaitingForReturnCodeFile
2018-09-01 14:36:10,862 INFO  - BackgroundConfigAsyncJobExecutionActor [UUID(f603d276)atac.read_genome_tsv:NA:1]: Status change from - to Done
2018-09-01 15:11:18,421 INFO  - BackgroundConfigAsyncJobExecutionActor [UUID(f603d276)atac.trim_adapter:0:1]: Status change from WaitingForReturnCodeFile to Done
2018-09-01 15:11:19,822 INFO  - WorkflowExecutionActor-f603d276-81b6-49df-96db-c9fbddf7eb86 [UUID(f603d276)]: Starting atac.bowtie2
2018-09-01 15:11:20,427 WARN  - BackgroundConfigAsyncJobExecutionActor [UUID(f603d276)atac.bowtie2:0:1]: Unrecognized runtime attribute keys: preemptible, disks, cpu, time, memory
2018-09-01 15:11:20,438 INFO  - BackgroundConfigAsyncJobExecutionActor [UUID(f603d276)atac.bowtie2:0:1]: `python $(which encode_bowtie2.py) \
	/users/xli6/scripts/atacseq/atac_durga/cromwell-executions/atac/f603d276-81b6-49df-96db-c9fbddf7eb86/call-bowtie2/shard-0/inputs/1039591591/Rattus_norvegicus.Rnor_6.0.dna.toplevel.fa.tar \
	/users/xli6/scripts/atacseq/atac_durga/cromwell-executions/atac/f603d276-81b6-49df-96db-c9fbddf7eb86/call-bowtie2/shard-0/inputs/1503367973/merge_fastqs_R1_20180815-12-Lung-002-powder_S12_L001_R1_001.trim.merged.fastq.gz /users/xli6/scripts/atacseq/atac_durga/cromwell-executions/atac/f603d276-81b6-49df-96db-c9fbddf7eb86/call-bowtie2/shard-0/inputs/1503367973/merge_fastqs_R2_20180815-12-Lung-002-powder_S12_L001_R2_001.trim.merged.fastq.gz \
	--paired-end \
	--multimapping 4 \
	 \
	--nth 2`
2018-09-01 15:11:20,448 INFO  - BackgroundConfigAsyncJobExecutionActor [UUID(f603d276)atac.bowtie2:0:1]: executing: /bin/bash /users/xli6/scripts/atacseq/atac_durga/cromwell-executions/atac/f603d276-81b6-49df-96db-c9fbddf7eb86/call-bowtie2/shard-0/execution/script
2018-09-01 15:11:20,846 INFO  - BackgroundConfigAsyncJobExecutionActor [UUID(f603d276)atac.bowtie2:0:1]: job id: 43207
2018-09-01 15:11:20,846 INFO  - BackgroundConfigAsyncJobExecutionActor [UUID(f603d276)atac.bowtie2:0:1]: Status change from - to WaitingForReturnCodeFile
2018-09-01 20:38:41,681 INFO  - BackgroundConfigAsyncJobExecutionActor [UUID(f603d276)atac.bowtie2:0:1]: Status change from WaitingForReturnCodeFile to Done
2018-09-01 20:38:46,841 INFO  - WorkflowExecutionActor-f603d276-81b6-49df-96db-c9fbddf7eb86 [UUID(f603d276)]: Starting atac.filter
2018-09-01 20:38:47,424 WARN  - BackgroundConfigAsyncJobExecutionActor [UUID(f603d276)atac.filter:0:1]: Unrecognized runtime attribute keys: disks, cpu, time, memory
2018-09-01 20:38:47,443 INFO  - BackgroundConfigAsyncJobExecutionActor [UUID(f603d276)atac.filter:0:1]: `python $(which encode_filter.py) \
	/users/xli6/scripts/atacseq/atac_durga/cromwell-executions/atac/f603d276-81b6-49df-96db-c9fbddf7eb86/call-filter/shard-0/inputs/1571047524/20180815-12-Lung-002-powder_S12_L001_R1_001.trim.merged.bam \
	--paired-end \
	--multimapping 4 \
	--dup-marker picard \
	--mapq-thresh 30 \
	 \
	--nth 1
# ugly part to deal with optional outputs with Google JES backend

touch null`
2018-09-01 20:38:47,465 INFO  - BackgroundConfigAsyncJobExecutionActor [UUID(f603d276)atac.filter:0:1]: executing: /bin/bash /users/xli6/scripts/atacseq/atac_durga/cromwell-executions/atac/f603d276-81b6-49df-96db-c9fbddf7eb86/call-filter/shard-0/execution/script
2018-09-01 20:38:50,832 INFO  - BackgroundConfigAsyncJobExecutionActor [UUID(f603d276)atac.filter:0:1]: job id: 57770
2018-09-01 20:38:50,834 INFO  - BackgroundConfigAsyncJobExecutionActor [UUID(f603d276)atac.filter:0:1]: Status change from - to WaitingForReturnCodeFile
