2018-09-02 10:59:43,196 INFO  - MaterializeWorkflowDescriptorActor [UUID(5489f15a)]: Parsing workflow as WDL draft-2
2018-09-02 10:59:58,049 INFO  - MaterializeWorkflowDescriptorActor [UUID(5489f15a)]: Call-to-Backend assignments: atac.reproducibility_idr -> Local, atac.overlap_ppr -> Local, atac.overlap_pr -> Local, atac.idr_ppr -> Local, atac.pool_ta_pr1 -> Local, atac.macs2_pr2 -> Local, atac.idr -> Local, atac.filter -> Local, atac.trim_adapter -> Local, atac.pool_ta -> Local, atac.ataqc -> Local, atac.macs2_ppr2 -> Local, atac.bam2ta -> Local, atac.bowtie2 -> Local, atac.reproducibility_overlap -> Local, atac.idr_pr -> Local, atac.macs2_ppr1 -> Local, atac.overlap -> Local, atac.macs2 -> Local, atac.macs2_pooled -> Local, atac.qc_report -> Local, atac.pool_ta_pr2 -> Local, atac.spr -> Local, atac.macs2_pr1 -> Local, atac.xcor -> Local, atac.read_genome_tsv -> Local
2018-09-02 10:59:58,213 WARN  - Local [UUID(5489f15a)]: Key/s [cpu, memory, time, disks] is/are not supported by backend. Unsupported attributes will not be part of job executions.
2018-09-02 10:59:58,216 WARN  - Local [UUID(5489f15a)]: Key/s [cpu, memory, time, disks] is/are not supported by backend. Unsupported attributes will not be part of job executions.
2018-09-02 10:59:58,216 WARN  - Local [UUID(5489f15a)]: Key/s [cpu, memory, time, disks] is/are not supported by backend. Unsupported attributes will not be part of job executions.
2018-09-02 10:59:58,216 WARN  - Local [UUID(5489f15a)]: Key/s [cpu, memory, time, disks] is/are not supported by backend. Unsupported attributes will not be part of job executions.
2018-09-02 10:59:58,216 WARN  - Local [UUID(5489f15a)]: Key/s [cpu, memory, time, disks] is/are not supported by backend. Unsupported attributes will not be part of job executions.
2018-09-02 10:59:58,217 WARN  - Local [UUID(5489f15a)]: Key/s [cpu, memory, time, disks] is/are not supported by backend. Unsupported attributes will not be part of job executions.
2018-09-02 10:59:58,217 WARN  - Local [UUID(5489f15a)]: Key/s [cpu, memory, time, disks] is/are not supported by backend. Unsupported attributes will not be part of job executions.
2018-09-02 10:59:58,217 WARN  - Local [UUID(5489f15a)]: Key/s [cpu, memory, time, disks] is/are not supported by backend. Unsupported attributes will not be part of job executions.
2018-09-02 10:59:58,217 WARN  - Local [UUID(5489f15a)]: Key/s [cpu, memory, time, disks] is/are not supported by backend. Unsupported attributes will not be part of job executions.
2018-09-02 10:59:58,217 WARN  - Local [UUID(5489f15a)]: Key/s [cpu, memory, time, disks] is/are not supported by backend. Unsupported attributes will not be part of job executions.
2018-09-02 10:59:58,217 WARN  - Local [UUID(5489f15a)]: Key/s [cpu, memory, time, disks] is/are not supported by backend. Unsupported attributes will not be part of job executions.
2018-09-02 10:59:58,217 WARN  - Local [UUID(5489f15a)]: Key/s [cpu, memory, time, disks] is/are not supported by backend. Unsupported attributes will not be part of job executions.
2018-09-02 10:59:58,217 WARN  - Local [UUID(5489f15a)]: Key/s [cpu, memory, time, disks] is/are not supported by backend. Unsupported attributes will not be part of job executions.
2018-09-02 10:59:58,218 WARN  - Local [UUID(5489f15a)]: Key/s [preemptible, disks, cpu, time, memory] is/are not supported by backend. Unsupported attributes will not be part of job executions.
2018-09-02 10:59:58,218 WARN  - Local [UUID(5489f15a)]: Key/s [cpu, memory, time, disks] is/are not supported by backend. Unsupported attributes will not be part of job executions.
2018-09-02 10:59:58,218 WARN  - Local [UUID(5489f15a)]: Key/s [cpu, memory, time, disks] is/are not supported by backend. Unsupported attributes will not be part of job executions.
2018-09-02 10:59:58,218 WARN  - Local [UUID(5489f15a)]: Key/s [cpu, memory, time, disks] is/are not supported by backend. Unsupported attributes will not be part of job executions.
2018-09-02 10:59:58,218 WARN  - Local [UUID(5489f15a)]: Key/s [cpu, memory, time, disks] is/are not supported by backend. Unsupported attributes will not be part of job executions.
2018-09-02 10:59:58,218 WARN  - Local [UUID(5489f15a)]: Key/s [cpu, memory, time, disks] is/are not supported by backend. Unsupported attributes will not be part of job executions.
2018-09-02 10:59:58,218 WARN  - Local [UUID(5489f15a)]: Key/s [cpu, memory, time, disks] is/are not supported by backend. Unsupported attributes will not be part of job executions.
2018-09-02 10:59:58,219 WARN  - Local [UUID(5489f15a)]: Key/s [cpu, memory, time, disks] is/are not supported by backend. Unsupported attributes will not be part of job executions.
2018-09-02 10:59:58,219 WARN  - Local [UUID(5489f15a)]: Key/s [cpu, memory, time, disks] is/are not supported by backend. Unsupported attributes will not be part of job executions.
2018-09-02 10:59:58,219 WARN  - Local [UUID(5489f15a)]: Key/s [cpu, memory, time, disks] is/are not supported by backend. Unsupported attributes will not be part of job executions.
2018-09-02 10:59:58,219 WARN  - Local [UUID(5489f15a)]: Key/s [cpu, memory, time, disks] is/are not supported by backend. Unsupported attributes will not be part of job executions.
2018-09-02 10:59:58,219 WARN  - Local [UUID(5489f15a)]: Key/s [cpu, memory, time, disks] is/are not supported by backend. Unsupported attributes will not be part of job executions.
2018-09-02 10:59:58,219 WARN  - Local [UUID(5489f15a)]: Key/s [cpu, memory, time, disks] is/are not supported by backend. Unsupported attributes will not be part of job executions.
2018-09-02 11:00:00,551 INFO  - WorkflowExecutionActor-5489f15a-2f84-4d84-9f9f-af86040cd934 [UUID(5489f15a)]: Starting atac.read_genome_tsv
2018-09-02 11:00:00,561 INFO  - WorkflowExecutionActor-5489f15a-2f84-4d84-9f9f-af86040cd934 [UUID(5489f15a)]: Condition met: 'enable_idr'. Running conditional section
2018-09-02 11:00:00,564 INFO  - WorkflowExecutionActor-5489f15a-2f84-4d84-9f9f-af86040cd934 [UUID(5489f15a)]: Condition met: 'enable_idr'. Running conditional section
2018-09-02 11:00:00,564 INFO  - WorkflowExecutionActor-5489f15a-2f84-4d84-9f9f-af86040cd934 [UUID(5489f15a)]: Condition met: '!disable_xcor'. Running conditional section
2018-09-02 11:00:00,564 INFO  - WorkflowExecutionActor-5489f15a-2f84-4d84-9f9f-af86040cd934 [UUID(5489f15a)]: Condition met: '!true_rep_only'. Running conditional section
2018-09-02 11:00:00,564 INFO  - WorkflowExecutionActor-5489f15a-2f84-4d84-9f9f-af86040cd934 [UUID(5489f15a)]: Condition met: '!align_only && !true_rep_only && enable_idr'. Running conditional section
2018-09-02 11:00:00,565 INFO  - WorkflowExecutionActor-5489f15a-2f84-4d84-9f9f-af86040cd934 [UUID(5489f15a)]: Condition met: '!align_only && !true_rep_only'. Running conditional section
2018-09-02 11:00:00,802 WARN  - BackgroundConfigAsyncJobExecutionActor [UUID(5489f15a)atac.read_genome_tsv:NA:1]: Unrecognized runtime attribute keys: disks, cpu, time, memory
2018-09-02 11:00:01,385 INFO  - BackgroundConfigAsyncJobExecutionActor [UUID(5489f15a)atac.read_genome_tsv:NA:1]: `cat /users/xli6/scripts/atacseq/atac_durga/cromwell-executions/atac/5489f15a-2f84-4d84-9f9f-af86040cd934/call-read_genome_tsv/inputs/879136058/rn6.tsv`
2018-09-02 11:00:01,452 INFO  - BackgroundConfigAsyncJobExecutionActor [UUID(5489f15a)atac.read_genome_tsv:NA:1]: executing: /bin/bash /users/xli6/scripts/atacseq/atac_durga/cromwell-executions/atac/5489f15a-2f84-4d84-9f9f-af86040cd934/call-read_genome_tsv/execution/script
2018-09-02 11:00:04,662 INFO  - WorkflowExecutionActor-5489f15a-2f84-4d84-9f9f-af86040cd934 [UUID(5489f15a)]: Starting atac.trim_adapter
2018-09-02 11:00:04,693 WARN  - BackgroundConfigAsyncJobExecutionActor [UUID(5489f15a)atac.trim_adapter:0:1]: Unrecognized runtime attribute keys: disks, cpu, time, memory
2018-09-02 11:00:04,738 INFO  - BackgroundConfigAsyncJobExecutionActor [UUID(5489f15a)atac.trim_adapter:0:1]: `python $(which encode_trim_adapter.py) \
	/users/xli6/scripts/atacseq/atac_durga/cromwell-executions/atac/5489f15a-2f84-4d84-9f9f-af86040cd934/call-trim_adapter/shard-0/execution/write_tsv_2c6c4b99458c75fc1cf20da3ac1b9eee.tmp \
	--adapters /users/xli6/scripts/atacseq/atac_durga/cromwell-executions/atac/5489f15a-2f84-4d84-9f9f-af86040cd934/call-trim_adapter/shard-0/execution/write_tsv_d41d8cd98f00b204e9800998ecf8427e.tmp \
	--paired-end \
	--auto-detect-adapter \
	--min-trim-len 5 \
	--err-rate 0.1 \
	--nth 1`
2018-09-02 11:00:04,743 INFO  - BackgroundConfigAsyncJobExecutionActor [UUID(5489f15a)atac.trim_adapter:0:1]: executing: /bin/bash /users/xli6/scripts/atacseq/atac_durga/cromwell-executions/atac/5489f15a-2f84-4d84-9f9f-af86040cd934/call-trim_adapter/shard-0/execution/script
2018-09-02 11:00:05,927 INFO  - BackgroundConfigAsyncJobExecutionActor [UUID(5489f15a)atac.trim_adapter:0:1]: job id: 84542
2018-09-02 11:00:05,927 INFO  - BackgroundConfigAsyncJobExecutionActor [UUID(5489f15a)atac.read_genome_tsv:NA:1]: job id: 84293
2018-09-02 11:00:05,931 INFO  - BackgroundConfigAsyncJobExecutionActor [UUID(5489f15a)atac.read_genome_tsv:NA:1]: Status change from - to Done
2018-09-02 11:00:05,931 INFO  - BackgroundConfigAsyncJobExecutionActor [UUID(5489f15a)atac.trim_adapter:0:1]: Status change from - to WaitingForReturnCodeFile
2018-09-02 11:37:57,070 INFO  - BackgroundConfigAsyncJobExecutionActor [UUID(5489f15a)atac.trim_adapter:0:1]: Status change from WaitingForReturnCodeFile to Done
2018-09-02 11:37:58,241 INFO  - WorkflowExecutionActor-5489f15a-2f84-4d84-9f9f-af86040cd934 [UUID(5489f15a)]: Starting atac.bowtie2
2018-09-02 11:37:58,687 WARN  - BackgroundConfigAsyncJobExecutionActor [UUID(5489f15a)atac.bowtie2:0:1]: Unrecognized runtime attribute keys: preemptible, disks, cpu, time, memory
2018-09-02 11:37:58,699 INFO  - BackgroundConfigAsyncJobExecutionActor [UUID(5489f15a)atac.bowtie2:0:1]: `python $(which encode_bowtie2.py) \
	/users/xli6/scripts/atacseq/atac_durga/cromwell-executions/atac/5489f15a-2f84-4d84-9f9f-af86040cd934/call-bowtie2/shard-0/inputs/-2142767566/rn6.fa.tar \
	/users/xli6/scripts/atacseq/atac_durga/cromwell-executions/atac/5489f15a-2f84-4d84-9f9f-af86040cd934/call-bowtie2/shard-0/inputs/1474710545/merge_fastqs_R1_20180815-13-Adipose-002-piece_S13_L001_R1_001.trim.merged.fastq.gz /users/xli6/scripts/atacseq/atac_durga/cromwell-executions/atac/5489f15a-2f84-4d84-9f9f-af86040cd934/call-bowtie2/shard-0/inputs/1474710545/merge_fastqs_R2_20180815-13-Adipose-002-piece_S13_L001_R2_001.trim.merged.fastq.gz \
	--paired-end \
	--multimapping 4 \
	 \
	--nth 2`
2018-09-02 11:37:58,712 INFO  - BackgroundConfigAsyncJobExecutionActor [UUID(5489f15a)atac.bowtie2:0:1]: executing: /bin/bash /users/xli6/scripts/atacseq/atac_durga/cromwell-executions/atac/5489f15a-2f84-4d84-9f9f-af86040cd934/call-bowtie2/shard-0/execution/script
2018-09-02 11:38:00,916 INFO  - BackgroundConfigAsyncJobExecutionActor [UUID(5489f15a)atac.bowtie2:0:1]: job id: 88180
2018-09-02 11:38:00,917 INFO  - BackgroundConfigAsyncJobExecutionActor [UUID(5489f15a)atac.bowtie2:0:1]: Status change from - to WaitingForReturnCodeFile
