2018-09-02 10:59:43,434 INFO  - MaterializeWorkflowDescriptorActor [UUID(2d1def71)]: Parsing workflow as WDL draft-2
2018-09-02 10:59:58,401 INFO  - MaterializeWorkflowDescriptorActor [UUID(2d1def71)]: Call-to-Backend assignments: atac.macs2_ppr2 -> Local, atac.macs2_ppr1 -> Local, atac.spr -> Local, atac.pool_ta -> Local, atac.idr_pr -> Local, atac.macs2_pr1 -> Local, atac.macs2 -> Local, atac.idr_ppr -> Local, atac.macs2_pooled -> Local, atac.qc_report -> Local, atac.trim_adapter -> Local, atac.xcor -> Local, atac.ataqc -> Local, atac.macs2_pr2 -> Local, atac.idr -> Local, atac.bam2ta -> Local, atac.filter -> Local, atac.pool_ta_pr1 -> Local, atac.reproducibility_overlap -> Local, atac.overlap -> Local, atac.read_genome_tsv -> Local, atac.overlap_pr -> Local, atac.overlap_ppr -> Local, atac.bowtie2 -> Local, atac.pool_ta_pr2 -> Local, atac.reproducibility_idr -> Local
2018-09-02 10:59:58,489 WARN  - Local [UUID(2d1def71)]: Key/s [cpu, memory, time, disks] is/are not supported by backend. Unsupported attributes will not be part of job executions.
2018-09-02 10:59:58,490 WARN  - Local [UUID(2d1def71)]: Key/s [cpu, memory, time, disks] is/are not supported by backend. Unsupported attributes will not be part of job executions.
2018-09-02 10:59:58,491 WARN  - Local [UUID(2d1def71)]: Key/s [cpu, memory, time, disks] is/are not supported by backend. Unsupported attributes will not be part of job executions.
2018-09-02 10:59:58,491 WARN  - Local [UUID(2d1def71)]: Key/s [cpu, memory, time, disks] is/are not supported by backend. Unsupported attributes will not be part of job executions.
2018-09-02 10:59:58,491 WARN  - Local [UUID(2d1def71)]: Key/s [cpu, memory, time, disks] is/are not supported by backend. Unsupported attributes will not be part of job executions.
2018-09-02 10:59:58,491 WARN  - Local [UUID(2d1def71)]: Key/s [cpu, memory, time, disks] is/are not supported by backend. Unsupported attributes will not be part of job executions.
2018-09-02 10:59:58,491 WARN  - Local [UUID(2d1def71)]: Key/s [cpu, memory, time, disks] is/are not supported by backend. Unsupported attributes will not be part of job executions.
2018-09-02 10:59:58,491 WARN  - Local [UUID(2d1def71)]: Key/s [cpu, memory, time, disks] is/are not supported by backend. Unsupported attributes will not be part of job executions.
2018-09-02 10:59:58,491 WARN  - Local [UUID(2d1def71)]: Key/s [cpu, memory, time, disks] is/are not supported by backend. Unsupported attributes will not be part of job executions.
2018-09-02 10:59:58,491 WARN  - Local [UUID(2d1def71)]: Key/s [cpu, memory, time, disks] is/are not supported by backend. Unsupported attributes will not be part of job executions.
2018-09-02 10:59:58,492 WARN  - Local [UUID(2d1def71)]: Key/s [cpu, memory, time, disks] is/are not supported by backend. Unsupported attributes will not be part of job executions.
2018-09-02 10:59:58,492 WARN  - Local [UUID(2d1def71)]: Key/s [cpu, memory, time, disks] is/are not supported by backend. Unsupported attributes will not be part of job executions.
2018-09-02 10:59:58,492 WARN  - Local [UUID(2d1def71)]: Key/s [cpu, memory, time, disks] is/are not supported by backend. Unsupported attributes will not be part of job executions.
2018-09-02 10:59:58,492 WARN  - Local [UUID(2d1def71)]: Key/s [cpu, memory, time, disks] is/are not supported by backend. Unsupported attributes will not be part of job executions.
2018-09-02 10:59:58,492 WARN  - Local [UUID(2d1def71)]: Key/s [cpu, memory, time, disks] is/are not supported by backend. Unsupported attributes will not be part of job executions.
2018-09-02 10:59:58,492 WARN  - Local [UUID(2d1def71)]: Key/s [cpu, memory, time, disks] is/are not supported by backend. Unsupported attributes will not be part of job executions.
2018-09-02 10:59:58,492 WARN  - Local [UUID(2d1def71)]: Key/s [cpu, memory, time, disks] is/are not supported by backend. Unsupported attributes will not be part of job executions.
2018-09-02 10:59:58,493 WARN  - Local [UUID(2d1def71)]: Key/s [cpu, memory, time, disks] is/are not supported by backend. Unsupported attributes will not be part of job executions.
2018-09-02 10:59:58,493 WARN  - Local [UUID(2d1def71)]: Key/s [cpu, memory, time, disks] is/are not supported by backend. Unsupported attributes will not be part of job executions.
2018-09-02 10:59:58,493 WARN  - Local [UUID(2d1def71)]: Key/s [cpu, memory, time, disks] is/are not supported by backend. Unsupported attributes will not be part of job executions.
2018-09-02 10:59:58,493 WARN  - Local [UUID(2d1def71)]: Key/s [cpu, memory, time, disks] is/are not supported by backend. Unsupported attributes will not be part of job executions.
2018-09-02 10:59:58,493 WARN  - Local [UUID(2d1def71)]: Key/s [cpu, memory, time, disks] is/are not supported by backend. Unsupported attributes will not be part of job executions.
2018-09-02 10:59:58,493 WARN  - Local [UUID(2d1def71)]: Key/s [cpu, memory, time, disks] is/are not supported by backend. Unsupported attributes will not be part of job executions.
2018-09-02 10:59:58,493 WARN  - Local [UUID(2d1def71)]: Key/s [preemptible, disks, cpu, time, memory] is/are not supported by backend. Unsupported attributes will not be part of job executions.
2018-09-02 10:59:58,494 WARN  - Local [UUID(2d1def71)]: Key/s [cpu, memory, time, disks] is/are not supported by backend. Unsupported attributes will not be part of job executions.
2018-09-02 10:59:58,494 WARN  - Local [UUID(2d1def71)]: Key/s [cpu, memory, time, disks] is/are not supported by backend. Unsupported attributes will not be part of job executions.
2018-09-02 11:00:00,822 INFO  - WorkflowExecutionActor-2d1def71-7612-449c-8cf2-6ce57554b318 [UUID(2d1def71)]: Starting atac.read_genome_tsv
2018-09-02 11:00:00,822 INFO  - WorkflowExecutionActor-2d1def71-7612-449c-8cf2-6ce57554b318 [UUID(2d1def71)]: Condition met: '!align_only && !true_rep_only'. Running conditional section
2018-09-02 11:00:00,824 INFO  - WorkflowExecutionActor-2d1def71-7612-449c-8cf2-6ce57554b318 [UUID(2d1def71)]: Condition met: 'enable_idr'. Running conditional section
2018-09-02 11:00:00,824 INFO  - WorkflowExecutionActor-2d1def71-7612-449c-8cf2-6ce57554b318 [UUID(2d1def71)]: Condition met: '!align_only && !true_rep_only && enable_idr'. Running conditional section
2018-09-02 11:00:00,825 INFO  - WorkflowExecutionActor-2d1def71-7612-449c-8cf2-6ce57554b318 [UUID(2d1def71)]: Condition met: '!true_rep_only'. Running conditional section
2018-09-02 11:00:00,825 INFO  - WorkflowExecutionActor-2d1def71-7612-449c-8cf2-6ce57554b318 [UUID(2d1def71)]: Condition met: '!disable_xcor'. Running conditional section
2018-09-02 11:00:00,826 INFO  - WorkflowExecutionActor-2d1def71-7612-449c-8cf2-6ce57554b318 [UUID(2d1def71)]: Condition met: 'enable_idr'. Running conditional section
2018-09-02 11:00:01,175 WARN  - BackgroundConfigAsyncJobExecutionActor [UUID(2d1def71)atac.read_genome_tsv:NA:1]: Unrecognized runtime attribute keys: disks, cpu, time, memory
2018-09-02 11:00:01,641 INFO  - BackgroundConfigAsyncJobExecutionActor [UUID(2d1def71)atac.read_genome_tsv:NA:1]: `cat /users/xli6/scripts/atacseq/atac_durga/cromwell-executions/atac/2d1def71-7612-449c-8cf2-6ce57554b318/call-read_genome_tsv/inputs/879136058/rn6.tsv`
2018-09-02 11:00:01,680 INFO  - BackgroundConfigAsyncJobExecutionActor [UUID(2d1def71)atac.read_genome_tsv:NA:1]: executing: /bin/bash /users/xli6/scripts/atacseq/atac_durga/cromwell-executions/atac/2d1def71-7612-449c-8cf2-6ce57554b318/call-read_genome_tsv/execution/script
2018-09-02 11:00:04,935 INFO  - WorkflowExecutionActor-2d1def71-7612-449c-8cf2-6ce57554b318 [UUID(2d1def71)]: Starting atac.trim_adapter
2018-09-02 11:00:05,025 WARN  - BackgroundConfigAsyncJobExecutionActor [UUID(2d1def71)atac.trim_adapter:0:1]: Unrecognized runtime attribute keys: disks, cpu, time, memory
2018-09-02 11:00:05,070 INFO  - BackgroundConfigAsyncJobExecutionActor [UUID(2d1def71)atac.trim_adapter:0:1]: `python $(which encode_trim_adapter.py) \
	/users/xli6/scripts/atacseq/atac_durga/cromwell-executions/atac/2d1def71-7612-449c-8cf2-6ce57554b318/call-trim_adapter/shard-0/execution/write_tsv_7f44be3fcee738ef681fbd156a389b9f.tmp \
	--adapters /users/xli6/scripts/atacseq/atac_durga/cromwell-executions/atac/2d1def71-7612-449c-8cf2-6ce57554b318/call-trim_adapter/shard-0/execution/write_tsv_d41d8cd98f00b204e9800998ecf8427e.tmp \
	--paired-end \
	--auto-detect-adapter \
	--min-trim-len 5 \
	--err-rate 0.1 \
	--nth 1`
2018-09-02 11:00:05,077 INFO  - BackgroundConfigAsyncJobExecutionActor [UUID(2d1def71)atac.trim_adapter:0:1]: executing: /bin/bash /users/xli6/scripts/atacseq/atac_durga/cromwell-executions/atac/2d1def71-7612-449c-8cf2-6ce57554b318/call-trim_adapter/shard-0/execution/script
2018-09-02 11:00:06,049 INFO  - BackgroundConfigAsyncJobExecutionActor [UUID(2d1def71)atac.read_genome_tsv:NA:1]: job id: 84364
2018-09-02 11:00:06,049 INFO  - BackgroundConfigAsyncJobExecutionActor [UUID(2d1def71)atac.trim_adapter:0:1]: job id: 84594
2018-09-02 11:00:06,055 INFO  - BackgroundConfigAsyncJobExecutionActor [UUID(2d1def71)atac.read_genome_tsv:NA:1]: Status change from - to Done
2018-09-02 11:00:06,057 INFO  - BackgroundConfigAsyncJobExecutionActor [UUID(2d1def71)atac.trim_adapter:0:1]: Status change from - to WaitingForReturnCodeFile
2018-09-02 11:39:32,693 INFO  - BackgroundConfigAsyncJobExecutionActor [UUID(2d1def71)atac.trim_adapter:0:1]: Status change from WaitingForReturnCodeFile to Done
2018-09-02 11:39:34,374 INFO  - WorkflowExecutionActor-2d1def71-7612-449c-8cf2-6ce57554b318 [UUID(2d1def71)]: Starting atac.bowtie2
2018-09-02 11:39:35,020 WARN  - BackgroundConfigAsyncJobExecutionActor [UUID(2d1def71)atac.bowtie2:0:1]: Unrecognized runtime attribute keys: preemptible, disks, cpu, time, memory
2018-09-02 11:39:35,030 INFO  - BackgroundConfigAsyncJobExecutionActor [UUID(2d1def71)atac.bowtie2:0:1]: `python $(which encode_bowtie2.py) \
	/users/xli6/scripts/atacseq/atac_durga/cromwell-executions/atac/2d1def71-7612-449c-8cf2-6ce57554b318/call-bowtie2/shard-0/inputs/-2142767566/rn6.fa.tar \
	/users/xli6/scripts/atacseq/atac_durga/cromwell-executions/atac/2d1def71-7612-449c-8cf2-6ce57554b318/call-bowtie2/shard-0/inputs/1206991853/merge_fastqs_R1_20180815-10-Heart-002-powder_S10_L001_R1_001.trim.merged.fastq.gz /users/xli6/scripts/atacseq/atac_durga/cromwell-executions/atac/2d1def71-7612-449c-8cf2-6ce57554b318/call-bowtie2/shard-0/inputs/1206991853/merge_fastqs_R2_20180815-10-Heart-002-powder_S10_L001_R2_001.trim.merged.fastq.gz \
	--paired-end \
	--multimapping 4 \
	 \
	--nth 2`
2018-09-02 11:39:35,041 INFO  - BackgroundConfigAsyncJobExecutionActor [UUID(2d1def71)atac.bowtie2:0:1]: executing: /bin/bash /users/xli6/scripts/atacseq/atac_durga/cromwell-executions/atac/2d1def71-7612-449c-8cf2-6ce57554b318/call-bowtie2/shard-0/execution/script
2018-09-02 11:39:36,027 INFO  - BackgroundConfigAsyncJobExecutionActor [UUID(2d1def71)atac.bowtie2:0:1]: job id: 88241
2018-09-02 11:39:36,028 INFO  - BackgroundConfigAsyncJobExecutionActor [UUID(2d1def71)atac.bowtie2:0:1]: Status change from - to WaitingForReturnCodeFile
