2018-09-02 10:59:43,466 INFO  - MaterializeWorkflowDescriptorActor [UUID(777d2256)]: Parsing workflow as WDL draft-2
2018-09-02 10:59:55,229 INFO  - MaterializeWorkflowDescriptorActor [UUID(777d2256)]: Call-to-Backend assignments: atac.macs2_ppr1 -> Local, atac.reproducibility_overlap -> Local, atac.reproducibility_idr -> Local, atac.overlap_pr -> Local, atac.macs2_pr2 -> Local, atac.read_genome_tsv -> Local, atac.idr_pr -> Local, atac.macs2_pooled -> Local, atac.qc_report -> Local, atac.macs2_pr1 -> Local, atac.idr_ppr -> Local, atac.overlap -> Local, atac.bowtie2 -> Local, atac.ataqc -> Local, atac.pool_ta_pr1 -> Local, atac.macs2_ppr2 -> Local, atac.idr -> Local, atac.pool_ta -> Local, atac.spr -> Local, atac.pool_ta_pr2 -> Local, atac.filter -> Local, atac.trim_adapter -> Local, atac.xcor -> Local, atac.bam2ta -> Local, atac.overlap_ppr -> Local, atac.macs2 -> Local
2018-09-02 10:59:55,352 WARN  - Local [UUID(777d2256)]: Key/s [cpu, memory, time, disks] is/are not supported by backend. Unsupported attributes will not be part of job executions.
2018-09-02 10:59:55,353 WARN  - Local [UUID(777d2256)]: Key/s [cpu, memory, time, disks] is/are not supported by backend. Unsupported attributes will not be part of job executions.
2018-09-02 10:59:55,353 WARN  - Local [UUID(777d2256)]: Key/s [cpu, memory, time, disks] is/are not supported by backend. Unsupported attributes will not be part of job executions.
2018-09-02 10:59:55,353 WARN  - Local [UUID(777d2256)]: Key/s [cpu, memory, time, disks] is/are not supported by backend. Unsupported attributes will not be part of job executions.
2018-09-02 10:59:55,354 WARN  - Local [UUID(777d2256)]: Key/s [cpu, memory, time, disks] is/are not supported by backend. Unsupported attributes will not be part of job executions.
2018-09-02 10:59:55,354 WARN  - Local [UUID(777d2256)]: Key/s [cpu, memory, time, disks] is/are not supported by backend. Unsupported attributes will not be part of job executions.
2018-09-02 10:59:55,354 WARN  - Local [UUID(777d2256)]: Key/s [cpu, memory, time, disks] is/are not supported by backend. Unsupported attributes will not be part of job executions.
2018-09-02 10:59:55,354 WARN  - Local [UUID(777d2256)]: Key/s [cpu, memory, time, disks] is/are not supported by backend. Unsupported attributes will not be part of job executions.
2018-09-02 10:59:55,354 WARN  - Local [UUID(777d2256)]: Key/s [cpu, memory, time, disks] is/are not supported by backend. Unsupported attributes will not be part of job executions.
2018-09-02 10:59:55,354 WARN  - Local [UUID(777d2256)]: Key/s [cpu, memory, time, disks] is/are not supported by backend. Unsupported attributes will not be part of job executions.
2018-09-02 10:59:55,354 WARN  - Local [UUID(777d2256)]: Key/s [cpu, memory, time, disks] is/are not supported by backend. Unsupported attributes will not be part of job executions.
2018-09-02 10:59:55,354 WARN  - Local [UUID(777d2256)]: Key/s [cpu, memory, time, disks] is/are not supported by backend. Unsupported attributes will not be part of job executions.
2018-09-02 10:59:55,354 WARN  - Local [UUID(777d2256)]: Key/s [preemptible, disks, cpu, time, memory] is/are not supported by backend. Unsupported attributes will not be part of job executions.
2018-09-02 10:59:55,355 WARN  - Local [UUID(777d2256)]: Key/s [cpu, memory, time, disks] is/are not supported by backend. Unsupported attributes will not be part of job executions.
2018-09-02 10:59:55,355 WARN  - Local [UUID(777d2256)]: Key/s [cpu, memory, time, disks] is/are not supported by backend. Unsupported attributes will not be part of job executions.
2018-09-02 10:59:55,355 WARN  - Local [UUID(777d2256)]: Key/s [cpu, memory, time, disks] is/are not supported by backend. Unsupported attributes will not be part of job executions.
2018-09-02 10:59:55,355 WARN  - Local [UUID(777d2256)]: Key/s [cpu, memory, time, disks] is/are not supported by backend. Unsupported attributes will not be part of job executions.
2018-09-02 10:59:55,355 WARN  - Local [UUID(777d2256)]: Key/s [cpu, memory, time, disks] is/are not supported by backend. Unsupported attributes will not be part of job executions.
2018-09-02 10:59:55,355 WARN  - Local [UUID(777d2256)]: Key/s [cpu, memory, time, disks] is/are not supported by backend. Unsupported attributes will not be part of job executions.
2018-09-02 10:59:55,356 WARN  - Local [UUID(777d2256)]: Key/s [cpu, memory, time, disks] is/are not supported by backend. Unsupported attributes will not be part of job executions.
2018-09-02 10:59:55,356 WARN  - Local [UUID(777d2256)]: Key/s [cpu, memory, time, disks] is/are not supported by backend. Unsupported attributes will not be part of job executions.
2018-09-02 10:59:55,356 WARN  - Local [UUID(777d2256)]: Key/s [cpu, memory, time, disks] is/are not supported by backend. Unsupported attributes will not be part of job executions.
2018-09-02 10:59:55,356 WARN  - Local [UUID(777d2256)]: Key/s [cpu, memory, time, disks] is/are not supported by backend. Unsupported attributes will not be part of job executions.
2018-09-02 10:59:55,356 WARN  - Local [UUID(777d2256)]: Key/s [cpu, memory, time, disks] is/are not supported by backend. Unsupported attributes will not be part of job executions.
2018-09-02 10:59:55,356 WARN  - Local [UUID(777d2256)]: Key/s [cpu, memory, time, disks] is/are not supported by backend. Unsupported attributes will not be part of job executions.
2018-09-02 10:59:55,356 WARN  - Local [UUID(777d2256)]: Key/s [cpu, memory, time, disks] is/are not supported by backend. Unsupported attributes will not be part of job executions.
2018-09-02 10:59:57,617 INFO  - WorkflowExecutionActor-777d2256-589f-48cc-ba8c-aef02c3e7dce [UUID(777d2256)]: Starting atac.read_genome_tsv
2018-09-02 10:59:57,618 INFO  - WorkflowExecutionActor-777d2256-589f-48cc-ba8c-aef02c3e7dce [UUID(777d2256)]: Condition met: '!align_only && !true_rep_only'. Running conditional section
2018-09-02 10:59:57,619 INFO  - WorkflowExecutionActor-777d2256-589f-48cc-ba8c-aef02c3e7dce [UUID(777d2256)]: Condition met: 'enable_idr'. Running conditional section
2018-09-02 10:59:57,620 INFO  - WorkflowExecutionActor-777d2256-589f-48cc-ba8c-aef02c3e7dce [UUID(777d2256)]: Condition met: '!disable_xcor'. Running conditional section
2018-09-02 10:59:57,620 INFO  - WorkflowExecutionActor-777d2256-589f-48cc-ba8c-aef02c3e7dce [UUID(777d2256)]: Condition met: 'enable_idr'. Running conditional section
2018-09-02 10:59:57,621 INFO  - WorkflowExecutionActor-777d2256-589f-48cc-ba8c-aef02c3e7dce [UUID(777d2256)]: Condition met: '!align_only && !true_rep_only && enable_idr'. Running conditional section
2018-09-02 10:59:57,629 INFO  - WorkflowExecutionActor-777d2256-589f-48cc-ba8c-aef02c3e7dce [UUID(777d2256)]: Condition met: '!true_rep_only'. Running conditional section
2018-09-02 10:59:58,110 WARN  - BackgroundConfigAsyncJobExecutionActor [UUID(777d2256)atac.read_genome_tsv:NA:1]: Unrecognized runtime attribute keys: disks, cpu, time, memory
2018-09-02 10:59:58,516 INFO  - BackgroundConfigAsyncJobExecutionActor [UUID(777d2256)atac.read_genome_tsv:NA:1]: `cat /users/xli6/scripts/atacseq/atac_durga/cromwell-executions/atac/777d2256-589f-48cc-ba8c-aef02c3e7dce/call-read_genome_tsv/inputs/879136058/rn6.tsv`
2018-09-02 10:59:58,557 INFO  - BackgroundConfigAsyncJobExecutionActor [UUID(777d2256)atac.read_genome_tsv:NA:1]: executing: /bin/bash /users/xli6/scripts/atacseq/atac_durga/cromwell-executions/atac/777d2256-589f-48cc-ba8c-aef02c3e7dce/call-read_genome_tsv/execution/script
2018-09-02 11:00:01,366 INFO  - BackgroundConfigAsyncJobExecutionActor [UUID(777d2256)atac.read_genome_tsv:NA:1]: job id: 84050
2018-09-02 11:00:01,371 INFO  - BackgroundConfigAsyncJobExecutionActor [UUID(777d2256)atac.read_genome_tsv:NA:1]: Status change from - to Done
2018-09-02 11:00:01,727 INFO  - WorkflowExecutionActor-777d2256-589f-48cc-ba8c-aef02c3e7dce [UUID(777d2256)]: Starting atac.trim_adapter
2018-09-02 11:00:02,008 WARN  - BackgroundConfigAsyncJobExecutionActor [UUID(777d2256)atac.trim_adapter:0:1]: Unrecognized runtime attribute keys: disks, cpu, time, memory
2018-09-02 11:00:02,043 INFO  - BackgroundConfigAsyncJobExecutionActor [UUID(777d2256)atac.trim_adapter:0:1]: `python $(which encode_trim_adapter.py) \
	/users/xli6/scripts/atacseq/atac_durga/cromwell-executions/atac/777d2256-589f-48cc-ba8c-aef02c3e7dce/call-trim_adapter/shard-0/execution/write_tsv_6200683a76b22cafc58aea3c8443005b.tmp \
	--adapters /users/xli6/scripts/atacseq/atac_durga/cromwell-executions/atac/777d2256-589f-48cc-ba8c-aef02c3e7dce/call-trim_adapter/shard-0/execution/write_tsv_d41d8cd98f00b204e9800998ecf8427e.tmp \
	--paired-end \
	--auto-detect-adapter \
	--min-trim-len 5 \
	--err-rate 0.1 \
	--nth 1`
2018-09-02 11:00:02,048 INFO  - BackgroundConfigAsyncJobExecutionActor [UUID(777d2256)atac.trim_adapter:0:1]: executing: /bin/bash /users/xli6/scripts/atacseq/atac_durga/cromwell-executions/atac/777d2256-589f-48cc-ba8c-aef02c3e7dce/call-trim_adapter/shard-0/execution/script
2018-09-02 11:00:06,339 INFO  - BackgroundConfigAsyncJobExecutionActor [UUID(777d2256)atac.trim_adapter:0:1]: job id: 84432
2018-09-02 11:00:06,341 INFO  - BackgroundConfigAsyncJobExecutionActor [UUID(777d2256)atac.trim_adapter:0:1]: Status change from - to WaitingForReturnCodeFile
2018-09-02 11:26:59,196 INFO  - BackgroundConfigAsyncJobExecutionActor [UUID(777d2256)atac.trim_adapter:0:1]: Status change from WaitingForReturnCodeFile to Done
2018-09-02 11:27:00,467 INFO  - WorkflowExecutionActor-777d2256-589f-48cc-ba8c-aef02c3e7dce [UUID(777d2256)]: Starting atac.bowtie2
2018-09-02 11:27:01,003 WARN  - BackgroundConfigAsyncJobExecutionActor [UUID(777d2256)atac.bowtie2:0:1]: Unrecognized runtime attribute keys: preemptible, disks, cpu, time, memory
2018-09-02 11:27:01,014 INFO  - BackgroundConfigAsyncJobExecutionActor [UUID(777d2256)atac.bowtie2:0:1]: `python $(which encode_bowtie2.py) \
	/users/xli6/scripts/atacseq/atac_durga/cromwell-executions/atac/777d2256-589f-48cc-ba8c-aef02c3e7dce/call-bowtie2/shard-0/inputs/-2142767566/rn6.fa.tar \
	/users/xli6/scripts/atacseq/atac_durga/cromwell-executions/atac/777d2256-589f-48cc-ba8c-aef02c3e7dce/call-bowtie2/shard-0/inputs/583316192/merge_fastqs_R1_20180731-7-Gastroc-001-powder_S7_L001_R1_001.trim.merged.fastq.gz /users/xli6/scripts/atacseq/atac_durga/cromwell-executions/atac/777d2256-589f-48cc-ba8c-aef02c3e7dce/call-bowtie2/shard-0/inputs/583316192/merge_fastqs_R2_20180731-7-Gastroc-001-powder_S7_L001_R2_001.trim.merged.fastq.gz \
	--paired-end \
	--multimapping 4 \
	 \
	--nth 2`
2018-09-02 11:27:01,024 INFO  - BackgroundConfigAsyncJobExecutionActor [UUID(777d2256)atac.bowtie2:0:1]: executing: /bin/bash /users/xli6/scripts/atacseq/atac_durga/cromwell-executions/atac/777d2256-589f-48cc-ba8c-aef02c3e7dce/call-bowtie2/shard-0/execution/script
2018-09-02 11:27:01,342 INFO  - BackgroundConfigAsyncJobExecutionActor [UUID(777d2256)atac.bowtie2:0:1]: job id: 87409
2018-09-02 11:27:01,343 INFO  - BackgroundConfigAsyncJobExecutionActor [UUID(777d2256)atac.bowtie2:0:1]: Status change from - to WaitingForReturnCodeFile
