2018-09-02 10:59:42,529 INFO  - MaterializeWorkflowDescriptorActor [UUID(40180913)]: Parsing workflow as WDL draft-2
2018-09-02 10:59:57,067 INFO  - MaterializeWorkflowDescriptorActor [UUID(40180913)]: Call-to-Backend assignments: atac.idr_ppr -> Local, atac.macs2 -> Local, atac.reproducibility_overlap -> Local, atac.bowtie2 -> Local, atac.overlap_ppr -> Local, atac.ataqc -> Local, atac.macs2_pooled -> Local, atac.idr -> Local, atac.xcor -> Local, atac.spr -> Local, atac.reproducibility_idr -> Local, atac.pool_ta -> Local, atac.overlap -> Local, atac.macs2_ppr1 -> Local, atac.overlap_pr -> Local, atac.qc_report -> Local, atac.macs2_pr2 -> Local, atac.pool_ta_pr1 -> Local, atac.trim_adapter -> Local, atac.bam2ta -> Local, atac.macs2_ppr2 -> Local, atac.read_genome_tsv -> Local, atac.idr_pr -> Local, atac.filter -> Local, atac.pool_ta_pr2 -> Local, atac.macs2_pr1 -> Local
2018-09-02 10:59:57,170 WARN  - Local [UUID(40180913)]: Key/s [cpu, memory, time, disks] is/are not supported by backend. Unsupported attributes will not be part of job executions.
2018-09-02 10:59:57,184 WARN  - Local [UUID(40180913)]: Key/s [cpu, memory, time, disks] is/are not supported by backend. Unsupported attributes will not be part of job executions.
2018-09-02 10:59:57,184 WARN  - Local [UUID(40180913)]: Key/s [cpu, memory, time, disks] is/are not supported by backend. Unsupported attributes will not be part of job executions.
2018-09-02 10:59:57,184 WARN  - Local [UUID(40180913)]: Key/s [preemptible, disks, cpu, time, memory] is/are not supported by backend. Unsupported attributes will not be part of job executions.
2018-09-02 10:59:57,185 WARN  - Local [UUID(40180913)]: Key/s [cpu, memory, time, disks] is/are not supported by backend. Unsupported attributes will not be part of job executions.
2018-09-02 10:59:57,185 WARN  - Local [UUID(40180913)]: Key/s [cpu, memory, time, disks] is/are not supported by backend. Unsupported attributes will not be part of job executions.
2018-09-02 10:59:57,185 WARN  - Local [UUID(40180913)]: Key/s [cpu, memory, time, disks] is/are not supported by backend. Unsupported attributes will not be part of job executions.
2018-09-02 10:59:57,185 WARN  - Local [UUID(40180913)]: Key/s [cpu, memory, time, disks] is/are not supported by backend. Unsupported attributes will not be part of job executions.
2018-09-02 10:59:57,185 WARN  - Local [UUID(40180913)]: Key/s [cpu, memory, time, disks] is/are not supported by backend. Unsupported attributes will not be part of job executions.
2018-09-02 10:59:57,186 WARN  - Local [UUID(40180913)]: Key/s [cpu, memory, time, disks] is/are not supported by backend. Unsupported attributes will not be part of job executions.
2018-09-02 10:59:57,186 WARN  - Local [UUID(40180913)]: Key/s [cpu, memory, time, disks] is/are not supported by backend. Unsupported attributes will not be part of job executions.
2018-09-02 10:59:57,186 WARN  - Local [UUID(40180913)]: Key/s [cpu, memory, time, disks] is/are not supported by backend. Unsupported attributes will not be part of job executions.
2018-09-02 10:59:57,186 WARN  - Local [UUID(40180913)]: Key/s [cpu, memory, time, disks] is/are not supported by backend. Unsupported attributes will not be part of job executions.
2018-09-02 10:59:57,186 WARN  - Local [UUID(40180913)]: Key/s [cpu, memory, time, disks] is/are not supported by backend. Unsupported attributes will not be part of job executions.
2018-09-02 10:59:57,187 WARN  - Local [UUID(40180913)]: Key/s [cpu, memory, time, disks] is/are not supported by backend. Unsupported attributes will not be part of job executions.
2018-09-02 10:59:57,187 WARN  - Local [UUID(40180913)]: Key/s [cpu, memory, time, disks] is/are not supported by backend. Unsupported attributes will not be part of job executions.
2018-09-02 10:59:57,187 WARN  - Local [UUID(40180913)]: Key/s [cpu, memory, time, disks] is/are not supported by backend. Unsupported attributes will not be part of job executions.
2018-09-02 10:59:57,188 WARN  - Local [UUID(40180913)]: Key/s [cpu, memory, time, disks] is/are not supported by backend. Unsupported attributes will not be part of job executions.
2018-09-02 10:59:57,188 WARN  - Local [UUID(40180913)]: Key/s [cpu, memory, time, disks] is/are not supported by backend. Unsupported attributes will not be part of job executions.
2018-09-02 10:59:57,188 WARN  - Local [UUID(40180913)]: Key/s [cpu, memory, time, disks] is/are not supported by backend. Unsupported attributes will not be part of job executions.
2018-09-02 10:59:57,188 WARN  - Local [UUID(40180913)]: Key/s [cpu, memory, time, disks] is/are not supported by backend. Unsupported attributes will not be part of job executions.
2018-09-02 10:59:57,188 WARN  - Local [UUID(40180913)]: Key/s [cpu, memory, time, disks] is/are not supported by backend. Unsupported attributes will not be part of job executions.
2018-09-02 10:59:57,189 WARN  - Local [UUID(40180913)]: Key/s [cpu, memory, time, disks] is/are not supported by backend. Unsupported attributes will not be part of job executions.
2018-09-02 10:59:57,189 WARN  - Local [UUID(40180913)]: Key/s [cpu, memory, time, disks] is/are not supported by backend. Unsupported attributes will not be part of job executions.
2018-09-02 10:59:57,189 WARN  - Local [UUID(40180913)]: Key/s [cpu, memory, time, disks] is/are not supported by backend. Unsupported attributes will not be part of job executions.
2018-09-02 10:59:57,189 WARN  - Local [UUID(40180913)]: Key/s [cpu, memory, time, disks] is/are not supported by backend. Unsupported attributes will not be part of job executions.
2018-09-02 10:59:59,464 INFO  - WorkflowExecutionActor-40180913-29f4-470b-af3a-8db7619b8028 [UUID(40180913)]: Starting atac.read_genome_tsv
2018-09-02 10:59:59,465 INFO  - WorkflowExecutionActor-40180913-29f4-470b-af3a-8db7619b8028 [UUID(40180913)]: Condition met: '!align_only && !true_rep_only && enable_idr'. Running conditional section
2018-09-02 10:59:59,482 INFO  - WorkflowExecutionActor-40180913-29f4-470b-af3a-8db7619b8028 [UUID(40180913)]: Condition met: '!true_rep_only'. Running conditional section
2018-09-02 10:59:59,482 INFO  - WorkflowExecutionActor-40180913-29f4-470b-af3a-8db7619b8028 [UUID(40180913)]: Condition met: '!disable_xcor'. Running conditional section
2018-09-02 10:59:59,483 INFO  - WorkflowExecutionActor-40180913-29f4-470b-af3a-8db7619b8028 [UUID(40180913)]: Condition met: 'enable_idr'. Running conditional section
2018-09-02 10:59:59,483 INFO  - WorkflowExecutionActor-40180913-29f4-470b-af3a-8db7619b8028 [UUID(40180913)]: Condition met: '!align_only && !true_rep_only'. Running conditional section
2018-09-02 10:59:59,484 INFO  - WorkflowExecutionActor-40180913-29f4-470b-af3a-8db7619b8028 [UUID(40180913)]: Condition met: 'enable_idr'. Running conditional section
2018-09-02 11:00:00,143 WARN  - BackgroundConfigAsyncJobExecutionActor [UUID(40180913)atac.read_genome_tsv:NA:1]: Unrecognized runtime attribute keys: disks, cpu, time, memory
2018-09-02 11:00:00,727 INFO  - BackgroundConfigAsyncJobExecutionActor [UUID(40180913)atac.read_genome_tsv:NA:1]: `cat /users/xli6/scripts/atacseq/atac_durga/cromwell-executions/atac/40180913-29f4-470b-af3a-8db7619b8028/call-read_genome_tsv/inputs/879136058/rn6.tsv`
2018-09-02 11:00:00,777 INFO  - BackgroundConfigAsyncJobExecutionActor [UUID(40180913)atac.read_genome_tsv:NA:1]: executing: /bin/bash /users/xli6/scripts/atacseq/atac_durga/cromwell-executions/atac/40180913-29f4-470b-af3a-8db7619b8028/call-read_genome_tsv/execution/script
2018-09-02 11:00:03,571 INFO  - WorkflowExecutionActor-40180913-29f4-470b-af3a-8db7619b8028 [UUID(40180913)]: Starting atac.trim_adapter
2018-09-02 11:00:04,004 WARN  - BackgroundConfigAsyncJobExecutionActor [UUID(40180913)atac.trim_adapter:0:1]: Unrecognized runtime attribute keys: disks, cpu, time, memory
2018-09-02 11:00:04,042 INFO  - BackgroundConfigAsyncJobExecutionActor [UUID(40180913)atac.trim_adapter:0:1]: `python $(which encode_trim_adapter.py) \
	/users/xli6/scripts/atacseq/atac_durga/cromwell-executions/atac/40180913-29f4-470b-af3a-8db7619b8028/call-trim_adapter/shard-0/execution/write_tsv_dc7f7e17de7dddc7497a427a08c02838.tmp \
	--adapters /users/xli6/scripts/atacseq/atac_durga/cromwell-executions/atac/40180913-29f4-470b-af3a-8db7619b8028/call-trim_adapter/shard-0/execution/write_tsv_d41d8cd98f00b204e9800998ecf8427e.tmp \
	--paired-end \
	--auto-detect-adapter \
	--min-trim-len 5 \
	--err-rate 0.1 \
	--nth 1`
2018-09-02 11:00:04,047 INFO  - BackgroundConfigAsyncJobExecutionActor [UUID(40180913)atac.trim_adapter:0:1]: executing: /bin/bash /users/xli6/scripts/atacseq/atac_durga/cromwell-executions/atac/40180913-29f4-470b-af3a-8db7619b8028/call-trim_adapter/shard-0/execution/script
2018-09-02 11:00:05,662 INFO  - BackgroundConfigAsyncJobExecutionActor [UUID(40180913)atac.trim_adapter:0:1]: job id: 84482
2018-09-02 11:00:05,662 INFO  - BackgroundConfigAsyncJobExecutionActor [UUID(40180913)atac.read_genome_tsv:NA:1]: job id: 84129
2018-09-02 11:00:05,667 INFO  - BackgroundConfigAsyncJobExecutionActor [UUID(40180913)atac.read_genome_tsv:NA:1]: Status change from - to Done
2018-09-02 11:00:05,668 INFO  - BackgroundConfigAsyncJobExecutionActor [UUID(40180913)atac.trim_adapter:0:1]: Status change from - to WaitingForReturnCodeFile
2018-09-02 11:15:23,640 INFO  - BackgroundConfigAsyncJobExecutionActor [UUID(40180913)atac.trim_adapter:0:1]: Status change from WaitingForReturnCodeFile to Done
2018-09-02 11:15:25,659 INFO  - WorkflowExecutionActor-40180913-29f4-470b-af3a-8db7619b8028 [UUID(40180913)]: Starting atac.bowtie2
2018-09-02 11:15:25,998 WARN  - BackgroundConfigAsyncJobExecutionActor [UUID(40180913)atac.bowtie2:0:1]: Unrecognized runtime attribute keys: preemptible, disks, cpu, time, memory
2018-09-02 11:15:26,010 INFO  - BackgroundConfigAsyncJobExecutionActor [UUID(40180913)atac.bowtie2:0:1]: `python $(which encode_bowtie2.py) \
	/users/xli6/scripts/atacseq/atac_durga/cromwell-executions/atac/40180913-29f4-470b-af3a-8db7619b8028/call-bowtie2/shard-0/inputs/-2142767566/rn6.fa.tar \
	/users/xli6/scripts/atacseq/atac_durga/cromwell-executions/atac/40180913-29f4-470b-af3a-8db7619b8028/call-bowtie2/shard-0/inputs/-422816026/merge_fastqs_R1_20180725-2-Gastroc-002-powder_S2_L001_R1_001.trim.merged.fastq.gz /users/xli6/scripts/atacseq/atac_durga/cromwell-executions/atac/40180913-29f4-470b-af3a-8db7619b8028/call-bowtie2/shard-0/inputs/-422816026/merge_fastqs_R2_20180725-2-Gastroc-002-powder_S2_L001_R2_001.trim.merged.fastq.gz \
	--paired-end \
	--multimapping 4 \
	 \
	--nth 2`
2018-09-02 11:15:26,021 INFO  - BackgroundConfigAsyncJobExecutionActor [UUID(40180913)atac.bowtie2:0:1]: executing: /bin/bash /users/xli6/scripts/atacseq/atac_durga/cromwell-executions/atac/40180913-29f4-470b-af3a-8db7619b8028/call-bowtie2/shard-0/execution/script
2018-09-02 11:15:30,647 INFO  - BackgroundConfigAsyncJobExecutionActor [UUID(40180913)atac.bowtie2:0:1]: job id: 86808
2018-09-02 11:15:30,648 INFO  - BackgroundConfigAsyncJobExecutionActor [UUID(40180913)atac.bowtie2:0:1]: Status change from - to WaitingForReturnCodeFile
2018-09-02 14:04:15,709 INFO  - BackgroundConfigAsyncJobExecutionActor [UUID(40180913)atac.bowtie2:0:1]: Status change from WaitingForReturnCodeFile to Done
2018-09-02 14:04:21,320 INFO  - WorkflowExecutionActor-40180913-29f4-470b-af3a-8db7619b8028 [UUID(40180913)]: Starting atac.filter
2018-09-02 14:04:21,997 WARN  - BackgroundConfigAsyncJobExecutionActor [UUID(40180913)atac.filter:0:1]: Unrecognized runtime attribute keys: disks, cpu, time, memory
2018-09-02 14:04:22,004 INFO  - BackgroundConfigAsyncJobExecutionActor [UUID(40180913)atac.filter:0:1]: `python $(which encode_filter.py) \
	/users/xli6/scripts/atacseq/atac_durga/cromwell-executions/atac/40180913-29f4-470b-af3a-8db7619b8028/call-filter/shard-0/inputs/-637112317/20180725-2-Gastroc-002-powder_S2_L001_R1_001.trim.merged.bam \
	--paired-end \
	--multimapping 4 \
	--dup-marker picard \
	--mapq-thresh 30 \
	 \
	--nth 1
# ugly part to deal with optional outputs with Google JES backend

touch null`
2018-09-02 14:04:22,027 INFO  - BackgroundConfigAsyncJobExecutionActor [UUID(40180913)atac.filter:0:1]: executing: /bin/bash /users/xli6/scripts/atacseq/atac_durga/cromwell-executions/atac/40180913-29f4-470b-af3a-8db7619b8028/call-filter/shard-0/execution/script
2018-09-02 14:04:25,641 INFO  - BackgroundConfigAsyncJobExecutionActor [UUID(40180913)atac.filter:0:1]: job id: 93559
2018-09-02 14:04:25,645 INFO  - BackgroundConfigAsyncJobExecutionActor [UUID(40180913)atac.filter:0:1]: Status change from - to WaitingForReturnCodeFile
