2018-09-01 14:35:48,284 INFO  - MaterializeWorkflowDescriptorActor [UUID(c84c816a)]: Parsing workflow as WDL draft-2
2018-09-01 14:36:11,338 INFO  - MaterializeWorkflowDescriptorActor [UUID(c84c816a)]: Call-to-Backend assignments: atac.macs2_pr2 -> Local, atac.xcor -> Local, atac.ataqc -> Local, atac.pool_ta_pr2 -> Local, atac.bam2ta -> Local, atac.reproducibility_overlap -> Local, atac.filter -> Local, atac.read_genome_tsv -> Local, atac.reproducibility_idr -> Local, atac.overlap_ppr -> Local, atac.macs2_pr1 -> Local, atac.idr -> Local, atac.pool_ta -> Local, atac.macs2_ppr2 -> Local, atac.spr -> Local, atac.idr_ppr -> Local, atac.overlap -> Local, atac.overlap_pr -> Local, atac.pool_ta_pr1 -> Local, atac.idr_pr -> Local, atac.trim_adapter -> Local, atac.bowtie2 -> Local, atac.macs2_pooled -> Local, atac.macs2 -> Local, atac.qc_report -> Local, atac.macs2_ppr1 -> Local
2018-09-01 14:36:11,529 WARN  - Local [UUID(c84c816a)]: Key/s [cpu, memory, time, disks] is/are not supported by backend. Unsupported attributes will not be part of job executions.
2018-09-01 14:36:11,530 WARN  - Local [UUID(c84c816a)]: Key/s [cpu, memory, time, disks] is/are not supported by backend. Unsupported attributes will not be part of job executions.
2018-09-01 14:36:11,530 WARN  - Local [UUID(c84c816a)]: Key/s [cpu, memory, time, disks] is/are not supported by backend. Unsupported attributes will not be part of job executions.
2018-09-01 14:36:11,530 WARN  - Local [UUID(c84c816a)]: Key/s [cpu, memory, time, disks] is/are not supported by backend. Unsupported attributes will not be part of job executions.
2018-09-01 14:36:11,530 WARN  - Local [UUID(c84c816a)]: Key/s [cpu, memory, time, disks] is/are not supported by backend. Unsupported attributes will not be part of job executions.
2018-09-01 14:36:11,576 WARN  - Local [UUID(c84c816a)]: Key/s [cpu, memory, time, disks] is/are not supported by backend. Unsupported attributes will not be part of job executions.
2018-09-01 14:36:11,576 WARN  - Local [UUID(c84c816a)]: Key/s [cpu, memory, time, disks] is/are not supported by backend. Unsupported attributes will not be part of job executions.
2018-09-01 14:36:11,577 WARN  - Local [UUID(c84c816a)]: Key/s [cpu, memory, time, disks] is/are not supported by backend. Unsupported attributes will not be part of job executions.
2018-09-01 14:36:11,577 WARN  - Local [UUID(c84c816a)]: Key/s [cpu, memory, time, disks] is/are not supported by backend. Unsupported attributes will not be part of job executions.
2018-09-01 14:36:11,577 WARN  - Local [UUID(c84c816a)]: Key/s [cpu, memory, time, disks] is/are not supported by backend. Unsupported attributes will not be part of job executions.
2018-09-01 14:36:11,577 WARN  - Local [UUID(c84c816a)]: Key/s [cpu, memory, time, disks] is/are not supported by backend. Unsupported attributes will not be part of job executions.
2018-09-01 14:36:11,577 WARN  - Local [UUID(c84c816a)]: Key/s [cpu, memory, time, disks] is/are not supported by backend. Unsupported attributes will not be part of job executions.
2018-09-01 14:36:11,578 WARN  - Local [UUID(c84c816a)]: Key/s [cpu, memory, time, disks] is/are not supported by backend. Unsupported attributes will not be part of job executions.
2018-09-01 14:36:11,578 WARN  - Local [UUID(c84c816a)]: Key/s [cpu, memory, time, disks] is/are not supported by backend. Unsupported attributes will not be part of job executions.
2018-09-01 14:36:11,578 WARN  - Local [UUID(c84c816a)]: Key/s [cpu, memory, time, disks] is/are not supported by backend. Unsupported attributes will not be part of job executions.
2018-09-01 14:36:11,578 WARN  - Local [UUID(c84c816a)]: Key/s [cpu, memory, time, disks] is/are not supported by backend. Unsupported attributes will not be part of job executions.
2018-09-01 14:36:11,579 WARN  - Local [UUID(c84c816a)]: Key/s [cpu, memory, time, disks] is/are not supported by backend. Unsupported attributes will not be part of job executions.
2018-09-01 14:36:11,579 WARN  - Local [UUID(c84c816a)]: Key/s [cpu, memory, time, disks] is/are not supported by backend. Unsupported attributes will not be part of job executions.
2018-09-01 14:36:11,579 WARN  - Local [UUID(c84c816a)]: Key/s [cpu, memory, time, disks] is/are not supported by backend. Unsupported attributes will not be part of job executions.
2018-09-01 14:36:11,579 WARN  - Local [UUID(c84c816a)]: Key/s [cpu, memory, time, disks] is/are not supported by backend. Unsupported attributes will not be part of job executions.
2018-09-01 14:36:11,579 WARN  - Local [UUID(c84c816a)]: Key/s [cpu, memory, time, disks] is/are not supported by backend. Unsupported attributes will not be part of job executions.
2018-09-01 14:36:11,580 WARN  - Local [UUID(c84c816a)]: Key/s [preemptible, disks, cpu, time, memory] is/are not supported by backend. Unsupported attributes will not be part of job executions.
2018-09-01 14:36:11,580 WARN  - Local [UUID(c84c816a)]: Key/s [cpu, memory, time, disks] is/are not supported by backend. Unsupported attributes will not be part of job executions.
2018-09-01 14:36:11,580 WARN  - Local [UUID(c84c816a)]: Key/s [cpu, memory, time, disks] is/are not supported by backend. Unsupported attributes will not be part of job executions.
2018-09-01 14:36:11,580 WARN  - Local [UUID(c84c816a)]: Key/s [cpu, memory, time, disks] is/are not supported by backend. Unsupported attributes will not be part of job executions.
2018-09-01 14:36:11,580 WARN  - Local [UUID(c84c816a)]: Key/s [cpu, memory, time, disks] is/are not supported by backend. Unsupported attributes will not be part of job executions.
2018-09-01 14:36:14,445 INFO  - WorkflowExecutionActor-c84c816a-29d0-4ca0-be60-db026062eee8 [UUID(c84c816a)]: Starting atac.read_genome_tsv
2018-09-01 14:36:14,446 INFO  - WorkflowExecutionActor-c84c816a-29d0-4ca0-be60-db026062eee8 [UUID(c84c816a)]: Condition met: '!align_only && !true_rep_only'. Running conditional section
2018-09-01 14:36:14,449 INFO  - WorkflowExecutionActor-c84c816a-29d0-4ca0-be60-db026062eee8 [UUID(c84c816a)]: Condition met: '!disable_xcor'. Running conditional section
2018-09-01 14:36:14,451 INFO  - WorkflowExecutionActor-c84c816a-29d0-4ca0-be60-db026062eee8 [UUID(c84c816a)]: Condition met: 'enable_idr'. Running conditional section
2018-09-01 14:36:14,451 INFO  - WorkflowExecutionActor-c84c816a-29d0-4ca0-be60-db026062eee8 [UUID(c84c816a)]: Condition met: 'enable_idr'. Running conditional section
2018-09-01 14:36:14,467 INFO  - WorkflowExecutionActor-c84c816a-29d0-4ca0-be60-db026062eee8 [UUID(c84c816a)]: Condition met: '!align_only && !true_rep_only && enable_idr'. Running conditional section
2018-09-01 14:36:14,468 INFO  - WorkflowExecutionActor-c84c816a-29d0-4ca0-be60-db026062eee8 [UUID(c84c816a)]: Condition met: '!true_rep_only'. Running conditional section
2018-09-01 14:36:15,219 WARN  - BackgroundConfigAsyncJobExecutionActor [UUID(c84c816a)atac.read_genome_tsv:NA:1]: Unrecognized runtime attribute keys: disks, cpu, time, memory
2018-09-01 14:36:16,678 INFO  - BackgroundConfigAsyncJobExecutionActor [UUID(c84c816a)atac.read_genome_tsv:NA:1]: `cat /users/xli6/scripts/atacseq/atac_durga/cromwell-executions/atac/c84c816a-29d0-4ca0-be60-db026062eee8/call-read_genome_tsv/inputs/1482462591/Rnor6.tsv`
2018-09-01 14:36:16,728 INFO  - BackgroundConfigAsyncJobExecutionActor [UUID(c84c816a)atac.read_genome_tsv:NA:1]: executing: /bin/bash /users/xli6/scripts/atacseq/atac_durga/cromwell-executions/atac/c84c816a-29d0-4ca0-be60-db026062eee8/call-read_genome_tsv/execution/script
2018-09-01 14:36:19,508 INFO  - WorkflowExecutionActor-c84c816a-29d0-4ca0-be60-db026062eee8 [UUID(c84c816a)]: Starting atac.trim_adapter
2018-09-01 14:36:20,012 WARN  - BackgroundConfigAsyncJobExecutionActor [UUID(c84c816a)atac.trim_adapter:0:1]: Unrecognized runtime attribute keys: disks, cpu, time, memory
2018-09-01 14:36:20,055 INFO  - BackgroundConfigAsyncJobExecutionActor [UUID(c84c816a)atac.trim_adapter:0:1]: `python $(which encode_trim_adapter.py) \
	/users/xli6/scripts/atacseq/atac_durga/cromwell-executions/atac/c84c816a-29d0-4ca0-be60-db026062eee8/call-trim_adapter/shard-0/execution/write_tsv_8f1b0ff215b222b166109441b6419ec4.tmp \
	--adapters /users/xli6/scripts/atacseq/atac_durga/cromwell-executions/atac/c84c816a-29d0-4ca0-be60-db026062eee8/call-trim_adapter/shard-0/execution/write_tsv_d41d8cd98f00b204e9800998ecf8427e.tmp \
	--paired-end \
	--auto-detect-adapter \
	--min-trim-len 5 \
	--err-rate 0.1 \
	--nth 1`
2018-09-01 14:36:20,062 INFO  - BackgroundConfigAsyncJobExecutionActor [UUID(c84c816a)atac.trim_adapter:0:1]: executing: /bin/bash /users/xli6/scripts/atacseq/atac_durga/cromwell-executions/atac/c84c816a-29d0-4ca0-be60-db026062eee8/call-trim_adapter/shard-0/execution/script
2018-09-01 14:36:20,995 INFO  - BackgroundConfigAsyncJobExecutionActor [UUID(c84c816a)atac.trim_adapter:0:1]: job id: 38865
2018-09-01 14:36:20,995 INFO  - BackgroundConfigAsyncJobExecutionActor [UUID(c84c816a)atac.read_genome_tsv:NA:1]: job id: 38716
2018-09-01 14:36:20,999 INFO  - BackgroundConfigAsyncJobExecutionActor [UUID(c84c816a)atac.read_genome_tsv:NA:1]: Status change from - to Done
2018-09-01 14:36:20,999 INFO  - BackgroundConfigAsyncJobExecutionActor [UUID(c84c816a)atac.trim_adapter:0:1]: Status change from - to WaitingForReturnCodeFile
2018-09-01 15:04:08,509 INFO  - BackgroundConfigAsyncJobExecutionActor [UUID(c84c816a)atac.trim_adapter:0:1]: Status change from WaitingForReturnCodeFile to Done
2018-09-01 15:04:10,267 INFO  - WorkflowExecutionActor-c84c816a-29d0-4ca0-be60-db026062eee8 [UUID(c84c816a)]: Starting atac.bowtie2
2018-09-01 15:04:11,009 WARN  - BackgroundConfigAsyncJobExecutionActor [UUID(c84c816a)atac.bowtie2:0:1]: Unrecognized runtime attribute keys: preemptible, disks, cpu, time, memory
2018-09-01 15:04:11,022 INFO  - BackgroundConfigAsyncJobExecutionActor [UUID(c84c816a)atac.bowtie2:0:1]: `python $(which encode_bowtie2.py) \
	/users/xli6/scripts/atacseq/atac_durga/cromwell-executions/atac/c84c816a-29d0-4ca0-be60-db026062eee8/call-bowtie2/shard-0/inputs/1039591591/Rattus_norvegicus.Rnor_6.0.dna.toplevel.fa.tar \
	/users/xli6/scripts/atacseq/atac_durga/cromwell-executions/atac/c84c816a-29d0-4ca0-be60-db026062eee8/call-bowtie2/shard-0/inputs/577455303/merge_fastqs_R1_20180725-5-Liver-002-powder_S5_L001_R1_001.trim.merged.fastq.gz /users/xli6/scripts/atacseq/atac_durga/cromwell-executions/atac/c84c816a-29d0-4ca0-be60-db026062eee8/call-bowtie2/shard-0/inputs/577455303/merge_fastqs_R2_20180725-5-Liver-002-powder_S5_L001_R2_001.trim.merged.fastq.gz \
	--paired-end \
	--multimapping 4 \
	 \
	--nth 2`
2018-09-01 15:04:11,033 INFO  - BackgroundConfigAsyncJobExecutionActor [UUID(c84c816a)atac.bowtie2:0:1]: executing: /bin/bash /users/xli6/scripts/atacseq/atac_durga/cromwell-executions/atac/c84c816a-29d0-4ca0-be60-db026062eee8/call-bowtie2/shard-0/execution/script
2018-09-01 15:04:15,991 INFO  - BackgroundConfigAsyncJobExecutionActor [UUID(c84c816a)atac.bowtie2:0:1]: job id: 41567
2018-09-01 15:04:15,993 INFO  - BackgroundConfigAsyncJobExecutionActor [UUID(c84c816a)atac.bowtie2:0:1]: Status change from - to WaitingForReturnCodeFile
2018-09-01 19:43:09,887 INFO  - BackgroundConfigAsyncJobExecutionActor [UUID(c84c816a)atac.bowtie2:0:1]: Status change from WaitingForReturnCodeFile to Done
2018-09-01 19:43:15,317 INFO  - WorkflowExecutionActor-c84c816a-29d0-4ca0-be60-db026062eee8 [UUID(c84c816a)]: Starting atac.filter
2018-09-01 19:43:16,004 WARN  - BackgroundConfigAsyncJobExecutionActor [UUID(c84c816a)atac.filter:0:1]: Unrecognized runtime attribute keys: disks, cpu, time, memory
2018-09-01 19:43:16,025 INFO  - BackgroundConfigAsyncJobExecutionActor [UUID(c84c816a)atac.filter:0:1]: `python $(which encode_filter.py) \
	/users/xli6/scripts/atacseq/atac_durga/cromwell-executions/atac/c84c816a-29d0-4ca0-be60-db026062eee8/call-filter/shard-0/inputs/605067650/20180725-5-Liver-002-powder_S5_L001_R1_001.trim.merged.bam \
	--paired-end \
	--multimapping 4 \
	--dup-marker picard \
	--mapq-thresh 30 \
	 \
	--nth 1
# ugly part to deal with optional outputs with Google JES backend

touch null`
2018-09-01 19:43:16,048 INFO  - BackgroundConfigAsyncJobExecutionActor [UUID(c84c816a)atac.filter:0:1]: executing: /bin/bash /users/xli6/scripts/atacseq/atac_durga/cromwell-executions/atac/c84c816a-29d0-4ca0-be60-db026062eee8/call-filter/shard-0/execution/script
2018-09-01 19:43:20,989 INFO  - BackgroundConfigAsyncJobExecutionActor [UUID(c84c816a)atac.filter:0:1]: job id: 54870
2018-09-01 19:43:20,990 INFO  - BackgroundConfigAsyncJobExecutionActor [UUID(c84c816a)atac.filter:0:1]: Status change from - to WaitingForReturnCodeFile
2018-09-01 21:16:34,326 INFO  - BackgroundConfigAsyncJobExecutionActor [UUID(c84c816a)atac.filter:0:1]: Status change from WaitingForReturnCodeFile to Done
2018-09-01 21:16:40,027 INFO  - WorkflowExecutionActor-c84c816a-29d0-4ca0-be60-db026062eee8 [UUID(c84c816a)]: Starting atac.bam2ta
2018-09-01 21:16:41,001 WARN  - BackgroundConfigAsyncJobExecutionActor [UUID(c84c816a)atac.bam2ta:0:1]: Unrecognized runtime attribute keys: disks, cpu, time, memory
2018-09-01 21:16:41,011 INFO  - BackgroundConfigAsyncJobExecutionActor [UUID(c84c816a)atac.bam2ta:0:1]: `python $(which encode_bam2ta.py) \
	/users/xli6/scripts/atacseq/atac_durga/cromwell-executions/atac/c84c816a-29d0-4ca0-be60-db026062eee8/call-bam2ta/shard-0/inputs/-629742872/20180725-5-Liver-002-powder_S5_L001_R1_001.trim.merged.nodup.bam \
	--paired-end \
	 \
	--regex-grep-v-ta 'chrM' \
	--subsample 0 \`
2018-09-01 21:16:41,015 INFO  - BackgroundConfigAsyncJobExecutionActor [UUID(c84c816a)atac.bam2ta:0:1]: executing: /bin/bash /users/xli6/scripts/atacseq/atac_durga/cromwell-executions/atac/c84c816a-29d0-4ca0-be60-db026062eee8/call-bam2ta/shard-0/execution/script
2018-09-01 21:16:45,988 INFO  - BackgroundConfigAsyncJobExecutionActor [UUID(c84c816a)atac.bam2ta:0:1]: job id: 59695
2018-09-01 21:16:45,989 INFO  - BackgroundConfigAsyncJobExecutionActor [UUID(c84c816a)atac.bam2ta:0:1]: Status change from - to WaitingForReturnCodeFile
2018-09-01 21:32:02,656 INFO  - BackgroundConfigAsyncJobExecutionActor [UUID(c84c816a)atac.bam2ta:0:1]: Status change from WaitingForReturnCodeFile to Done
2018-09-01 21:32:06,168 INFO  - WorkflowExecutionActor-c84c816a-29d0-4ca0-be60-db026062eee8 [UUID(c84c816a)]: Condition NOT met: 'length(tas_) > 1'. Bypassing conditional section
2018-09-01 21:32:06,170 INFO  - WorkflowExecutionActor-c84c816a-29d0-4ca0-be60-db026062eee8 [UUID(c84c816a)]: Condition NOT met: '!true_rep_only && length(tas_) > 1'. Bypassing conditional section
2018-09-01 21:32:08,227 INFO  - WorkflowExecutionActor-c84c816a-29d0-4ca0-be60-db026062eee8 [UUID(c84c816a)]: Starting atac.xcor, atac.spr, atac.macs2
2018-09-01 21:32:09,002 WARN  - BackgroundConfigAsyncJobExecutionActor [UUID(c84c816a)atac.macs2:0:1]: Unrecognized runtime attribute keys: disks, cpu, time, memory
2018-09-01 21:32:09,002 WARN  - BackgroundConfigAsyncJobExecutionActor [UUID(c84c816a)atac.spr:0:1]: Unrecognized runtime attribute keys: disks, cpu, time, memory
2018-09-01 21:32:09,004 WARN  - BackgroundConfigAsyncJobExecutionActor [UUID(c84c816a)atac.xcor:0:1]: Unrecognized runtime attribute keys: disks, cpu, time, memory
2018-09-01 21:32:09,008 INFO  - BackgroundConfigAsyncJobExecutionActor [UUID(c84c816a)atac.spr:0:1]: `python $(which encode_spr.py) \
	/users/xli6/scripts/atacseq/atac_durga/cromwell-executions/atac/c84c816a-29d0-4ca0-be60-db026062eee8/call-spr/shard-0/inputs/-420611326/20180725-5-Liver-002-powder_S5_L001_R1_001.trim.merged.nodup.tn5.tagAlign.gz \
	--paired-end`
2018-09-01 21:32:09,012 INFO  - BackgroundConfigAsyncJobExecutionActor [UUID(c84c816a)atac.macs2:0:1]: `python $(which encode_macs2_atac.py) \
	/users/xli6/scripts/atacseq/atac_durga/cromwell-executions/atac/c84c816a-29d0-4ca0-be60-db026062eee8/call-macs2/shard-0/inputs/-420611326/20180725-5-Liver-002-powder_S5_L001_R1_001.trim.merged.nodup.tn5.tagAlign.gz \
	--gensz 2870184193 \
	--chrsz /users/xli6/scripts/atacseq/atac_durga/cromwell-executions/atac/c84c816a-29d0-4ca0-be60-db026062eee8/call-macs2/shard-0/inputs/1159650167/Rnor6.chrom.sizes \
	--cap-num-peak 300000 \
	--pval-thresh 0.01 \
	--smooth-win 73 \
	--make-signal \
	--blacklist /users/xli6/scripts/atacseq/atac_durga/cromwell-executions/atac/c84c816a-29d0-4ca0-be60-db026062eee8/call-macs2/shard-0/inputs/1159650167/null

# ugly part to deal with optional outputs with Google JES backend

touch null`
2018-09-01 21:32:09,012 INFO  - BackgroundConfigAsyncJobExecutionActor [UUID(c84c816a)atac.xcor:0:1]: `python $(which encode_xcor.py) \
	/users/xli6/scripts/atacseq/atac_durga/cromwell-executions/atac/c84c816a-29d0-4ca0-be60-db026062eee8/call-xcor/shard-0/inputs/-420611326/20180725-5-Liver-002-powder_S5_L001_R1_001.trim.merged.nodup.tn5.tagAlign.gz \
	--paired-end \
	--subsample 25000000 \
	--speak=0 \
	--nth 2`
2018-09-01 21:32:09,013 INFO  - BackgroundConfigAsyncJobExecutionActor [UUID(c84c816a)atac.spr:0:1]: executing: /bin/bash /users/xli6/scripts/atacseq/atac_durga/cromwell-executions/atac/c84c816a-29d0-4ca0-be60-db026062eee8/call-spr/shard-0/execution/script
2018-09-01 21:32:09,025 INFO  - BackgroundConfigAsyncJobExecutionActor [UUID(c84c816a)atac.xcor:0:1]: executing: /bin/bash /users/xli6/scripts/atacseq/atac_durga/cromwell-executions/atac/c84c816a-29d0-4ca0-be60-db026062eee8/call-xcor/shard-0/execution/script
2018-09-01 21:32:09,028 INFO  - BackgroundConfigAsyncJobExecutionActor [UUID(c84c816a)atac.macs2:0:1]: executing: /bin/bash /users/xli6/scripts/atacseq/atac_durga/cromwell-executions/atac/c84c816a-29d0-4ca0-be60-db026062eee8/call-macs2/shard-0/execution/script
2018-09-01 21:32:10,991 INFO  - BackgroundConfigAsyncJobExecutionActor [UUID(c84c816a)atac.spr:0:1]: job id: 60386
2018-09-01 21:32:10,991 INFO  - BackgroundConfigAsyncJobExecutionActor [UUID(c84c816a)atac.xcor:0:1]: job id: 60393
2018-09-01 21:32:10,991 INFO  - BackgroundConfigAsyncJobExecutionActor [UUID(c84c816a)atac.macs2:0:1]: job id: 60399
2018-09-01 21:32:10,992 INFO  - BackgroundConfigAsyncJobExecutionActor [UUID(c84c816a)atac.xcor:0:1]: Status change from - to WaitingForReturnCodeFile
2018-09-01 21:32:10,992 INFO  - BackgroundConfigAsyncJobExecutionActor [UUID(c84c816a)atac.spr:0:1]: Status change from - to WaitingForReturnCodeFile
2018-09-01 21:32:10,992 INFO  - BackgroundConfigAsyncJobExecutionActor [UUID(c84c816a)atac.macs2:0:1]: Status change from - to WaitingForReturnCodeFile
2018-09-01 21:34:17,526 INFO  - BackgroundConfigAsyncJobExecutionActor [UUID(c84c816a)atac.spr:0:1]: Status change from WaitingForReturnCodeFile to Done
2018-09-01 21:34:18,787 INFO  - WorkflowExecutionActor-c84c816a-29d0-4ca0-be60-db026062eee8 [UUID(c84c816a)]: Starting atac.macs2_pr1, atac.macs2_pr2
2018-09-01 21:34:19,003 WARN  - BackgroundConfigAsyncJobExecutionActor [UUID(c84c816a)atac.macs2_pr1:0:1]: Unrecognized runtime attribute keys: disks, cpu, time, memory
2018-09-01 21:34:19,004 WARN  - BackgroundConfigAsyncJobExecutionActor [UUID(c84c816a)atac.macs2_pr2:0:1]: Unrecognized runtime attribute keys: disks, cpu, time, memory
2018-09-01 21:34:19,017 INFO  - BackgroundConfigAsyncJobExecutionActor [UUID(c84c816a)atac.macs2_pr2:0:1]: `python $(which encode_macs2_atac.py) \
	/users/xli6/scripts/atacseq/atac_durga/cromwell-executions/atac/c84c816a-29d0-4ca0-be60-db026062eee8/call-macs2_pr2/shard-0/inputs/-1243669665/20180725-5-Liver-002-powder_S5_L001_R1_001.trim.merged.nodup.tn5.pr2.tagAlign.gz \
	--gensz 2870184193 \
	--chrsz /users/xli6/scripts/atacseq/atac_durga/cromwell-executions/atac/c84c816a-29d0-4ca0-be60-db026062eee8/call-macs2_pr2/shard-0/inputs/1159650167/Rnor6.chrom.sizes \
	--cap-num-peak 300000 \
	--pval-thresh 0.01 \
	--smooth-win 73 \
	 \
	--blacklist /users/xli6/scripts/atacseq/atac_durga/cromwell-executions/atac/c84c816a-29d0-4ca0-be60-db026062eee8/call-macs2_pr2/shard-0/inputs/1159650167/null

# ugly part to deal with optional outputs with Google JES backend
touch null.pval.signal.bigwig null.fc.signal.bigwig
touch null`
2018-09-01 21:34:19,019 INFO  - BackgroundConfigAsyncJobExecutionActor [UUID(c84c816a)atac.macs2_pr1:0:1]: `python $(which encode_macs2_atac.py) \
	/users/xli6/scripts/atacseq/atac_durga/cromwell-executions/atac/c84c816a-29d0-4ca0-be60-db026062eee8/call-macs2_pr1/shard-0/inputs/719951638/20180725-5-Liver-002-powder_S5_L001_R1_001.trim.merged.nodup.tn5.pr1.tagAlign.gz \
	--gensz 2870184193 \
	--chrsz /users/xli6/scripts/atacseq/atac_durga/cromwell-executions/atac/c84c816a-29d0-4ca0-be60-db026062eee8/call-macs2_pr1/shard-0/inputs/1159650167/Rnor6.chrom.sizes \
	--cap-num-peak 300000 \
	--pval-thresh 0.01 \
	--smooth-win 73 \
	 \
	--blacklist /users/xli6/scripts/atacseq/atac_durga/cromwell-executions/atac/c84c816a-29d0-4ca0-be60-db026062eee8/call-macs2_pr1/shard-0/inputs/1159650167/null

# ugly part to deal with optional outputs with Google JES backend
touch null.pval.signal.bigwig null.fc.signal.bigwig
touch null`
2018-09-01 21:34:19,037 INFO  - BackgroundConfigAsyncJobExecutionActor [UUID(c84c816a)atac.macs2_pr2:0:1]: executing: /bin/bash /users/xli6/scripts/atacseq/atac_durga/cromwell-executions/atac/c84c816a-29d0-4ca0-be60-db026062eee8/call-macs2_pr2/shard-0/execution/script
2018-09-01 21:34:19,037 INFO  - BackgroundConfigAsyncJobExecutionActor [UUID(c84c816a)atac.macs2_pr1:0:1]: executing: /bin/bash /users/xli6/scripts/atacseq/atac_durga/cromwell-executions/atac/c84c816a-29d0-4ca0-be60-db026062eee8/call-macs2_pr1/shard-0/execution/script
2018-09-01 21:34:20,989 INFO  - BackgroundConfigAsyncJobExecutionActor [UUID(c84c816a)atac.macs2_pr2:0:1]: job id: 60863
2018-09-01 21:34:20,989 INFO  - BackgroundConfigAsyncJobExecutionActor [UUID(c84c816a)atac.macs2_pr1:0:1]: job id: 60864
2018-09-01 21:34:20,989 INFO  - BackgroundConfigAsyncJobExecutionActor [UUID(c84c816a)atac.macs2_pr1:0:1]: Status change from - to WaitingForReturnCodeFile
2018-09-01 21:34:20,989 INFO  - BackgroundConfigAsyncJobExecutionActor [UUID(c84c816a)atac.macs2_pr2:0:1]: Status change from - to WaitingForReturnCodeFile
2018-09-01 21:39:57,486 INFO  - BackgroundConfigAsyncJobExecutionActor [UUID(c84c816a)atac.macs2_pr2:0:1]: Status change from WaitingForReturnCodeFile to Done
2018-09-01 21:40:25,106 INFO  - BackgroundConfigAsyncJobExecutionActor [UUID(c84c816a)atac.macs2_pr1:0:1]: Status change from WaitingForReturnCodeFile to Done
2018-09-01 21:44:25,176 INFO  - BackgroundConfigAsyncJobExecutionActor [UUID(c84c816a)atac.xcor:0:1]: Status change from WaitingForReturnCodeFile to Done
