2018-09-01 14:35:40,863 INFO  - MaterializeWorkflowDescriptorActor [UUID(26d20d41)]: Parsing workflow as WDL draft-2
2018-09-01 14:35:58,678 INFO  - MaterializeWorkflowDescriptorActor [UUID(26d20d41)]: Call-to-Backend assignments: atac.read_genome_tsv -> Local, atac.idr -> Local, atac.xcor -> Local, atac.macs2_ppr1 -> Local, atac.bam2ta -> Local, atac.pool_ta -> Local, atac.overlap_pr -> Local, atac.reproducibility_idr -> Local, atac.macs2_pooled -> Local, atac.spr -> Local, atac.reproducibility_overlap -> Local, atac.pool_ta_pr2 -> Local, atac.overlap_ppr -> Local, atac.qc_report -> Local, atac.trim_adapter -> Local, atac.filter -> Local, atac.macs2_ppr2 -> Local, atac.overlap -> Local, atac.idr_pr -> Local, atac.idr_ppr -> Local, atac.pool_ta_pr1 -> Local, atac.macs2_pr1 -> Local, atac.bowtie2 -> Local, atac.ataqc -> Local, atac.macs2 -> Local, atac.macs2_pr2 -> Local
2018-09-01 14:35:58,788 WARN  - Local [UUID(26d20d41)]: Key/s [cpu, memory, time, disks] is/are not supported by backend. Unsupported attributes will not be part of job executions.
2018-09-01 14:35:58,790 WARN  - Local [UUID(26d20d41)]: Key/s [cpu, memory, time, disks] is/are not supported by backend. Unsupported attributes will not be part of job executions.
2018-09-01 14:35:58,791 WARN  - Local [UUID(26d20d41)]: Key/s [cpu, memory, time, disks] is/are not supported by backend. Unsupported attributes will not be part of job executions.
2018-09-01 14:35:58,791 WARN  - Local [UUID(26d20d41)]: Key/s [cpu, memory, time, disks] is/are not supported by backend. Unsupported attributes will not be part of job executions.
2018-09-01 14:35:58,791 WARN  - Local [UUID(26d20d41)]: Key/s [cpu, memory, time, disks] is/are not supported by backend. Unsupported attributes will not be part of job executions.
2018-09-01 14:35:58,791 WARN  - Local [UUID(26d20d41)]: Key/s [cpu, memory, time, disks] is/are not supported by backend. Unsupported attributes will not be part of job executions.
2018-09-01 14:35:58,791 WARN  - Local [UUID(26d20d41)]: Key/s [cpu, memory, time, disks] is/are not supported by backend. Unsupported attributes will not be part of job executions.
2018-09-01 14:35:58,791 WARN  - Local [UUID(26d20d41)]: Key/s [cpu, memory, time, disks] is/are not supported by backend. Unsupported attributes will not be part of job executions.
2018-09-01 14:35:58,791 WARN  - Local [UUID(26d20d41)]: Key/s [cpu, memory, time, disks] is/are not supported by backend. Unsupported attributes will not be part of job executions.
2018-09-01 14:35:58,791 WARN  - Local [UUID(26d20d41)]: Key/s [cpu, memory, time, disks] is/are not supported by backend. Unsupported attributes will not be part of job executions.
2018-09-01 14:35:58,791 WARN  - Local [UUID(26d20d41)]: Key/s [cpu, memory, time, disks] is/are not supported by backend. Unsupported attributes will not be part of job executions.
2018-09-01 14:35:58,792 WARN  - Local [UUID(26d20d41)]: Key/s [cpu, memory, time, disks] is/are not supported by backend. Unsupported attributes will not be part of job executions.
2018-09-01 14:35:58,792 WARN  - Local [UUID(26d20d41)]: Key/s [cpu, memory, time, disks] is/are not supported by backend. Unsupported attributes will not be part of job executions.
2018-09-01 14:35:58,798 WARN  - Local [UUID(26d20d41)]: Key/s [cpu, memory, time, disks] is/are not supported by backend. Unsupported attributes will not be part of job executions.
2018-09-01 14:35:58,799 WARN  - Local [UUID(26d20d41)]: Key/s [cpu, memory, time, disks] is/are not supported by backend. Unsupported attributes will not be part of job executions.
2018-09-01 14:35:58,799 WARN  - Local [UUID(26d20d41)]: Key/s [cpu, memory, time, disks] is/are not supported by backend. Unsupported attributes will not be part of job executions.
2018-09-01 14:35:58,799 WARN  - Local [UUID(26d20d41)]: Key/s [cpu, memory, time, disks] is/are not supported by backend. Unsupported attributes will not be part of job executions.
2018-09-01 14:35:58,799 WARN  - Local [UUID(26d20d41)]: Key/s [cpu, memory, time, disks] is/are not supported by backend. Unsupported attributes will not be part of job executions.
2018-09-01 14:35:58,799 WARN  - Local [UUID(26d20d41)]: Key/s [cpu, memory, time, disks] is/are not supported by backend. Unsupported attributes will not be part of job executions.
2018-09-01 14:35:58,800 WARN  - Local [UUID(26d20d41)]: Key/s [cpu, memory, time, disks] is/are not supported by backend. Unsupported attributes will not be part of job executions.
2018-09-01 14:35:58,800 WARN  - Local [UUID(26d20d41)]: Key/s [cpu, memory, time, disks] is/are not supported by backend. Unsupported attributes will not be part of job executions.
2018-09-01 14:35:58,801 WARN  - Local [UUID(26d20d41)]: Key/s [cpu, memory, time, disks] is/are not supported by backend. Unsupported attributes will not be part of job executions.
2018-09-01 14:35:58,801 WARN  - Local [UUID(26d20d41)]: Key/s [preemptible, disks, cpu, time, memory] is/are not supported by backend. Unsupported attributes will not be part of job executions.
2018-09-01 14:35:58,801 WARN  - Local [UUID(26d20d41)]: Key/s [cpu, memory, time, disks] is/are not supported by backend. Unsupported attributes will not be part of job executions.
2018-09-01 14:35:58,801 WARN  - Local [UUID(26d20d41)]: Key/s [cpu, memory, time, disks] is/are not supported by backend. Unsupported attributes will not be part of job executions.
2018-09-01 14:35:58,801 WARN  - Local [UUID(26d20d41)]: Key/s [cpu, memory, time, disks] is/are not supported by backend. Unsupported attributes will not be part of job executions.
2018-09-01 14:36:01,053 INFO  - WorkflowExecutionActor-26d20d41-0ce5-4d3a-a774-b68c2af3f20f [UUID(26d20d41)]: Starting atac.read_genome_tsv
2018-09-01 14:36:01,053 INFO  - WorkflowExecutionActor-26d20d41-0ce5-4d3a-a774-b68c2af3f20f [UUID(26d20d41)]: Condition met: '!disable_xcor'. Running conditional section
2018-09-01 14:36:01,056 INFO  - WorkflowExecutionActor-26d20d41-0ce5-4d3a-a774-b68c2af3f20f [UUID(26d20d41)]: Condition met: '!align_only && !true_rep_only && enable_idr'. Running conditional section
2018-09-01 14:36:01,057 INFO  - WorkflowExecutionActor-26d20d41-0ce5-4d3a-a774-b68c2af3f20f [UUID(26d20d41)]: Condition met: '!true_rep_only'. Running conditional section
2018-09-01 14:36:01,058 INFO  - WorkflowExecutionActor-26d20d41-0ce5-4d3a-a774-b68c2af3f20f [UUID(26d20d41)]: Condition met: 'enable_idr'. Running conditional section
2018-09-01 14:36:01,073 INFO  - WorkflowExecutionActor-26d20d41-0ce5-4d3a-a774-b68c2af3f20f [UUID(26d20d41)]: Condition met: 'enable_idr'. Running conditional section
2018-09-01 14:36:01,074 INFO  - WorkflowExecutionActor-26d20d41-0ce5-4d3a-a774-b68c2af3f20f [UUID(26d20d41)]: Condition met: '!align_only && !true_rep_only'. Running conditional section
2018-09-01 14:36:01,619 WARN  - BackgroundConfigAsyncJobExecutionActor [UUID(26d20d41)atac.read_genome_tsv:NA:1]: Unrecognized runtime attribute keys: disks, cpu, time, memory
2018-09-01 14:36:02,169 INFO  - BackgroundConfigAsyncJobExecutionActor [UUID(26d20d41)atac.read_genome_tsv:NA:1]: `cat /users/xli6/scripts/atacseq/atac_durga/cromwell-executions/atac/26d20d41-0ce5-4d3a-a774-b68c2af3f20f/call-read_genome_tsv/inputs/1482462591/Rnor6.tsv`
2018-09-01 14:36:02,226 INFO  - BackgroundConfigAsyncJobExecutionActor [UUID(26d20d41)atac.read_genome_tsv:NA:1]: executing: /bin/bash /users/xli6/scripts/atacseq/atac_durga/cromwell-executions/atac/26d20d41-0ce5-4d3a-a774-b68c2af3f20f/call-read_genome_tsv/execution/script
2018-09-01 14:36:03,999 INFO  - BackgroundConfigAsyncJobExecutionActor [UUID(26d20d41)atac.read_genome_tsv:NA:1]: job id: 37758
2018-09-01 14:36:04,004 INFO  - BackgroundConfigAsyncJobExecutionActor [UUID(26d20d41)atac.read_genome_tsv:NA:1]: Status change from - to Done
2018-09-01 14:36:05,186 INFO  - WorkflowExecutionActor-26d20d41-0ce5-4d3a-a774-b68c2af3f20f [UUID(26d20d41)]: Starting atac.trim_adapter
2018-09-01 14:36:05,510 WARN  - BackgroundConfigAsyncJobExecutionActor [UUID(26d20d41)atac.trim_adapter:0:1]: Unrecognized runtime attribute keys: disks, cpu, time, memory
2018-09-01 14:36:05,561 INFO  - BackgroundConfigAsyncJobExecutionActor [UUID(26d20d41)atac.trim_adapter:0:1]: `python $(which encode_trim_adapter.py) \
	/users/xli6/scripts/atacseq/atac_durga/cromwell-executions/atac/26d20d41-0ce5-4d3a-a774-b68c2af3f20f/call-trim_adapter/shard-0/execution/write_tsv_9143fb1ac1cd5f44d2716165984d31c0.tmp \
	--adapters /users/xli6/scripts/atacseq/atac_durga/cromwell-executions/atac/26d20d41-0ce5-4d3a-a774-b68c2af3f20f/call-trim_adapter/shard-0/execution/write_tsv_d41d8cd98f00b204e9800998ecf8427e.tmp \
	--paired-end \
	--auto-detect-adapter \
	--min-trim-len 5 \
	--err-rate 0.1 \
	--nth 1`
2018-09-01 14:36:05,570 INFO  - BackgroundConfigAsyncJobExecutionActor [UUID(26d20d41)atac.trim_adapter:0:1]: executing: /bin/bash /users/xli6/scripts/atacseq/atac_durga/cromwell-executions/atac/26d20d41-0ce5-4d3a-a774-b68c2af3f20f/call-trim_adapter/shard-0/execution/script
2018-09-01 14:36:08,996 INFO  - BackgroundConfigAsyncJobExecutionActor [UUID(26d20d41)atac.trim_adapter:0:1]: job id: 37924
2018-09-01 14:36:08,999 INFO  - BackgroundConfigAsyncJobExecutionActor [UUID(26d20d41)atac.trim_adapter:0:1]: Status change from - to WaitingForReturnCodeFile
2018-09-01 15:09:26,076 INFO  - BackgroundConfigAsyncJobExecutionActor [UUID(26d20d41)atac.trim_adapter:0:1]: Status change from WaitingForReturnCodeFile to Done
2018-09-01 15:09:27,435 INFO  - WorkflowExecutionActor-26d20d41-0ce5-4d3a-a774-b68c2af3f20f [UUID(26d20d41)]: Starting atac.bowtie2
2018-09-01 15:09:27,505 WARN  - BackgroundConfigAsyncJobExecutionActor [UUID(26d20d41)atac.bowtie2:0:1]: Unrecognized runtime attribute keys: preemptible, disks, cpu, time, memory
2018-09-01 15:09:27,542 INFO  - BackgroundConfigAsyncJobExecutionActor [UUID(26d20d41)atac.bowtie2:0:1]: `python $(which encode_bowtie2.py) \
	/users/xli6/scripts/atacseq/atac_durga/cromwell-executions/atac/26d20d41-0ce5-4d3a-a774-b68c2af3f20f/call-bowtie2/shard-0/inputs/1039591591/Rattus_norvegicus.Rnor_6.0.dna.toplevel.fa.tar \
	/users/xli6/scripts/atacseq/atac_durga/cromwell-executions/atac/26d20d41-0ce5-4d3a-a774-b68c2af3f20f/call-bowtie2/shard-0/inputs/-1625189328/merge_fastqs_R1_20180815-11-Lung-002-piece_S11_L001_R1_001.trim.merged.fastq.gz /users/xli6/scripts/atacseq/atac_durga/cromwell-executions/atac/26d20d41-0ce5-4d3a-a774-b68c2af3f20f/call-bowtie2/shard-0/inputs/-1625189328/merge_fastqs_R2_20180815-11-Lung-002-piece_S11_L001_R2_001.trim.merged.fastq.gz \
	--paired-end \
	--multimapping 4 \
	 \
	--nth 2`
2018-09-01 15:09:27,555 INFO  - BackgroundConfigAsyncJobExecutionActor [UUID(26d20d41)atac.bowtie2:0:1]: executing: /bin/bash /users/xli6/scripts/atacseq/atac_durga/cromwell-executions/atac/26d20d41-0ce5-4d3a-a774-b68c2af3f20f/call-bowtie2/shard-0/execution/script
2018-09-01 15:09:28,969 INFO  - BackgroundConfigAsyncJobExecutionActor [UUID(26d20d41)atac.bowtie2:0:1]: job id: 42679
2018-09-01 15:09:28,970 INFO  - BackgroundConfigAsyncJobExecutionActor [UUID(26d20d41)atac.bowtie2:0:1]: Status change from - to WaitingForReturnCodeFile
2018-09-01 21:04:36,614 INFO  - BackgroundConfigAsyncJobExecutionActor [UUID(26d20d41)atac.bowtie2:0:1]: Status change from WaitingForReturnCodeFile to Done
2018-09-01 21:04:41,865 INFO  - WorkflowExecutionActor-26d20d41-0ce5-4d3a-a774-b68c2af3f20f [UUID(26d20d41)]: Starting atac.filter
2018-09-01 21:04:42,499 WARN  - BackgroundConfigAsyncJobExecutionActor [UUID(26d20d41)atac.filter:0:1]: Unrecognized runtime attribute keys: disks, cpu, time, memory
2018-09-01 21:04:42,507 INFO  - BackgroundConfigAsyncJobExecutionActor [UUID(26d20d41)atac.filter:0:1]: `python $(which encode_filter.py) \
	/users/xli6/scripts/atacseq/atac_durga/cromwell-executions/atac/26d20d41-0ce5-4d3a-a774-b68c2af3f20f/call-filter/shard-0/inputs/1170115705/20180815-11-Lung-002-piece_S11_L001_R1_001.trim.merged.bam \
	--paired-end \
	--multimapping 4 \
	--dup-marker picard \
	--mapq-thresh 30 \
	 \
	--nth 1
# ugly part to deal with optional outputs with Google JES backend

touch null`
2018-09-01 21:04:42,526 INFO  - BackgroundConfigAsyncJobExecutionActor [UUID(26d20d41)atac.filter:0:1]: executing: /bin/bash /users/xli6/scripts/atacseq/atac_durga/cromwell-executions/atac/26d20d41-0ce5-4d3a-a774-b68c2af3f20f/call-filter/shard-0/execution/script
2018-09-01 21:04:43,967 INFO  - BackgroundConfigAsyncJobExecutionActor [UUID(26d20d41)atac.filter:0:1]: job id: 59248
2018-09-01 21:04:43,968 INFO  - BackgroundConfigAsyncJobExecutionActor [UUID(26d20d41)atac.filter:0:1]: Status change from - to WaitingForReturnCodeFile
