2018-09-02 10:59:42,910 INFO  - MaterializeWorkflowDescriptorActor [UUID(4899ccda)]: Parsing workflow as WDL draft-2
2018-09-02 10:59:56,006 INFO  - MaterializeWorkflowDescriptorActor [UUID(4899ccda)]: Call-to-Backend assignments: atac.pool_ta_pr2 -> Local, atac.pool_ta_pr1 -> Local, atac.idr_pr -> Local, atac.overlap_pr -> Local, atac.macs2_pr1 -> Local, atac.spr -> Local, atac.macs2 -> Local, atac.pool_ta -> Local, atac.filter -> Local, atac.macs2_ppr1 -> Local, atac.reproducibility_overlap -> Local, atac.bowtie2 -> Local, atac.read_genome_tsv -> Local, atac.trim_adapter -> Local, atac.reproducibility_idr -> Local, atac.macs2_pooled -> Local, atac.qc_report -> Local, atac.bam2ta -> Local, atac.xcor -> Local, atac.idr -> Local, atac.macs2_ppr2 -> Local, atac.overlap -> Local, atac.idr_ppr -> Local, atac.overlap_ppr -> Local, atac.ataqc -> Local, atac.macs2_pr2 -> Local
2018-09-02 10:59:56,130 WARN  - Local [UUID(4899ccda)]: Key/s [cpu, memory, time, disks] is/are not supported by backend. Unsupported attributes will not be part of job executions.
2018-09-02 10:59:56,131 WARN  - Local [UUID(4899ccda)]: Key/s [cpu, memory, time, disks] is/are not supported by backend. Unsupported attributes will not be part of job executions.
2018-09-02 10:59:56,131 WARN  - Local [UUID(4899ccda)]: Key/s [cpu, memory, time, disks] is/are not supported by backend. Unsupported attributes will not be part of job executions.
2018-09-02 10:59:56,131 WARN  - Local [UUID(4899ccda)]: Key/s [cpu, memory, time, disks] is/are not supported by backend. Unsupported attributes will not be part of job executions.
2018-09-02 10:59:56,131 WARN  - Local [UUID(4899ccda)]: Key/s [cpu, memory, time, disks] is/are not supported by backend. Unsupported attributes will not be part of job executions.
2018-09-02 10:59:56,131 WARN  - Local [UUID(4899ccda)]: Key/s [cpu, memory, time, disks] is/are not supported by backend. Unsupported attributes will not be part of job executions.
2018-09-02 10:59:56,132 WARN  - Local [UUID(4899ccda)]: Key/s [cpu, memory, time, disks] is/are not supported by backend. Unsupported attributes will not be part of job executions.
2018-09-02 10:59:56,132 WARN  - Local [UUID(4899ccda)]: Key/s [cpu, memory, time, disks] is/are not supported by backend. Unsupported attributes will not be part of job executions.
2018-09-02 10:59:56,132 WARN  - Local [UUID(4899ccda)]: Key/s [cpu, memory, time, disks] is/are not supported by backend. Unsupported attributes will not be part of job executions.
2018-09-02 10:59:56,132 WARN  - Local [UUID(4899ccda)]: Key/s [cpu, memory, time, disks] is/are not supported by backend. Unsupported attributes will not be part of job executions.
2018-09-02 10:59:56,132 WARN  - Local [UUID(4899ccda)]: Key/s [cpu, memory, time, disks] is/are not supported by backend. Unsupported attributes will not be part of job executions.
2018-09-02 10:59:56,132 WARN  - Local [UUID(4899ccda)]: Key/s [preemptible, disks, cpu, time, memory] is/are not supported by backend. Unsupported attributes will not be part of job executions.
2018-09-02 10:59:56,132 WARN  - Local [UUID(4899ccda)]: Key/s [cpu, memory, time, disks] is/are not supported by backend. Unsupported attributes will not be part of job executions.
2018-09-02 10:59:56,133 WARN  - Local [UUID(4899ccda)]: Key/s [cpu, memory, time, disks] is/are not supported by backend. Unsupported attributes will not be part of job executions.
2018-09-02 10:59:56,133 WARN  - Local [UUID(4899ccda)]: Key/s [cpu, memory, time, disks] is/are not supported by backend. Unsupported attributes will not be part of job executions.
2018-09-02 10:59:56,133 WARN  - Local [UUID(4899ccda)]: Key/s [cpu, memory, time, disks] is/are not supported by backend. Unsupported attributes will not be part of job executions.
2018-09-02 10:59:56,133 WARN  - Local [UUID(4899ccda)]: Key/s [cpu, memory, time, disks] is/are not supported by backend. Unsupported attributes will not be part of job executions.
2018-09-02 10:59:56,133 WARN  - Local [UUID(4899ccda)]: Key/s [cpu, memory, time, disks] is/are not supported by backend. Unsupported attributes will not be part of job executions.
2018-09-02 10:59:56,133 WARN  - Local [UUID(4899ccda)]: Key/s [cpu, memory, time, disks] is/are not supported by backend. Unsupported attributes will not be part of job executions.
2018-09-02 10:59:56,133 WARN  - Local [UUID(4899ccda)]: Key/s [cpu, memory, time, disks] is/are not supported by backend. Unsupported attributes will not be part of job executions.
2018-09-02 10:59:56,134 WARN  - Local [UUID(4899ccda)]: Key/s [cpu, memory, time, disks] is/are not supported by backend. Unsupported attributes will not be part of job executions.
2018-09-02 10:59:56,134 WARN  - Local [UUID(4899ccda)]: Key/s [cpu, memory, time, disks] is/are not supported by backend. Unsupported attributes will not be part of job executions.
2018-09-02 10:59:56,134 WARN  - Local [UUID(4899ccda)]: Key/s [cpu, memory, time, disks] is/are not supported by backend. Unsupported attributes will not be part of job executions.
2018-09-02 10:59:56,134 WARN  - Local [UUID(4899ccda)]: Key/s [cpu, memory, time, disks] is/are not supported by backend. Unsupported attributes will not be part of job executions.
2018-09-02 10:59:56,134 WARN  - Local [UUID(4899ccda)]: Key/s [cpu, memory, time, disks] is/are not supported by backend. Unsupported attributes will not be part of job executions.
2018-09-02 10:59:56,134 WARN  - Local [UUID(4899ccda)]: Key/s [cpu, memory, time, disks] is/are not supported by backend. Unsupported attributes will not be part of job executions.
2018-09-02 10:59:58,426 INFO  - WorkflowExecutionActor-4899ccda-bf8f-42f9-b9f4-b53551c9161f [UUID(4899ccda)]: Starting atac.read_genome_tsv
2018-09-02 10:59:58,426 INFO  - WorkflowExecutionActor-4899ccda-bf8f-42f9-b9f4-b53551c9161f [UUID(4899ccda)]: Condition met: '!disable_xcor'. Running conditional section
2018-09-02 10:59:58,428 INFO  - WorkflowExecutionActor-4899ccda-bf8f-42f9-b9f4-b53551c9161f [UUID(4899ccda)]: Condition met: '!true_rep_only'. Running conditional section
2018-09-02 10:59:58,428 INFO  - WorkflowExecutionActor-4899ccda-bf8f-42f9-b9f4-b53551c9161f [UUID(4899ccda)]: Condition met: 'enable_idr'. Running conditional section
2018-09-02 10:59:58,428 INFO  - WorkflowExecutionActor-4899ccda-bf8f-42f9-b9f4-b53551c9161f [UUID(4899ccda)]: Condition met: '!align_only && !true_rep_only'. Running conditional section
2018-09-02 10:59:58,429 INFO  - WorkflowExecutionActor-4899ccda-bf8f-42f9-b9f4-b53551c9161f [UUID(4899ccda)]: Condition met: 'enable_idr'. Running conditional section
2018-09-02 10:59:58,429 INFO  - WorkflowExecutionActor-4899ccda-bf8f-42f9-b9f4-b53551c9161f [UUID(4899ccda)]: Condition met: '!align_only && !true_rep_only && enable_idr'. Running conditional section
2018-09-02 10:59:58,619 WARN  - BackgroundConfigAsyncJobExecutionActor [UUID(4899ccda)atac.read_genome_tsv:NA:1]: Unrecognized runtime attribute keys: disks, cpu, time, memory
2018-09-02 10:59:59,075 INFO  - BackgroundConfigAsyncJobExecutionActor [UUID(4899ccda)atac.read_genome_tsv:NA:1]: `cat /users/xli6/scripts/atacseq/atac_durga/cromwell-executions/atac/4899ccda-bf8f-42f9-b9f4-b53551c9161f/call-read_genome_tsv/inputs/879136058/rn6.tsv`
2018-09-02 10:59:59,136 INFO  - BackgroundConfigAsyncJobExecutionActor [UUID(4899ccda)atac.read_genome_tsv:NA:1]: executing: /bin/bash /users/xli6/scripts/atacseq/atac_durga/cromwell-executions/atac/4899ccda-bf8f-42f9-b9f4-b53551c9161f/call-read_genome_tsv/execution/script
2018-09-02 11:00:00,916 INFO  - BackgroundConfigAsyncJobExecutionActor [UUID(4899ccda)atac.read_genome_tsv:NA:1]: job id: 84105
2018-09-02 11:00:00,926 INFO  - BackgroundConfigAsyncJobExecutionActor [UUID(4899ccda)atac.read_genome_tsv:NA:1]: Status change from - to Done
2018-09-02 11:00:02,521 INFO  - WorkflowExecutionActor-4899ccda-bf8f-42f9-b9f4-b53551c9161f [UUID(4899ccda)]: Starting atac.trim_adapter
2018-09-02 11:00:03,535 WARN  - BackgroundConfigAsyncJobExecutionActor [UUID(4899ccda)atac.trim_adapter:0:1]: Unrecognized runtime attribute keys: disks, cpu, time, memory
2018-09-02 11:00:03,570 INFO  - BackgroundConfigAsyncJobExecutionActor [UUID(4899ccda)atac.trim_adapter:0:1]: `python $(which encode_trim_adapter.py) \
	/users/xli6/scripts/atacseq/atac_durga/cromwell-executions/atac/4899ccda-bf8f-42f9-b9f4-b53551c9161f/call-trim_adapter/shard-0/execution/write_tsv_ed771cbc1eaebcef050a951916a49ed9.tmp \
	--adapters /users/xli6/scripts/atacseq/atac_durga/cromwell-executions/atac/4899ccda-bf8f-42f9-b9f4-b53551c9161f/call-trim_adapter/shard-0/execution/write_tsv_d41d8cd98f00b204e9800998ecf8427e.tmp \
	--paired-end \
	--auto-detect-adapter \
	--min-trim-len 5 \
	--err-rate 0.1 \
	--nth 1`
2018-09-02 11:00:03,575 INFO  - BackgroundConfigAsyncJobExecutionActor [UUID(4899ccda)atac.trim_adapter:0:1]: executing: /bin/bash /users/xli6/scripts/atacseq/atac_durga/cromwell-executions/atac/4899ccda-bf8f-42f9-b9f4-b53551c9161f/call-trim_adapter/shard-0/execution/script
2018-09-02 11:00:05,894 INFO  - BackgroundConfigAsyncJobExecutionActor [UUID(4899ccda)atac.trim_adapter:0:1]: job id: 84466
2018-09-02 11:00:05,895 INFO  - BackgroundConfigAsyncJobExecutionActor [UUID(4899ccda)atac.trim_adapter:0:1]: Status change from - to WaitingForReturnCodeFile
2018-09-02 11:37:27,971 INFO  - BackgroundConfigAsyncJobExecutionActor [UUID(4899ccda)atac.trim_adapter:0:1]: Status change from WaitingForReturnCodeFile to Done
2018-09-02 11:37:29,572 INFO  - WorkflowExecutionActor-4899ccda-bf8f-42f9-b9f4-b53551c9161f [UUID(4899ccda)]: Starting atac.bowtie2
2018-09-02 11:37:30,517 WARN  - BackgroundConfigAsyncJobExecutionActor [UUID(4899ccda)atac.bowtie2:0:1]: Unrecognized runtime attribute keys: preemptible, disks, cpu, time, memory
2018-09-02 11:37:30,534 INFO  - BackgroundConfigAsyncJobExecutionActor [UUID(4899ccda)atac.bowtie2:0:1]: `python $(which encode_bowtie2.py) \
	/users/xli6/scripts/atacseq/atac_durga/cromwell-executions/atac/4899ccda-bf8f-42f9-b9f4-b53551c9161f/call-bowtie2/shard-0/inputs/-2142767566/rn6.fa.tar \
	/users/xli6/scripts/atacseq/atac_durga/cromwell-executions/atac/4899ccda-bf8f-42f9-b9f4-b53551c9161f/call-bowtie2/shard-0/inputs/-2106059324/merge_fastqs_R1_20180725-4-Liver-002-piece_S4_L001_R1_001.trim.merged.fastq.gz /users/xli6/scripts/atacseq/atac_durga/cromwell-executions/atac/4899ccda-bf8f-42f9-b9f4-b53551c9161f/call-bowtie2/shard-0/inputs/-2106059324/merge_fastqs_R2_20180725-4-Liver-002-piece_S4_L001_R2_001.trim.merged.fastq.gz \
	--paired-end \
	--multimapping 4 \
	 \
	--nth 2`
2018-09-02 11:37:30,549 INFO  - BackgroundConfigAsyncJobExecutionActor [UUID(4899ccda)atac.bowtie2:0:1]: executing: /bin/bash /users/xli6/scripts/atacseq/atac_durga/cromwell-executions/atac/4899ccda-bf8f-42f9-b9f4-b53551c9161f/call-bowtie2/shard-0/execution/script
2018-09-02 11:37:30,894 INFO  - BackgroundConfigAsyncJobExecutionActor [UUID(4899ccda)atac.bowtie2:0:1]: job id: 88113
2018-09-02 11:37:30,895 INFO  - BackgroundConfigAsyncJobExecutionActor [UUID(4899ccda)atac.bowtie2:0:1]: Status change from - to WaitingForReturnCodeFile
