2018-09-02 10:59:43,206 INFO  - MaterializeWorkflowDescriptorActor [UUID(6aa341ee)]: Parsing workflow as WDL draft-2
2018-09-02 10:59:53,532 INFO  - MaterializeWorkflowDescriptorActor [UUID(6aa341ee)]: Call-to-Backend assignments: atac.idr_ppr -> Local, atac.overlap -> Local, atac.macs2_ppr2 -> Local, atac.bam2ta -> Local, atac.macs2_ppr1 -> Local, atac.trim_adapter -> Local, atac.qc_report -> Local, atac.macs2_pooled -> Local, atac.pool_ta_pr1 -> Local, atac.read_genome_tsv -> Local, atac.overlap_ppr -> Local, atac.spr -> Local, atac.reproducibility_idr -> Local, atac.bowtie2 -> Local, atac.macs2_pr2 -> Local, atac.idr -> Local, atac.macs2_pr1 -> Local, atac.filter -> Local, atac.overlap_pr -> Local, atac.idr_pr -> Local, atac.macs2 -> Local, atac.pool_ta -> Local, atac.pool_ta_pr2 -> Local, atac.ataqc -> Local, atac.xcor -> Local, atac.reproducibility_overlap -> Local
2018-09-02 10:59:53,605 WARN  - Local [UUID(6aa341ee)]: Key/s [cpu, memory, time, disks] is/are not supported by backend. Unsupported attributes will not be part of job executions.
2018-09-02 10:59:53,606 WARN  - Local [UUID(6aa341ee)]: Key/s [cpu, memory, time, disks] is/are not supported by backend. Unsupported attributes will not be part of job executions.
2018-09-02 10:59:53,607 WARN  - Local [UUID(6aa341ee)]: Key/s [cpu, memory, time, disks] is/are not supported by backend. Unsupported attributes will not be part of job executions.
2018-09-02 10:59:53,607 WARN  - Local [UUID(6aa341ee)]: Key/s [cpu, memory, time, disks] is/are not supported by backend. Unsupported attributes will not be part of job executions.
2018-09-02 10:59:53,607 WARN  - Local [UUID(6aa341ee)]: Key/s [cpu, memory, time, disks] is/are not supported by backend. Unsupported attributes will not be part of job executions.
2018-09-02 10:59:53,607 WARN  - Local [UUID(6aa341ee)]: Key/s [cpu, memory, time, disks] is/are not supported by backend. Unsupported attributes will not be part of job executions.
2018-09-02 10:59:53,607 WARN  - Local [UUID(6aa341ee)]: Key/s [cpu, memory, time, disks] is/are not supported by backend. Unsupported attributes will not be part of job executions.
2018-09-02 10:59:53,607 WARN  - Local [UUID(6aa341ee)]: Key/s [cpu, memory, time, disks] is/are not supported by backend. Unsupported attributes will not be part of job executions.
2018-09-02 10:59:53,607 WARN  - Local [UUID(6aa341ee)]: Key/s [cpu, memory, time, disks] is/are not supported by backend. Unsupported attributes will not be part of job executions.
2018-09-02 10:59:53,607 WARN  - Local [UUID(6aa341ee)]: Key/s [cpu, memory, time, disks] is/are not supported by backend. Unsupported attributes will not be part of job executions.
2018-09-02 10:59:53,607 WARN  - Local [UUID(6aa341ee)]: Key/s [cpu, memory, time, disks] is/are not supported by backend. Unsupported attributes will not be part of job executions.
2018-09-02 10:59:53,607 WARN  - Local [UUID(6aa341ee)]: Key/s [cpu, memory, time, disks] is/are not supported by backend. Unsupported attributes will not be part of job executions.
2018-09-02 10:59:53,607 WARN  - Local [UUID(6aa341ee)]: Key/s [cpu, memory, time, disks] is/are not supported by backend. Unsupported attributes will not be part of job executions.
2018-09-02 10:59:53,608 WARN  - Local [UUID(6aa341ee)]: Key/s [preemptible, disks, cpu, time, memory] is/are not supported by backend. Unsupported attributes will not be part of job executions.
2018-09-02 10:59:53,608 WARN  - Local [UUID(6aa341ee)]: Key/s [cpu, memory, time, disks] is/are not supported by backend. Unsupported attributes will not be part of job executions.
2018-09-02 10:59:53,608 WARN  - Local [UUID(6aa341ee)]: Key/s [cpu, memory, time, disks] is/are not supported by backend. Unsupported attributes will not be part of job executions.
2018-09-02 10:59:53,608 WARN  - Local [UUID(6aa341ee)]: Key/s [cpu, memory, time, disks] is/are not supported by backend. Unsupported attributes will not be part of job executions.
2018-09-02 10:59:53,608 WARN  - Local [UUID(6aa341ee)]: Key/s [cpu, memory, time, disks] is/are not supported by backend. Unsupported attributes will not be part of job executions.
2018-09-02 10:59:53,608 WARN  - Local [UUID(6aa341ee)]: Key/s [cpu, memory, time, disks] is/are not supported by backend. Unsupported attributes will not be part of job executions.
2018-09-02 10:59:53,608 WARN  - Local [UUID(6aa341ee)]: Key/s [cpu, memory, time, disks] is/are not supported by backend. Unsupported attributes will not be part of job executions.
2018-09-02 10:59:53,608 WARN  - Local [UUID(6aa341ee)]: Key/s [cpu, memory, time, disks] is/are not supported by backend. Unsupported attributes will not be part of job executions.
2018-09-02 10:59:53,608 WARN  - Local [UUID(6aa341ee)]: Key/s [cpu, memory, time, disks] is/are not supported by backend. Unsupported attributes will not be part of job executions.
2018-09-02 10:59:53,608 WARN  - Local [UUID(6aa341ee)]: Key/s [cpu, memory, time, disks] is/are not supported by backend. Unsupported attributes will not be part of job executions.
2018-09-02 10:59:53,608 WARN  - Local [UUID(6aa341ee)]: Key/s [cpu, memory, time, disks] is/are not supported by backend. Unsupported attributes will not be part of job executions.
2018-09-02 10:59:53,608 WARN  - Local [UUID(6aa341ee)]: Key/s [cpu, memory, time, disks] is/are not supported by backend. Unsupported attributes will not be part of job executions.
2018-09-02 10:59:53,609 WARN  - Local [UUID(6aa341ee)]: Key/s [cpu, memory, time, disks] is/are not supported by backend. Unsupported attributes will not be part of job executions.
2018-09-02 10:59:55,934 INFO  - WorkflowExecutionActor-6aa341ee-ccd5-4bca-b7cb-3df44c1dbdd4 [UUID(6aa341ee)]: Starting atac.read_genome_tsv
2018-09-02 10:59:55,934 INFO  - WorkflowExecutionActor-6aa341ee-ccd5-4bca-b7cb-3df44c1dbdd4 [UUID(6aa341ee)]: Condition met: '!align_only && !true_rep_only && enable_idr'. Running conditional section
2018-09-02 10:59:55,936 INFO  - WorkflowExecutionActor-6aa341ee-ccd5-4bca-b7cb-3df44c1dbdd4 [UUID(6aa341ee)]: Condition met: 'enable_idr'. Running conditional section
2018-09-02 10:59:55,947 INFO  - WorkflowExecutionActor-6aa341ee-ccd5-4bca-b7cb-3df44c1dbdd4 [UUID(6aa341ee)]: Condition met: '!true_rep_only'. Running conditional section
2018-09-02 10:59:55,947 INFO  - WorkflowExecutionActor-6aa341ee-ccd5-4bca-b7cb-3df44c1dbdd4 [UUID(6aa341ee)]: Condition met: '!disable_xcor'. Running conditional section
2018-09-02 10:59:55,948 INFO  - WorkflowExecutionActor-6aa341ee-ccd5-4bca-b7cb-3df44c1dbdd4 [UUID(6aa341ee)]: Condition met: 'enable_idr'. Running conditional section
2018-09-02 10:59:55,948 INFO  - WorkflowExecutionActor-6aa341ee-ccd5-4bca-b7cb-3df44c1dbdd4 [UUID(6aa341ee)]: Condition met: '!align_only && !true_rep_only'. Running conditional section
2018-09-02 10:59:57,065 WARN  - BackgroundConfigAsyncJobExecutionActor [UUID(6aa341ee)atac.read_genome_tsv:NA:1]: Unrecognized runtime attribute keys: disks, cpu, time, memory
2018-09-02 10:59:57,608 INFO  - BackgroundConfigAsyncJobExecutionActor [UUID(6aa341ee)atac.read_genome_tsv:NA:1]: `cat /users/xli6/scripts/atacseq/atac_durga/cromwell-executions/atac/6aa341ee-ccd5-4bca-b7cb-3df44c1dbdd4/call-read_genome_tsv/inputs/879136058/rn6.tsv`
2018-09-02 10:59:57,649 INFO  - BackgroundConfigAsyncJobExecutionActor [UUID(6aa341ee)atac.read_genome_tsv:NA:1]: executing: /bin/bash /users/xli6/scripts/atacseq/atac_durga/cromwell-executions/atac/6aa341ee-ccd5-4bca-b7cb-3df44c1dbdd4/call-read_genome_tsv/execution/script
2018-09-02 11:00:00,044 INFO  - WorkflowExecutionActor-6aa341ee-ccd5-4bca-b7cb-3df44c1dbdd4 [UUID(6aa341ee)]: Starting atac.trim_adapter
2018-09-02 11:00:00,940 WARN  - BackgroundConfigAsyncJobExecutionActor [UUID(6aa341ee)atac.trim_adapter:0:1]: Unrecognized runtime attribute keys: disks, cpu, time, memory
2018-09-02 11:00:00,993 INFO  - BackgroundConfigAsyncJobExecutionActor [UUID(6aa341ee)atac.trim_adapter:0:1]: `python $(which encode_trim_adapter.py) \
	/users/xli6/scripts/atacseq/atac_durga/cromwell-executions/atac/6aa341ee-ccd5-4bca-b7cb-3df44c1dbdd4/call-trim_adapter/shard-0/execution/write_tsv_3aa9246e36cdb81d9e06764de7564879.tmp \
	--adapters /users/xli6/scripts/atacseq/atac_durga/cromwell-executions/atac/6aa341ee-ccd5-4bca-b7cb-3df44c1dbdd4/call-trim_adapter/shard-0/execution/write_tsv_d41d8cd98f00b204e9800998ecf8427e.tmp \
	--paired-end \
	--auto-detect-adapter \
	--min-trim-len 5 \
	--err-rate 0.1 \
	--nth 1`
2018-09-02 11:00:00,999 INFO  - BackgroundConfigAsyncJobExecutionActor [UUID(6aa341ee)atac.trim_adapter:0:1]: executing: /bin/bash /users/xli6/scripts/atacseq/atac_durga/cromwell-executions/atac/6aa341ee-ccd5-4bca-b7cb-3df44c1dbdd4/call-trim_adapter/shard-0/execution/script
2018-09-02 11:00:01,172 INFO  - BackgroundConfigAsyncJobExecutionActor [UUID(6aa341ee)atac.read_genome_tsv:NA:1]: job id: 83824
2018-09-02 11:00:01,172 INFO  - BackgroundConfigAsyncJobExecutionActor [UUID(6aa341ee)atac.trim_adapter:0:1]: job id: 84186
2018-09-02 11:00:01,176 INFO  - BackgroundConfigAsyncJobExecutionActor [UUID(6aa341ee)atac.trim_adapter:0:1]: Status change from - to WaitingForReturnCodeFile
2018-09-02 11:00:01,176 INFO  - BackgroundConfigAsyncJobExecutionActor [UUID(6aa341ee)atac.read_genome_tsv:NA:1]: Status change from - to Done
2018-09-02 11:19:12,313 INFO  - BackgroundConfigAsyncJobExecutionActor [UUID(6aa341ee)atac.trim_adapter:0:1]: Status change from WaitingForReturnCodeFile to Done
2018-09-02 11:19:13,663 INFO  - WorkflowExecutionActor-6aa341ee-ccd5-4bca-b7cb-3df44c1dbdd4 [UUID(6aa341ee)]: Starting atac.bowtie2
2018-09-02 11:19:13,930 WARN  - BackgroundConfigAsyncJobExecutionActor [UUID(6aa341ee)atac.bowtie2:0:1]: Unrecognized runtime attribute keys: preemptible, disks, cpu, time, memory
2018-09-02 11:19:13,944 INFO  - BackgroundConfigAsyncJobExecutionActor [UUID(6aa341ee)atac.bowtie2:0:1]: `python $(which encode_bowtie2.py) \
	/users/xli6/scripts/atacseq/atac_durga/cromwell-executions/atac/6aa341ee-ccd5-4bca-b7cb-3df44c1dbdd4/call-bowtie2/shard-0/inputs/-2142767566/rn6.fa.tar \
	/users/xli6/scripts/atacseq/atac_durga/cromwell-executions/atac/6aa341ee-ccd5-4bca-b7cb-3df44c1dbdd4/call-bowtie2/shard-0/inputs/-693634596/merge_fastqs_R1_20180725-3-Gastroc-002-powder_S3_L001_R1_001.trim.merged.fastq.gz /users/xli6/scripts/atacseq/atac_durga/cromwell-executions/atac/6aa341ee-ccd5-4bca-b7cb-3df44c1dbdd4/call-bowtie2/shard-0/inputs/-693634596/merge_fastqs_R2_20180725-3-Gastroc-002-powder_S3_L001_R2_001.trim.merged.fastq.gz \
	--paired-end \
	--multimapping 4 \
	 \
	--nth 2`
2018-09-02 11:19:13,954 INFO  - BackgroundConfigAsyncJobExecutionActor [UUID(6aa341ee)atac.bowtie2:0:1]: executing: /bin/bash /users/xli6/scripts/atacseq/atac_durga/cromwell-executions/atac/6aa341ee-ccd5-4bca-b7cb-3df44c1dbdd4/call-bowtie2/shard-0/execution/script
2018-09-02 11:19:16,155 INFO  - BackgroundConfigAsyncJobExecutionActor [UUID(6aa341ee)atac.bowtie2:0:1]: job id: 86974
2018-09-02 11:19:16,156 INFO  - BackgroundConfigAsyncJobExecutionActor [UUID(6aa341ee)atac.bowtie2:0:1]: Status change from - to WaitingForReturnCodeFile
