2018-09-01 14:35:40,895 INFO  - MaterializeWorkflowDescriptorActor [UUID(b6f07c3f)]: Parsing workflow as WDL draft-2
2018-09-01 14:36:01,373 INFO  - MaterializeWorkflowDescriptorActor [UUID(b6f07c3f)]: Call-to-Backend assignments: atac.pool_ta_pr2 -> Local, atac.macs2_pooled -> Local, atac.trim_adapter -> Local, atac.overlap_pr -> Local, atac.qc_report -> Local, atac.macs2 -> Local, atac.idr_pr -> Local, atac.idr -> Local, atac.overlap_ppr -> Local, atac.bam2ta -> Local, atac.pool_ta -> Local, atac.filter -> Local, atac.spr -> Local, atac.reproducibility_overlap -> Local, atac.xcor -> Local, atac.reproducibility_idr -> Local, atac.bowtie2 -> Local, atac.macs2_pr1 -> Local, atac.ataqc -> Local, atac.macs2_ppr1 -> Local, atac.macs2_pr2 -> Local, atac.idr_ppr -> Local, atac.overlap -> Local, atac.pool_ta_pr1 -> Local, atac.read_genome_tsv -> Local, atac.macs2_ppr2 -> Local
2018-09-01 14:36:01,566 WARN  - Local [UUID(b6f07c3f)]: Key/s [cpu, memory, time, disks] is/are not supported by backend. Unsupported attributes will not be part of job executions.
2018-09-01 14:36:01,567 WARN  - Local [UUID(b6f07c3f)]: Key/s [cpu, memory, time, disks] is/are not supported by backend. Unsupported attributes will not be part of job executions.
2018-09-01 14:36:01,567 WARN  - Local [UUID(b6f07c3f)]: Key/s [cpu, memory, time, disks] is/are not supported by backend. Unsupported attributes will not be part of job executions.
2018-09-01 14:36:01,567 WARN  - Local [UUID(b6f07c3f)]: Key/s [cpu, memory, time, disks] is/are not supported by backend. Unsupported attributes will not be part of job executions.
2018-09-01 14:36:01,568 WARN  - Local [UUID(b6f07c3f)]: Key/s [cpu, memory, time, disks] is/are not supported by backend. Unsupported attributes will not be part of job executions.
2018-09-01 14:36:01,568 WARN  - Local [UUID(b6f07c3f)]: Key/s [cpu, memory, time, disks] is/are not supported by backend. Unsupported attributes will not be part of job executions.
2018-09-01 14:36:01,568 WARN  - Local [UUID(b6f07c3f)]: Key/s [cpu, memory, time, disks] is/are not supported by backend. Unsupported attributes will not be part of job executions.
2018-09-01 14:36:01,568 WARN  - Local [UUID(b6f07c3f)]: Key/s [cpu, memory, time, disks] is/are not supported by backend. Unsupported attributes will not be part of job executions.
2018-09-01 14:36:01,568 WARN  - Local [UUID(b6f07c3f)]: Key/s [cpu, memory, time, disks] is/are not supported by backend. Unsupported attributes will not be part of job executions.
2018-09-01 14:36:01,568 WARN  - Local [UUID(b6f07c3f)]: Key/s [cpu, memory, time, disks] is/are not supported by backend. Unsupported attributes will not be part of job executions.
2018-09-01 14:36:01,568 WARN  - Local [UUID(b6f07c3f)]: Key/s [cpu, memory, time, disks] is/are not supported by backend. Unsupported attributes will not be part of job executions.
2018-09-01 14:36:01,568 WARN  - Local [UUID(b6f07c3f)]: Key/s [cpu, memory, time, disks] is/are not supported by backend. Unsupported attributes will not be part of job executions.
2018-09-01 14:36:01,568 WARN  - Local [UUID(b6f07c3f)]: Key/s [cpu, memory, time, disks] is/are not supported by backend. Unsupported attributes will not be part of job executions.
2018-09-01 14:36:01,569 WARN  - Local [UUID(b6f07c3f)]: Key/s [cpu, memory, time, disks] is/are not supported by backend. Unsupported attributes will not be part of job executions.
2018-09-01 14:36:01,644 WARN  - Local [UUID(b6f07c3f)]: Key/s [cpu, memory, time, disks] is/are not supported by backend. Unsupported attributes will not be part of job executions.
2018-09-01 14:36:01,644 WARN  - Local [UUID(b6f07c3f)]: Key/s [cpu, memory, time, disks] is/are not supported by backend. Unsupported attributes will not be part of job executions.
2018-09-01 14:36:01,645 WARN  - Local [UUID(b6f07c3f)]: Key/s [preemptible, disks, cpu, time, memory] is/are not supported by backend. Unsupported attributes will not be part of job executions.
2018-09-01 14:36:01,645 WARN  - Local [UUID(b6f07c3f)]: Key/s [cpu, memory, time, disks] is/are not supported by backend. Unsupported attributes will not be part of job executions.
2018-09-01 14:36:01,645 WARN  - Local [UUID(b6f07c3f)]: Key/s [cpu, memory, time, disks] is/are not supported by backend. Unsupported attributes will not be part of job executions.
2018-09-01 14:36:01,648 WARN  - Local [UUID(b6f07c3f)]: Key/s [cpu, memory, time, disks] is/are not supported by backend. Unsupported attributes will not be part of job executions.
2018-09-01 14:36:01,648 WARN  - Local [UUID(b6f07c3f)]: Key/s [cpu, memory, time, disks] is/are not supported by backend. Unsupported attributes will not be part of job executions.
2018-09-01 14:36:01,648 WARN  - Local [UUID(b6f07c3f)]: Key/s [cpu, memory, time, disks] is/are not supported by backend. Unsupported attributes will not be part of job executions.
2018-09-01 14:36:01,648 WARN  - Local [UUID(b6f07c3f)]: Key/s [cpu, memory, time, disks] is/are not supported by backend. Unsupported attributes will not be part of job executions.
2018-09-01 14:36:01,649 WARN  - Local [UUID(b6f07c3f)]: Key/s [cpu, memory, time, disks] is/are not supported by backend. Unsupported attributes will not be part of job executions.
2018-09-01 14:36:01,649 WARN  - Local [UUID(b6f07c3f)]: Key/s [cpu, memory, time, disks] is/are not supported by backend. Unsupported attributes will not be part of job executions.
2018-09-01 14:36:01,649 WARN  - Local [UUID(b6f07c3f)]: Key/s [cpu, memory, time, disks] is/are not supported by backend. Unsupported attributes will not be part of job executions.
2018-09-01 14:36:04,315 INFO  - WorkflowExecutionActor-b6f07c3f-7693-4755-afef-ae0f864266c8 [UUID(b6f07c3f)]: Starting atac.read_genome_tsv
2018-09-01 14:36:04,316 INFO  - WorkflowExecutionActor-b6f07c3f-7693-4755-afef-ae0f864266c8 [UUID(b6f07c3f)]: Condition met: '!align_only && !true_rep_only'. Running conditional section
2018-09-01 14:36:04,319 INFO  - WorkflowExecutionActor-b6f07c3f-7693-4755-afef-ae0f864266c8 [UUID(b6f07c3f)]: Condition met: '!true_rep_only'. Running conditional section
2018-09-01 14:36:04,321 INFO  - WorkflowExecutionActor-b6f07c3f-7693-4755-afef-ae0f864266c8 [UUID(b6f07c3f)]: Condition met: '!disable_xcor'. Running conditional section
2018-09-01 14:36:04,321 INFO  - WorkflowExecutionActor-b6f07c3f-7693-4755-afef-ae0f864266c8 [UUID(b6f07c3f)]: Condition met: 'enable_idr'. Running conditional section
2018-09-01 14:36:04,335 INFO  - WorkflowExecutionActor-b6f07c3f-7693-4755-afef-ae0f864266c8 [UUID(b6f07c3f)]: Condition met: 'enable_idr'. Running conditional section
2018-09-01 14:36:04,335 INFO  - WorkflowExecutionActor-b6f07c3f-7693-4755-afef-ae0f864266c8 [UUID(b6f07c3f)]: Condition met: '!align_only && !true_rep_only && enable_idr'. Running conditional section
2018-09-01 14:36:04,753 WARN  - BackgroundConfigAsyncJobExecutionActor [UUID(b6f07c3f)atac.read_genome_tsv:NA:1]: Unrecognized runtime attribute keys: disks, cpu, time, memory
2018-09-01 14:36:06,280 INFO  - BackgroundConfigAsyncJobExecutionActor [UUID(b6f07c3f)atac.read_genome_tsv:NA:1]: `cat /users/xli6/scripts/atacseq/atac_durga/cromwell-executions/atac/b6f07c3f-7693-4755-afef-ae0f864266c8/call-read_genome_tsv/inputs/1482462591/Rnor6.tsv`
2018-09-01 14:36:06,339 INFO  - BackgroundConfigAsyncJobExecutionActor [UUID(b6f07c3f)atac.read_genome_tsv:NA:1]: executing: /bin/bash /users/xli6/scripts/atacseq/atac_durga/cromwell-executions/atac/b6f07c3f-7693-4755-afef-ae0f864266c8/call-read_genome_tsv/execution/script
2018-09-01 14:36:08,564 INFO  - BackgroundConfigAsyncJobExecutionActor [UUID(b6f07c3f)atac.read_genome_tsv:NA:1]: job id: 37956
2018-09-01 14:36:08,571 INFO  - BackgroundConfigAsyncJobExecutionActor [UUID(b6f07c3f)atac.read_genome_tsv:NA:1]: Status change from - to Done
2018-09-01 14:36:09,101 INFO  - WorkflowExecutionActor-b6f07c3f-7693-4755-afef-ae0f864266c8 [UUID(b6f07c3f)]: Starting atac.trim_adapter
2018-09-01 14:36:09,552 WARN  - BackgroundConfigAsyncJobExecutionActor [UUID(b6f07c3f)atac.trim_adapter:0:1]: Unrecognized runtime attribute keys: disks, cpu, time, memory
2018-09-01 14:36:09,582 INFO  - BackgroundConfigAsyncJobExecutionActor [UUID(b6f07c3f)atac.trim_adapter:0:1]: `python $(which encode_trim_adapter.py) \
	/users/xli6/scripts/atacseq/atac_durga/cromwell-executions/atac/b6f07c3f-7693-4755-afef-ae0f864266c8/call-trim_adapter/shard-0/execution/write_tsv_bcfe63ced1b621321cae7263580cde53.tmp \
	--adapters /users/xli6/scripts/atacseq/atac_durga/cromwell-executions/atac/b6f07c3f-7693-4755-afef-ae0f864266c8/call-trim_adapter/shard-0/execution/write_tsv_d41d8cd98f00b204e9800998ecf8427e.tmp \
	--paired-end \
	--auto-detect-adapter \
	--min-trim-len 5 \
	--err-rate 0.1 \
	--nth 1`
2018-09-01 14:36:09,587 INFO  - BackgroundConfigAsyncJobExecutionActor [UUID(b6f07c3f)atac.trim_adapter:0:1]: executing: /bin/bash /users/xli6/scripts/atacseq/atac_durga/cromwell-executions/atac/b6f07c3f-7693-4755-afef-ae0f864266c8/call-trim_adapter/shard-0/execution/script
2018-09-01 14:36:13,499 INFO  - BackgroundConfigAsyncJobExecutionActor [UUID(b6f07c3f)atac.trim_adapter:0:1]: job id: 38226
2018-09-01 14:36:13,501 INFO  - BackgroundConfigAsyncJobExecutionActor [UUID(b6f07c3f)atac.trim_adapter:0:1]: Status change from - to WaitingForReturnCodeFile
2018-09-01 15:18:09,921 INFO  - BackgroundConfigAsyncJobExecutionActor [UUID(b6f07c3f)atac.trim_adapter:0:1]: Status change from WaitingForReturnCodeFile to Done
2018-09-01 15:18:11,541 INFO  - WorkflowExecutionActor-b6f07c3f-7693-4755-afef-ae0f864266c8 [UUID(b6f07c3f)]: Starting atac.bowtie2
2018-09-01 15:18:12,546 WARN  - BackgroundConfigAsyncJobExecutionActor [UUID(b6f07c3f)atac.bowtie2:0:1]: Unrecognized runtime attribute keys: preemptible, disks, cpu, time, memory
2018-09-01 15:18:12,556 INFO  - BackgroundConfigAsyncJobExecutionActor [UUID(b6f07c3f)atac.bowtie2:0:1]: `python $(which encode_bowtie2.py) \
	/users/xli6/scripts/atacseq/atac_durga/cromwell-executions/atac/b6f07c3f-7693-4755-afef-ae0f864266c8/call-bowtie2/shard-0/inputs/1039591591/Rattus_norvegicus.Rnor_6.0.dna.toplevel.fa.tar \
	/users/xli6/scripts/atacseq/atac_durga/cromwell-executions/atac/b6f07c3f-7693-4755-afef-ae0f864266c8/call-bowtie2/shard-0/inputs/-2039485260/merge_fastqs_R1_20180720-5-muscle-frozen_S15_L001_R1_001.trim.merged.fastq.gz /users/xli6/scripts/atacseq/atac_durga/cromwell-executions/atac/b6f07c3f-7693-4755-afef-ae0f864266c8/call-bowtie2/shard-0/inputs/-2039485260/merge_fastqs_R2_20180720-5-muscle-frozen_S15_L001_R2_001.trim.merged.fastq.gz \
	--paired-end \
	--multimapping 4 \
	 \
	--nth 2`
2018-09-01 15:18:12,564 INFO  - BackgroundConfigAsyncJobExecutionActor [UUID(b6f07c3f)atac.bowtie2:0:1]: executing: /bin/bash /users/xli6/scripts/atacseq/atac_durga/cromwell-executions/atac/b6f07c3f-7693-4755-afef-ae0f864266c8/call-bowtie2/shard-0/execution/script
2018-09-01 15:18:13,484 INFO  - BackgroundConfigAsyncJobExecutionActor [UUID(b6f07c3f)atac.bowtie2:0:1]: job id: 43595
2018-09-01 15:18:13,485 INFO  - BackgroundConfigAsyncJobExecutionActor [UUID(b6f07c3f)atac.bowtie2:0:1]: Status change from - to WaitingForReturnCodeFile
