2018-09-02 10:59:43,092 INFO  - MaterializeWorkflowDescriptorActor [UUID(92af6600)]: Parsing workflow as WDL draft-2
2018-09-02 10:59:58,220 INFO  - MaterializeWorkflowDescriptorActor [UUID(92af6600)]: Call-to-Backend assignments: atac.macs2 -> Local, atac.trim_adapter -> Local, atac.filter -> Local, atac.macs2_pooled -> Local, atac.spr -> Local, atac.overlap -> Local, atac.pool_ta -> Local, atac.qc_report -> Local, atac.bowtie2 -> Local, atac.macs2_ppr1 -> Local, atac.macs2_ppr2 -> Local, atac.overlap_pr -> Local, atac.overlap_ppr -> Local, atac.ataqc -> Local, atac.idr_pr -> Local, atac.pool_ta_pr2 -> Local, atac.macs2_pr2 -> Local, atac.idr_ppr -> Local, atac.xcor -> Local, atac.macs2_pr1 -> Local, atac.read_genome_tsv -> Local, atac.idr -> Local, atac.pool_ta_pr1 -> Local, atac.reproducibility_overlap -> Local, atac.reproducibility_idr -> Local, atac.bam2ta -> Local
2018-09-02 10:59:58,295 WARN  - Local [UUID(92af6600)]: Key/s [cpu, memory, time, disks] is/are not supported by backend. Unsupported attributes will not be part of job executions.
2018-09-02 10:59:58,296 WARN  - Local [UUID(92af6600)]: Key/s [cpu, memory, time, disks] is/are not supported by backend. Unsupported attributes will not be part of job executions.
2018-09-02 10:59:58,297 WARN  - Local [UUID(92af6600)]: Key/s [cpu, memory, time, disks] is/are not supported by backend. Unsupported attributes will not be part of job executions.
2018-09-02 10:59:58,297 WARN  - Local [UUID(92af6600)]: Key/s [cpu, memory, time, disks] is/are not supported by backend. Unsupported attributes will not be part of job executions.
2018-09-02 10:59:58,297 WARN  - Local [UUID(92af6600)]: Key/s [cpu, memory, time, disks] is/are not supported by backend. Unsupported attributes will not be part of job executions.
2018-09-02 10:59:58,297 WARN  - Local [UUID(92af6600)]: Key/s [cpu, memory, time, disks] is/are not supported by backend. Unsupported attributes will not be part of job executions.
2018-09-02 10:59:58,297 WARN  - Local [UUID(92af6600)]: Key/s [cpu, memory, time, disks] is/are not supported by backend. Unsupported attributes will not be part of job executions.
2018-09-02 10:59:58,297 WARN  - Local [UUID(92af6600)]: Key/s [cpu, memory, time, disks] is/are not supported by backend. Unsupported attributes will not be part of job executions.
2018-09-02 10:59:58,297 WARN  - Local [UUID(92af6600)]: Key/s [preemptible, disks, cpu, time, memory] is/are not supported by backend. Unsupported attributes will not be part of job executions.
2018-09-02 10:59:58,297 WARN  - Local [UUID(92af6600)]: Key/s [cpu, memory, time, disks] is/are not supported by backend. Unsupported attributes will not be part of job executions.
2018-09-02 10:59:58,297 WARN  - Local [UUID(92af6600)]: Key/s [cpu, memory, time, disks] is/are not supported by backend. Unsupported attributes will not be part of job executions.
2018-09-02 10:59:58,297 WARN  - Local [UUID(92af6600)]: Key/s [cpu, memory, time, disks] is/are not supported by backend. Unsupported attributes will not be part of job executions.
2018-09-02 10:59:58,298 WARN  - Local [UUID(92af6600)]: Key/s [cpu, memory, time, disks] is/are not supported by backend. Unsupported attributes will not be part of job executions.
2018-09-02 10:59:58,298 WARN  - Local [UUID(92af6600)]: Key/s [cpu, memory, time, disks] is/are not supported by backend. Unsupported attributes will not be part of job executions.
2018-09-02 10:59:58,298 WARN  - Local [UUID(92af6600)]: Key/s [cpu, memory, time, disks] is/are not supported by backend. Unsupported attributes will not be part of job executions.
2018-09-02 10:59:58,298 WARN  - Local [UUID(92af6600)]: Key/s [cpu, memory, time, disks] is/are not supported by backend. Unsupported attributes will not be part of job executions.
2018-09-02 10:59:58,298 WARN  - Local [UUID(92af6600)]: Key/s [cpu, memory, time, disks] is/are not supported by backend. Unsupported attributes will not be part of job executions.
2018-09-02 10:59:58,298 WARN  - Local [UUID(92af6600)]: Key/s [cpu, memory, time, disks] is/are not supported by backend. Unsupported attributes will not be part of job executions.
2018-09-02 10:59:58,298 WARN  - Local [UUID(92af6600)]: Key/s [cpu, memory, time, disks] is/are not supported by backend. Unsupported attributes will not be part of job executions.
2018-09-02 10:59:58,298 WARN  - Local [UUID(92af6600)]: Key/s [cpu, memory, time, disks] is/are not supported by backend. Unsupported attributes will not be part of job executions.
2018-09-02 10:59:58,298 WARN  - Local [UUID(92af6600)]: Key/s [cpu, memory, time, disks] is/are not supported by backend. Unsupported attributes will not be part of job executions.
2018-09-02 10:59:58,298 WARN  - Local [UUID(92af6600)]: Key/s [cpu, memory, time, disks] is/are not supported by backend. Unsupported attributes will not be part of job executions.
2018-09-02 10:59:58,299 WARN  - Local [UUID(92af6600)]: Key/s [cpu, memory, time, disks] is/are not supported by backend. Unsupported attributes will not be part of job executions.
2018-09-02 10:59:58,299 WARN  - Local [UUID(92af6600)]: Key/s [cpu, memory, time, disks] is/are not supported by backend. Unsupported attributes will not be part of job executions.
2018-09-02 10:59:58,299 WARN  - Local [UUID(92af6600)]: Key/s [cpu, memory, time, disks] is/are not supported by backend. Unsupported attributes will not be part of job executions.
2018-09-02 10:59:58,299 WARN  - Local [UUID(92af6600)]: Key/s [cpu, memory, time, disks] is/are not supported by backend. Unsupported attributes will not be part of job executions.
2018-09-02 11:00:00,580 INFO  - WorkflowExecutionActor-92af6600-6ee9-4e38-92f4-8902d7f1877a [UUID(92af6600)]: Starting atac.read_genome_tsv
2018-09-02 11:00:00,582 INFO  - WorkflowExecutionActor-92af6600-6ee9-4e38-92f4-8902d7f1877a [UUID(92af6600)]: Condition met: '!true_rep_only'. Running conditional section
2018-09-02 11:00:00,594 INFO  - WorkflowExecutionActor-92af6600-6ee9-4e38-92f4-8902d7f1877a [UUID(92af6600)]: Condition met: '!disable_xcor'. Running conditional section
2018-09-02 11:00:00,594 INFO  - WorkflowExecutionActor-92af6600-6ee9-4e38-92f4-8902d7f1877a [UUID(92af6600)]: Condition met: 'enable_idr'. Running conditional section
2018-09-02 11:00:00,594 INFO  - WorkflowExecutionActor-92af6600-6ee9-4e38-92f4-8902d7f1877a [UUID(92af6600)]: Condition met: '!align_only && !true_rep_only && enable_idr'. Running conditional section
2018-09-02 11:00:00,594 INFO  - WorkflowExecutionActor-92af6600-6ee9-4e38-92f4-8902d7f1877a [UUID(92af6600)]: Condition met: 'enable_idr'. Running conditional section
2018-09-02 11:00:00,595 INFO  - WorkflowExecutionActor-92af6600-6ee9-4e38-92f4-8902d7f1877a [UUID(92af6600)]: Condition met: '!align_only && !true_rep_only'. Running conditional section
2018-09-02 11:00:00,856 WARN  - BackgroundConfigAsyncJobExecutionActor [UUID(92af6600)atac.read_genome_tsv:NA:1]: Unrecognized runtime attribute keys: disks, cpu, time, memory
2018-09-02 11:00:01,523 INFO  - BackgroundConfigAsyncJobExecutionActor [UUID(92af6600)atac.read_genome_tsv:NA:1]: `cat /users/xli6/scripts/atacseq/atac_durga/cromwell-executions/atac/92af6600-6ee9-4e38-92f4-8902d7f1877a/call-read_genome_tsv/inputs/879136058/rn6.tsv`
2018-09-02 11:00:01,579 INFO  - BackgroundConfigAsyncJobExecutionActor [UUID(92af6600)atac.read_genome_tsv:NA:1]: executing: /bin/bash /users/xli6/scripts/atacseq/atac_durga/cromwell-executions/atac/92af6600-6ee9-4e38-92f4-8902d7f1877a/call-read_genome_tsv/execution/script
2018-09-02 11:00:04,690 INFO  - WorkflowExecutionActor-92af6600-6ee9-4e38-92f4-8902d7f1877a [UUID(92af6600)]: Starting atac.trim_adapter
2018-09-02 11:00:04,759 WARN  - BackgroundConfigAsyncJobExecutionActor [UUID(92af6600)atac.trim_adapter:0:1]: Unrecognized runtime attribute keys: disks, cpu, time, memory
2018-09-02 11:00:04,797 INFO  - BackgroundConfigAsyncJobExecutionActor [UUID(92af6600)atac.trim_adapter:0:1]: `python $(which encode_trim_adapter.py) \
	/users/xli6/scripts/atacseq/atac_durga/cromwell-executions/atac/92af6600-6ee9-4e38-92f4-8902d7f1877a/call-trim_adapter/shard-0/execution/write_tsv_99fdf6b835f8062a49ee7953ac34ed1c.tmp \
	--adapters /users/xli6/scripts/atacseq/atac_durga/cromwell-executions/atac/92af6600-6ee9-4e38-92f4-8902d7f1877a/call-trim_adapter/shard-0/execution/write_tsv_d41d8cd98f00b204e9800998ecf8427e.tmp \
	--paired-end \
	--auto-detect-adapter \
	--min-trim-len 5 \
	--err-rate 0.1 \
	--nth 1`
2018-09-02 11:00:04,802 INFO  - BackgroundConfigAsyncJobExecutionActor [UUID(92af6600)atac.trim_adapter:0:1]: executing: /bin/bash /users/xli6/scripts/atacseq/atac_durga/cromwell-executions/atac/92af6600-6ee9-4e38-92f4-8902d7f1877a/call-trim_adapter/shard-0/execution/script
2018-09-02 11:00:06,140 INFO  - BackgroundConfigAsyncJobExecutionActor [UUID(92af6600)atac.trim_adapter:0:1]: job id: 84556
2018-09-02 11:00:06,140 INFO  - BackgroundConfigAsyncJobExecutionActor [UUID(92af6600)atac.read_genome_tsv:NA:1]: job id: 84331
2018-09-02 11:00:06,144 INFO  - BackgroundConfigAsyncJobExecutionActor [UUID(92af6600)atac.read_genome_tsv:NA:1]: Status change from - to Done
2018-09-02 11:00:06,144 INFO  - BackgroundConfigAsyncJobExecutionActor [UUID(92af6600)atac.trim_adapter:0:1]: Status change from - to WaitingForReturnCodeFile
2018-09-02 11:37:31,318 INFO  - BackgroundConfigAsyncJobExecutionActor [UUID(92af6600)atac.trim_adapter:0:1]: Status change from WaitingForReturnCodeFile to Done
2018-09-02 11:37:32,749 INFO  - WorkflowExecutionActor-92af6600-6ee9-4e38-92f4-8902d7f1877a [UUID(92af6600)]: Starting atac.bowtie2
2018-09-02 11:37:33,755 WARN  - BackgroundConfigAsyncJobExecutionActor [UUID(92af6600)atac.bowtie2:0:1]: Unrecognized runtime attribute keys: preemptible, disks, cpu, time, memory
2018-09-02 11:37:33,766 INFO  - BackgroundConfigAsyncJobExecutionActor [UUID(92af6600)atac.bowtie2:0:1]: `python $(which encode_bowtie2.py) \
	/users/xli6/scripts/atacseq/atac_durga/cromwell-executions/atac/92af6600-6ee9-4e38-92f4-8902d7f1877a/call-bowtie2/shard-0/inputs/-2142767566/rn6.fa.tar \
	/users/xli6/scripts/atacseq/atac_durga/cromwell-executions/atac/92af6600-6ee9-4e38-92f4-8902d7f1877a/call-bowtie2/shard-0/inputs/1437553244/merge_fastqs_R1_20180731-8-Liver-001-powder_S8_L001_R1_001.trim.merged.fastq.gz /users/xli6/scripts/atacseq/atac_durga/cromwell-executions/atac/92af6600-6ee9-4e38-92f4-8902d7f1877a/call-bowtie2/shard-0/inputs/1437553244/merge_fastqs_R2_20180731-8-Liver-001-powder_S8_L001_R2_001.trim.merged.fastq.gz \
	--paired-end \
	--multimapping 4 \
	 \
	--nth 2`
2018-09-02 11:37:33,776 INFO  - BackgroundConfigAsyncJobExecutionActor [UUID(92af6600)atac.bowtie2:0:1]: executing: /bin/bash /users/xli6/scripts/atacseq/atac_durga/cromwell-executions/atac/92af6600-6ee9-4e38-92f4-8902d7f1877a/call-bowtie2/shard-0/execution/script
2018-09-02 11:37:36,123 INFO  - BackgroundConfigAsyncJobExecutionActor [UUID(92af6600)atac.bowtie2:0:1]: job id: 88127
2018-09-02 11:37:36,125 INFO  - BackgroundConfigAsyncJobExecutionActor [UUID(92af6600)atac.bowtie2:0:1]: Status change from - to WaitingForReturnCodeFile
